[ 2018-04-18T09:26:28+08:00 ] ::1 /zws/index.php/Home/Login/css/style1.css
ERR: 非法操作:css

[ 2018-04-18T10:04:13+08:00 ] ::1 /zws/index.php/Home/Login/verify
ERR: 非法操作:verify

[ 2018-04-18T10:09:25+08:00 ] ::1 /zws/index.php/Home/Login/verify
ERR: 非法操作:verify

[ 2018-04-18T10:09:59+08:00 ] ::1 /zws/index.php/Home/Login/verify
ERR: 非法操作:verify

[ 2018-04-18T10:10:47+08:00 ] ::1 /zws/index.php/Home/Login/verify
ERR: 非法操作:verify

[ 2018-04-18T10:46:03+08:00 ] ::1 /zws/index.php/Home/Login/%7BU('Home/Login/do_register)%7D
ERR: 非法操作:{U('Home

[ 2018-04-18T10:47:47+08:00 ] ::1 /zws/index.php/Home/Login/do_register
ERR: 1146:Table 'zwsshop.zws_users' doesn't exist
 [ SQL语句 ] : SHOW COLUMNS FROM `zws_users`

[ 2018-04-18T10:55:56+08:00 ] ::1 /zws/index.php/Home/Login/do_register
ERR: 1146:Table 'zwsshop.zws_users' doesn't exist
 [ SQL语句 ] : SHOW COLUMNS FROM `zws_users`

[ 2018-04-18T11:01:14+08:00 ] ::1 /zws/index.php/Home/Login/do_register
ERR: 1146:Table 'zwsshop.zws_users' doesn't exist
 [ SQL语句 ] : SHOW COLUMNS FROM `zws_users`

[ 2018-04-18T11:01:21+08:00 ] ::1 /zws/index.php/Home/Login/do_register
ERR: 1146:Table 'zwsshop.zws_users' doesn't exist
 [ SQL语句 ] : SHOW COLUMNS FROM `zws_users`

[ 2018-04-18T11:43:29+08:00 ] ::1 /zws/index.php/Home/Login/do_register
ERR: 1146:Table 'zwsshop.zws_admin_users' doesn't exist
 [ SQL语句 ] : SHOW COLUMNS FROM `zws_admin_users`

[ 2018-04-18T11:47:38+08:00 ] ::1 /zws/index.php/Home/Login/do_register
ERR: 1146:Table 'zwsshop.zws_admin_users' doesn't exist
 [ SQL语句 ] : SHOW COLUMNS FROM `zws_admin_users`

[ 2018-04-18T11:49:38+08:00 ] ::1 /zws/index.php/Home/Login/do_register
ERR: 1146:Table 'zwsshop.zws_admin_users' doesn't exist
 [ SQL语句 ] : SHOW COLUMNS FROM `zws_admin_users`

[ 2018-04-18T11:52:04+08:00 ] ::1 /zws/index.php/Home/Login/do_register
ERR: 1146:Table 'zwsshop.zws_admin_users' doesn't exist
 [ SQL语句 ] : SHOW COLUMNS FROM `zws_admin_users`

[ 2018-04-18T11:55:06+08:00 ] ::1 /zws/index.php/Home/Login/do_register
ERR: 1146:Table 'zwsshop.zws_admin_users' doesn't exist
 [ SQL语句 ] : SHOW COLUMNS FROM `zws_admin_users`

[ 2018-04-18T15:40:04+08:00 ] ::1 /zws/index.php/Home/services.html
ERR: 无法加载控制器:Services

[ 2018-04-18T15:43:05+08:00 ] ::1 /zws/index.php/Home/menu.html
ERR: 无法加载控制器:Menu

[ 2018-04-18T16:24:45+08:00 ] ::1 /zws/index.php/Home/Mycar/css/checkout.css
ERR: 非法操作:css

[ 2018-04-18T16:24:45+08:00 ] ::1 /zws/index.php/Home/Mycar/css/modal.css
ERR: 非法操作:css

[ 2018-04-18T16:24:45+08:00 ] ::1 /zws/index.php/Home/Mycar/css/base2.css
ERR: 非法操作:css

[ 2018-04-18T16:24:45+08:00 ] ::1 /zws/index.php/Home/Mycar/js/vue2.min.js
ERR: 非法操作:js

[ 2018-04-18T16:24:45+08:00 ] ::1 /zws/index.php/Home/Mycar/js/vue-resource.min.js
ERR: 非法操作:js

[ 2018-04-18T16:24:45+08:00 ] ::1 /zws/index.php/Home/Mycar/js/cart.js
ERR: 非法操作:js

[ 2018-04-18T16:24:45+08:00 ] ::1 /zws/index.php/Home/Mycar/js/vue-resource.min.js
ERR: 非法操作:js

[ 2018-04-18T16:24:45+08:00 ] ::1 /zws/index.php/Home/Mycar/js/cart.js
ERR: 非法操作:js

[ 2018-04-18T16:25:39+08:00 ] ::1 /zws/index.php/Home/Mycar/js/vue-resource.min.js
ERR: 非法操作:js

[ 2018-04-18T16:25:39+08:00 ] ::1 /zws/index.php/Home/Mycar/js/vue2.min.js
ERR: 非法操作:js

[ 2018-04-18T16:25:39+08:00 ] ::1 /zws/index.php/Home/Mycar/js/cart.js
ERR: 非法操作:js

[ 2018-04-18T16:25:39+08:00 ] ::1 /zws/index.php/Home/Mycar/js/vue-resource.min.js
ERR: 非法操作:js

[ 2018-04-18T16:25:39+08:00 ] ::1 /zws/index.php/Home/Mycar/js/cart.js
ERR: 非法操作:js

[ 2018-04-18T16:27:16+08:00 ] ::1 /zws/index.php/Home/Mycar/data/cartData.json
INFO: [ app_begin ] --START--
INFO: Run Behavior\ReadHtmlCacheBehavior [ RunTime:0.002264s ]
INFO: [ app_begin ] --END-- [ RunTime:0.003857s ]
ERR: 非法操作:data

[ 2018-04-18T16:27:21+08:00 ] ::1 /zws/index.php/Home/Mycar/address.html
ERR: 非法操作:address

[ 2018-04-18T16:27:23+08:00 ] ::1 /zws/index.php/Home/Mycar/data/cartData.json
INFO: [ app_begin ] --START--
INFO: Run Behavior\ReadHtmlCacheBehavior [ RunTime:0.003776s ]
INFO: [ app_begin ] --END-- [ RunTime:0.006058s ]
ERR: 非法操作:data

[ 2018-04-18T16:28:05+08:00 ] ::1 /zws/index.php/Home/Mycar/data/cartData.json
INFO: [ app_begin ] --START--
INFO: Run Behavior\ReadHtmlCacheBehavior [ RunTime:0.004693s ]
INFO: [ app_begin ] --END-- [ RunTime:0.006848s ]
ERR: 非法操作:data

[ 2018-04-18T16:28:08+08:00 ] ::1 /zws/index.php/Home/Mycar/data/address.json
INFO: [ app_begin ] --START--
INFO: Run Behavior\ReadHtmlCacheBehavior [ RunTime:0.003099s ]
INFO: [ app_begin ] --END-- [ RunTime:0.005887s ]
ERR: 非法操作:data

[ 2018-04-18T16:28:21+08:00 ] ::1 /zws/index.php/Home/Mycar/data/cartData.json
INFO: [ app_begin ] --START--
INFO: Run Behavior\ReadHtmlCacheBehavior [ RunTime:0.005521s ]
INFO: [ app_begin ] --END-- [ RunTime:0.010508s ]
ERR: 非法操作:data

[ 2018-04-18T16:28:40+08:00 ] ::1 /zws/index.php/Home/Mycar/data/cartData.json
INFO: [ app_begin ] --START--
INFO: Run Behavior\ReadHtmlCacheBehavior [ RunTime:0.005433s ]
INFO: [ app_begin ] --END-- [ RunTime:0.009011s ]
ERR: 非法操作:data

[ 2018-04-18T16:31:49+08:00 ] ::1 /zws/index.php/Home/Mycar/data/cartData.json
INFO: [ app_begin ] --START--
INFO: Run Behavior\ReadHtmlCacheBehavior [ RunTime:0.007303s ]
INFO: [ app_begin ] --END-- [ RunTime:0.009354s ]
ERR: 非法操作:data

[ 2018-04-18T16:33:55+08:00 ] ::1 /zws/index.php/Home/Mycar/data/cartData.json
INFO: [ app_begin ] --START--
INFO: Run Behavior\ReadHtmlCacheBehavior [ RunTime:0.002201s ]
INFO: [ app_begin ] --END-- [ RunTime:0.003698s ]
ERR: 非法操作:data

[ 2018-04-18T16:33:57+08:00 ] ::1 /zws/index.php/Home/Mycar/data/cartData.json
INFO: [ app_begin ] --START--
INFO: Run Behavior\ReadHtmlCacheBehavior [ RunTime:0.002573s ]
INFO: [ app_begin ] --END-- [ RunTime:0.005391s ]
ERR: 非法操作:data

[ 2018-04-18T16:33:59+08:00 ] ::1 /zws/index.php/Home/Mycar/data/cartData.json
INFO: [ app_begin ] --START--
INFO: Run Behavior\ReadHtmlCacheBehavior [ RunTime:0.003236s ]
INFO: [ app_begin ] --END-- [ RunTime:0.005493s ]
ERR: 非法操作:data

[ 2018-04-18T16:34:09+08:00 ] ::1 /zws/index.php/Home/Mycar/data/cartData.json
INFO: [ app_begin ] --START--
INFO: Run Behavior\ReadHtmlCacheBehavior [ RunTime:0.003263s ]
INFO: [ app_begin ] --END-- [ RunTime:0.005230s ]
ERR: 非法操作:data

[ 2018-04-18T16:35:30+08:00 ] ::1 /zws/index.php/Home/Mycar/js/vue-resource.min.js
ERR: 非法操作:js

[ 2018-04-18T16:35:30+08:00 ] ::1 /zws/index.php/Home/Mycar/js/cart.js
ERR: 非法操作:js

[ 2018-04-18T16:35:30+08:00 ] ::1 /zws/index.php/Home/Mycar/js/vue2.min.js
ERR: 非法操作:js

[ 2018-04-18T16:35:30+08:00 ] ::1 /zws/index.php/Home/Mycar/js/vue-resource.min.js
ERR: 非法操作:js

[ 2018-04-18T16:35:30+08:00 ] ::1 /zws/index.php/Home/Mycar/js/cart.js
ERR: 非法操作:js

[ 2018-04-18T16:35:41+08:00 ] ::1 /zws/index.php/Home/Mycar/js/cart.js
ERR: 非法操作:js

[ 2018-04-18T16:35:41+08:00 ] ::1 /zws/index.php/Home/Mycar/js/vue-resource.min.js
ERR: 非法操作:js

[ 2018-04-18T16:35:41+08:00 ] ::1 /zws/index.php/Home/Mycar/js/vue2.min.js
ERR: 非法操作:js

[ 2018-04-18T16:35:41+08:00 ] ::1 /zws/index.php/Home/Mycar/js/vue-resource.min.js
ERR: 非法操作:js

[ 2018-04-18T16:35:41+08:00 ] ::1 /zws/index.php/Home/Mycar/js/cart.js
ERR: 非法操作:js

[ 2018-04-18T16:37:02+08:00 ] ::1 /zws/index.php/Home/Mycar/data/cartData.json
INFO: [ app_begin ] --START--
INFO: Run Behavior\ReadHtmlCacheBehavior [ RunTime:0.003778s ]
INFO: [ app_begin ] --END-- [ RunTime:0.010786s ]
ERR: 非法操作:data

[ 2018-04-18T16:37:14+08:00 ] ::1 /zws/index.php/Home/Mycar/data/cartData.json
INFO: [ app_begin ] --START--
INFO: Run Behavior\ReadHtmlCacheBehavior [ RunTime:0.002620s ]
INFO: [ app_begin ] --END-- [ RunTime:0.004913s ]
ERR: 非法操作:data

[ 2018-04-18T16:37:55+08:00 ] ::1 /zws/index.php/Home/Mycar/data/cartData.json
INFO: [ app_begin ] --START--
INFO: Run Behavior\ReadHtmlCacheBehavior [ RunTime:0.002182s ]
INFO: [ app_begin ] --END-- [ RunTime:0.003783s ]
ERR: 非法操作:data

[ 2018-04-18T16:41:42+08:00 ] ::1 /zws/index.php/Home/Mycar/data/cartData.json
INFO: [ app_begin ] --START--
INFO: Run Behavior\ReadHtmlCacheBehavior [ RunTime:0.003805s ]
INFO: [ app_begin ] --END-- [ RunTime:0.006437s ]
ERR: 非法操作:data

[ 2018-04-18T16:42:40+08:00 ] ::1 /zws/index.php/Home/Mycar/data/cartData.json
INFO: [ app_begin ] --START--
INFO: Run Behavior\ReadHtmlCacheBehavior [ RunTime:0.003417s ]
INFO: [ app_begin ] --END-- [ RunTime:0.005720s ]
ERR: 非法操作:data

[ 2018-04-18T16:43:53+08:00 ] ::1 /zws/index.php/Home/Mycar/data/cartData.json
INFO: [ app_begin ] --START--
INFO: Run Behavior\ReadHtmlCacheBehavior [ RunTime:0.007106s ]
INFO: [ app_begin ] --END-- [ RunTime:0.009552s ]
ERR: 非法操作:data

[ 2018-04-18T16:44:17+08:00 ] ::1 /zws/index.php/Home/Mycar/data/cartData.json
INFO: [ app_begin ] --START--
INFO: Run Behavior\ReadHtmlCacheBehavior [ RunTime:0.007585s ]
INFO: [ app_begin ] --END-- [ RunTime:0.009403s ]
ERR: 非法操作:data

[ 2018-04-18T16:44:43+08:00 ] ::1 /zws/index.php/Home/Mycar/data/cartData.json
INFO: [ app_begin ] --START--
INFO: Run Behavior\ReadHtmlCacheBehavior [ RunTime:0.004925s ]
INFO: [ app_begin ] --END-- [ RunTime:0.006919s ]
ERR: 非法操作:data

[ 2018-04-18T16:46:22+08:00 ] ::1 /zws/index.php/Home/Mycar/data/cartData.json
INFO: [ app_begin ] --START--
INFO: Run Behavior\ReadHtmlCacheBehavior [ RunTime:0.004561s ]
INFO: [ app_begin ] --END-- [ RunTime:0.007181s ]
ERR: 非法操作:data

[ 2018-04-18T16:48:29+08:00 ] ::1 /zws/index.php/Home/Mycar/data/cartData.json
INFO: [ app_begin ] --START--
INFO: Run Behavior\ReadHtmlCacheBehavior [ RunTime:0.002488s ]
INFO: [ app_begin ] --END-- [ RunTime:0.004439s ]
ERR: 非法操作:data

[ 2018-04-18T16:48:56+08:00 ] ::1 /zws/index.php/Home/Mycar/data/cartData.json
INFO: [ app_begin ] --START--
INFO: Run Behavior\ReadHtmlCacheBehavior [ RunTime:0.003295s ]
INFO: [ app_begin ] --END-- [ RunTime:0.008431s ]
ERR: 非法操作:data

[ 2018-04-18T16:49:10+08:00 ] ::1 /zws/index.php/Home/Mycar/data/cartData.json
INFO: [ app_begin ] --START--
INFO: Run Behavior\ReadHtmlCacheBehavior [ RunTime:0.006668s ]
INFO: [ app_begin ] --END-- [ RunTime:0.009040s ]
ERR: 非法操作:data

[ 2018-04-18T16:49:24+08:00 ] ::1 /zws/index.php/Home/Mycar/data/cartData.json
INFO: [ app_begin ] --START--
INFO: Run Behavior\ReadHtmlCacheBehavior [ RunTime:0.002944s ]
INFO: [ app_begin ] --END-- [ RunTime:0.005055s ]
ERR: 非法操作:data

[ 2018-04-18T16:49:39+08:00 ] ::1 /zws/index.php/Home/Mycar/data/cartData.json
INFO: [ app_begin ] --START--
INFO: Run Behavior\ReadHtmlCacheBehavior [ RunTime:0.004587s ]
INFO: [ app_begin ] --END-- [ RunTime:0.007599s ]
ERR: 非法操作:data

[ 2018-04-18T16:49:52+08:00 ] ::1 /zws/index.php/Home/Mycar/data/cartData.json
INFO: [ app_begin ] --START--
INFO: Run Behavior\ReadHtmlCacheBehavior [ RunTime:0.004719s ]
INFO: [ app_begin ] --END-- [ RunTime:0.007231s ]
ERR: 非法操作:data

[ 2018-04-18T16:50:44+08:00 ] ::1 /zws/index.php/Home/Mycar/data/cartData.json
INFO: [ app_begin ] --START--
INFO: Run Behavior\ReadHtmlCacheBehavior [ RunTime:0.002911s ]
INFO: [ app_begin ] --END-- [ RunTime:0.005864s ]
ERR: 非法操作:data

[ 2018-04-18T16:51:05+08:00 ] ::1 /zws/index.php/Home/Mycar/data/cartData.json
INFO: [ app_begin ] --START--
INFO: Run Behavior\ReadHtmlCacheBehavior [ RunTime:0.003241s ]
INFO: [ app_begin ] --END-- [ RunTime:0.005366s ]
ERR: 非法操作:data

[ 2018-04-18T16:51:29+08:00 ] ::1 /zws/index.php/Home/Mycar/data/cartData.json
INFO: [ app_begin ] --START--
INFO: Run Behavior\ReadHtmlCacheBehavior [ RunTime:0.003766s ]
INFO: [ app_begin ] --END-- [ RunTime:0.005728s ]
ERR: 非法操作:data

[ 2018-04-18T16:51:44+08:00 ] ::1 /zws/index.php/Home/Mycar/data/cartData.json
INFO: [ app_begin ] --START--
INFO: Run Behavior\ReadHtmlCacheBehavior [ RunTime:0.003667s ]
INFO: [ app_begin ] --END-- [ RunTime:0.006807s ]
ERR: 非法操作:data

[ 2018-04-18T16:52:02+08:00 ] ::1 /zws/index.php/Home/Mycar/data/cartData.json
INFO: [ app_begin ] --START--
INFO: Run Behavior\ReadHtmlCacheBehavior [ RunTime:0.003084s ]
INFO: [ app_begin ] --END-- [ RunTime:0.004994s ]
ERR: 非法操作:data

[ 2018-04-18T16:52:15+08:00 ] ::1 /zws/index.php/Home/Mycar/data/cartData.json
INFO: [ app_begin ] --START--
INFO: Run Behavior\ReadHtmlCacheBehavior [ RunTime:0.005491s ]
INFO: [ app_begin ] --END-- [ RunTime:0.008115s ]
ERR: 非法操作:data

[ 2018-04-18T16:52:25+08:00 ] ::1 /zws/index.php/Home/Mycar/data/cartData.json
INFO: [ app_begin ] --START--
INFO: Run Behavior\ReadHtmlCacheBehavior [ RunTime:0.004061s ]
INFO: [ app_begin ] --END-- [ RunTime:0.007245s ]
ERR: 非法操作:data

[ 2018-04-18T16:52:34+08:00 ] ::1 /zws/index.php/Home/Mycar/data/cartData.json
INFO: [ app_begin ] --START--
INFO: Run Behavior\ReadHtmlCacheBehavior [ RunTime:0.002816s ]
INFO: [ app_begin ] --END-- [ RunTime:0.005150s ]
ERR: 非法操作:data

[ 2018-04-18T16:53:16+08:00 ] ::1 /zws/index.php/Home/Mycar/data/cartData.json
INFO: [ app_begin ] --START--
INFO: Run Behavior\ReadHtmlCacheBehavior [ RunTime:0.007132s ]
INFO: [ app_begin ] --END-- [ RunTime:0.010335s ]
ERR: 非法操作:data

[ 2018-04-18T16:53:42+08:00 ] ::1 /zws/index.php/Home/Mycar/data/cartData.json
INFO: [ app_begin ] --START--
INFO: Run Behavior\ReadHtmlCacheBehavior [ RunTime:0.003393s ]
INFO: [ app_begin ] --END-- [ RunTime:0.005738s ]
ERR: 非法操作:data

[ 2018-04-18T16:53:55+08:00 ] ::1 /zws/index.php/Home/Mycar/data/cartData.json
INFO: [ app_begin ] --START--
INFO: Run Behavior\ReadHtmlCacheBehavior [ RunTime:0.004733s ]
INFO: [ app_begin ] --END-- [ RunTime:0.007351s ]
ERR: 非法操作:data

[ 2018-04-18T16:56:50+08:00 ] ::1 /zws/index.php/Home/Mycar/data/cartData.json
INFO: [ app_begin ] --START--
INFO: Run Behavior\ReadHtmlCacheBehavior [ RunTime:0.003791s ]
INFO: [ app_begin ] --END-- [ RunTime:0.008184s ]
ERR: 非法操作:data

[ 2018-04-18T16:57:01+08:00 ] ::1 /zws/index.php/Home/Mycar/data/address.json
INFO: [ app_begin ] --START--
INFO: Run Behavior\ReadHtmlCacheBehavior [ RunTime:0.004043s ]
INFO: [ app_begin ] --END-- [ RunTime:0.007147s ]
ERR: 非法操作:data

[ 2018-04-18T16:57:08+08:00 ] ::1 /zws/index.php/Home/Mycar/data/cartData.json
INFO: [ app_begin ] --START--
INFO: Run Behavior\ReadHtmlCacheBehavior [ RunTime:0.003590s ]
INFO: [ app_begin ] --END-- [ RunTime:0.007268s ]
ERR: 非法操作:data

[ 2018-04-18T16:57:54+08:00 ] ::1 /zws/index.php/Home/Mycar/data/cartData.json
INFO: [ app_begin ] --START--
INFO: Run Behavior\ReadHtmlCacheBehavior [ RunTime:0.003986s ]
INFO: [ app_begin ] --END-- [ RunTime:0.007442s ]
ERR: 非法操作:data

[ 2018-04-18T16:57:56+08:00 ] ::1 /zws/index.php/Home/Mycar/data/address.json
INFO: [ app_begin ] --START--
INFO: Run Behavior\ReadHtmlCacheBehavior [ RunTime:0.002534s ]
INFO: [ app_begin ] --END-- [ RunTime:0.004329s ]
ERR: 非法操作:data

[ 2018-04-18T16:58:05+08:00 ] ::1 /zws/index.php/Home/Mycar/data/cartData.json
INFO: [ app_begin ] --START--
INFO: Run Behavior\ReadHtmlCacheBehavior [ RunTime:0.003131s ]
INFO: [ app_begin ] --END-- [ RunTime:0.007460s ]
ERR: 非法操作:data

[ 2018-04-18T16:59:07+08:00 ] ::1 /zws/index.php/Home/Mycar/data/cartData.json
INFO: [ app_begin ] --START--
INFO: Run Behavior\ReadHtmlCacheBehavior [ RunTime:0.004585s ]
INFO: [ app_begin ] --END-- [ RunTime:0.007281s ]
ERR: 非法操作:data

[ 2018-04-18T16:59:09+08:00 ] ::1 /zws/index.php/Home/Mycar/data/address.json
INFO: [ app_begin ] --START--
INFO: Run Behavior\ReadHtmlCacheBehavior [ RunTime:0.004087s ]
INFO: [ app_begin ] --END-- [ RunTime:0.006851s ]
ERR: 非法操作:data

[ 2018-04-18T16:59:47+08:00 ] ::1 /zws/index.php/Home/Mycar/data/address.json
INFO: [ app_begin ] --START--
INFO: Run Behavior\ReadHtmlCacheBehavior [ RunTime:0.004894s ]
INFO: [ app_begin ] --END-- [ RunTime:0.007224s ]
ERR: 非法操作:data

[ 2018-04-18T16:59:57+08:00 ] ::1 /zws/index.php/Home/Mycar/data/address.json
INFO: [ app_begin ] --START--
INFO: Run Behavior\ReadHtmlCacheBehavior [ RunTime:0.003206s ]
INFO: [ app_begin ] --END-- [ RunTime:0.005515s ]
ERR: 非法操作:data

[ 2018-04-18T17:00:38+08:00 ] ::1 /zws/index.php/Home/Mycar/data/address.json
INFO: [ app_begin ] --START--
INFO: Run Behavior\ReadHtmlCacheBehavior [ RunTime:0.005844s ]
INFO: [ app_begin ] --END-- [ RunTime:0.008266s ]
ERR: 非法操作:data

[ 2018-04-18T17:00:49+08:00 ] ::1 /zws/index.php/Home/Mycar/data/cartData.json
INFO: [ app_begin ] --START--
INFO: Run Behavior\ReadHtmlCacheBehavior [ RunTime:0.004632s ]
INFO: [ app_begin ] --END-- [ RunTime:0.009037s ]
ERR: 非法操作:data

[ 2018-04-18T17:00:55+08:00 ] ::1 /zws/index.php/Home/Mycar/data/cartData.json
INFO: [ app_begin ] --START--
INFO: Run Behavior\ReadHtmlCacheBehavior [ RunTime:0.004531s ]
INFO: [ app_begin ] --END-- [ RunTime:0.006741s ]
ERR: 非法操作:data

[ 2018-04-18T17:10:20+08:00 ] ::1 /zws/index.php/Home/Mycar/data/cartData.json
INFO: [ app_begin ] --START--
INFO: Run Behavior\ReadHtmlCacheBehavior [ RunTime:0.004322s ]
INFO: [ app_begin ] --END-- [ RunTime:0.006627s ]
ERR: 非法操作:data

[ 2018-04-18T17:10:22+08:00 ] ::1 /zws/index.php/Home/Mycar/data/address.json
INFO: [ app_begin ] --START--
INFO: Run Behavior\ReadHtmlCacheBehavior [ RunTime:0.003673s ]
INFO: [ app_begin ] --END-- [ RunTime:0.010976s ]
ERR: 非法操作:data

[ 2018-04-18T17:10:35+08:00 ] ::1 /zws/index.php/Home/Mycar/data/address.json
INFO: [ app_begin ] --START--
INFO: Run Behavior\ReadHtmlCacheBehavior [ RunTime:0.004950s ]
INFO: [ app_begin ] --END-- [ RunTime:0.006948s ]
ERR: 非法操作:data

[ 2018-04-18T17:11:38+08:00 ] ::1 /zws/index.php/Home/Mycar/data/address.json
INFO: [ app_begin ] --START--
INFO: Run Behavior\ReadHtmlCacheBehavior [ RunTime:0.005086s ]
INFO: [ app_begin ] --END-- [ RunTime:0.008229s ]
ERR: 非法操作:data

[ 2018-04-18T17:12:50+08:00 ] ::1 /zws/index.php/Home/Mycar/data/address.json
INFO: [ app_begin ] --START--
INFO: Run Behavior\ReadHtmlCacheBehavior [ RunTime:0.006145s ]
INFO: [ app_begin ] --END-- [ RunTime:0.008778s ]
ERR: 非法操作:data

[ 2018-04-18T17:24:51+08:00 ] ::1 /zws/index.php/Home/Mycar/data/cartData.json
INFO: [ app_begin ] --START--
INFO: Run Behavior\ReadHtmlCacheBehavior [ RunTime:0.005012s ]
INFO: [ app_begin ] --END-- [ RunTime:0.009705s ]
ERR: 非法操作:data

[ 2018-04-18T17:25:33+08:00 ] ::1 /zws/index.php/Home/Mycar/data/address.json
INFO: [ app_begin ] --START--
INFO: Run Behavior\ReadHtmlCacheBehavior [ RunTime:0.002868s ]
INFO: [ app_begin ] --END-- [ RunTime:0.005714s ]
ERR: 非法操作:data

[ 2018-04-18T17:25:35+08:00 ] ::1 /zws/index.php/Home/Mycar/data/address.json
INFO: [ app_begin ] --START--
INFO: Run Behavior\ReadHtmlCacheBehavior [ RunTime:0.002351s ]
INFO: [ app_begin ] --END-- [ RunTime:0.004047s ]
ERR: 非法操作:data

[ 2018-04-18T17:25:56+08:00 ] ::1 /zws/index.php/Home/Mycar/data/address.json
INFO: [ app_begin ] --START--
INFO: Run Behavior\ReadHtmlCacheBehavior [ RunTime:0.006134s ]
INFO: [ app_begin ] --END-- [ RunTime:0.013517s ]
ERR: 非法操作:data

[ 2018-04-18T17:26:25+08:00 ] ::1 /zws/index.php/Home/Mycar/data/address.json
INFO: [ app_begin ] --START--
INFO: Run Behavior\ReadHtmlCacheBehavior [ RunTime:0.004047s ]
INFO: [ app_begin ] --END-- [ RunTime:0.006294s ]
ERR: 非法操作:data

[ 2018-04-18T17:28:01+08:00 ] ::1 /zws/index.php/Home/Mycar/data/address.json
INFO: [ app_begin ] --START--
INFO: Run Behavior\ReadHtmlCacheBehavior [ RunTime:0.003157s ]
INFO: [ app_begin ] --END-- [ RunTime:0.005741s ]
ERR: 非法操作:data

[ 2018-04-18T17:29:02+08:00 ] ::1 /zws/index.php/Home/Mycar/data/address.json
INFO: [ app_begin ] --START--
INFO: Run Behavior\ReadHtmlCacheBehavior [ RunTime:0.002349s ]
INFO: [ app_begin ] --END-- [ RunTime:0.005120s ]
ERR: 非法操作:data

[ 2018-04-18T17:29:12+08:00 ] ::1 /zws/index.php/Home/Mycar/data/address.json
INFO: [ app_begin ] --START--
INFO: Run Behavior\ReadHtmlCacheBehavior [ RunTime:0.002881s ]
INFO: [ app_begin ] --END-- [ RunTime:0.005087s ]
ERR: 非法操作:data

[ 2018-04-18T17:29:14+08:00 ] ::1 /zws/index.php/Home/Mycar/data/address.json
INFO: [ app_begin ] --START--
INFO: Run Behavior\ReadHtmlCacheBehavior [ RunTime:0.003154s ]
INFO: [ app_begin ] --END-- [ RunTime:0.005588s ]
ERR: 非法操作:data

[ 2018-04-18T17:29:15+08:00 ] ::1 /zws/index.php/Home/Mycar/data/cartData.json
INFO: [ app_begin ] --START--
INFO: Run Behavior\ReadHtmlCacheBehavior [ RunTime:0.003115s ]
INFO: [ app_begin ] --END-- [ RunTime:0.005681s ]
ERR: 非法操作:data

[ 2018-04-18T18:25:03+08:00 ] ::1 /zws/index.php/Home/Mycar/data/cartData.json
INFO: [ app_begin ] --START--
INFO: Run Behavior\ReadHtmlCacheBehavior [ RunTime:0.015866s ]
INFO: [ app_begin ] --END-- [ RunTime:0.017718s ]
ERR: 非法操作:data

[ 2018-04-18T18:25:06+08:00 ] ::1 /zws/index.php/Home/Mycar/data/address.json
INFO: [ app_begin ] --START--
INFO: Run Behavior\ReadHtmlCacheBehavior [ RunTime:0.005146s ]
INFO: [ app_begin ] --END-- [ RunTime:0.007634s ]
ERR: 非法操作:data

[ 2018-04-18T18:25:08+08:00 ] ::1 /zws/index.php/Home/Mycar/data/cartData.json
INFO: [ app_begin ] --START--
INFO: Run Behavior\ReadHtmlCacheBehavior [ RunTime:0.005385s ]
INFO: [ app_begin ] --END-- [ RunTime:0.007688s ]
ERR: 非法操作:data

[ 2018-04-18T18:29:32+08:00 ] ::1 /zws/index.php/Home/Mycar/data/cartData.json
INFO: [ app_begin ] --START--
INFO: Run Behavior\ReadHtmlCacheBehavior [ RunTime:0.003970s ]
INFO: [ app_begin ] --END-- [ RunTime:0.006518s ]
ERR: 非法操作:data

[ 2018-04-18T18:29:33+08:00 ] ::1 /zws/index.php/Home/Mycar/data/address.json
INFO: [ app_begin ] --START--
INFO: Run Behavior\ReadHtmlCacheBehavior [ RunTime:0.007647s ]
INFO: [ app_begin ] --END-- [ RunTime:0.011791s ]
ERR: 非法操作:data

[ 2018-04-18T18:29:45+08:00 ] ::1 /zws/index.php/Home/Mycar/data/address.json
INFO: [ app_begin ] --START--
INFO: Run Behavior\ReadHtmlCacheBehavior [ RunTime:0.003392s ]
INFO: [ app_begin ] --END-- [ RunTime:0.005118s ]
ERR: 非法操作:data

[ 2018-04-18T18:29:46+08:00 ] ::1 /zws/index.php/home/Mycar/data/address.json
INFO: [ app_begin ] --START--
INFO: Run Behavior\ReadHtmlCacheBehavior [ RunTime:0.004687s ]
INFO: [ app_begin ] --END-- [ RunTime:0.008234s ]
ERR: 非法操作:data

[ 2018-04-18T18:30:38+08:00 ] ::1 /zws/index.php/home/Mycar/data/address.json
INFO: [ app_begin ] --START--
INFO: Run Behavior\ReadHtmlCacheBehavior [ RunTime:0.003521s ]
INFO: [ app_begin ] --END-- [ RunTime:0.005861s ]
ERR: 非法操作:data

[ 2018-04-18T18:30:45+08:00 ] ::1 /zws/index.php/home/Mycar/data/address.json
INFO: [ app_begin ] --START--
INFO: Run Behavior\ReadHtmlCacheBehavior [ RunTime:0.011498s ]
INFO: [ app_begin ] --END-- [ RunTime:0.019398s ]
ERR: 非法操作:data

[ 2018-04-18T18:31:14+08:00 ] ::1 /zws/index.php/home/Mycar/data/address.json
INFO: [ app_begin ] --START--
INFO: Run Behavior\ReadHtmlCacheBehavior [ RunTime:0.011701s ]
INFO: [ app_begin ] --END-- [ RunTime:0.014252s ]
ERR: 非法操作:data

[ 2018-04-18T18:31:20+08:00 ] ::1 /zws/index.php/home/Mycar/data/address.json
INFO: [ app_begin ] --START--
INFO: Run Behavior\ReadHtmlCacheBehavior [ RunTime:0.011039s ]
INFO: [ app_begin ] --END-- [ RunTime:0.014965s ]
ERR: 非法操作:data

[ 2018-04-18T18:31:45+08:00 ] ::1 /zws/index.php/home/Mycar/data/address.json
INFO: [ app_begin ] --START--
INFO: Run Behavior\ReadHtmlCacheBehavior [ RunTime:0.006990s ]
INFO: [ app_begin ] --END-- [ RunTime:0.010199s ]
ERR: 非法操作:data

[ 2018-04-18T18:32:35+08:00 ] ::1 /zws/index.php/home/Mycar/data/address.json
INFO: [ app_begin ] --START--
INFO: Run Behavior\ReadHtmlCacheBehavior [ RunTime:0.004070s ]
INFO: [ app_begin ] --END-- [ RunTime:0.007719s ]
ERR: 非法操作:data

[ 2018-04-18T18:32:43+08:00 ] ::1 /zws/index.php/home/Mycar/data/address.json
INFO: [ app_begin ] --START--
INFO: Run Behavior\ReadHtmlCacheBehavior [ RunTime:0.004220s ]
INFO: [ app_begin ] --END-- [ RunTime:0.006795s ]
ERR: 非法操作:data

[ 2018-04-18T18:33:49+08:00 ] ::1 /zws/index.php/home/Mycar/data/address.json
INFO: [ app_begin ] --START--
INFO: Run Behavior\ReadHtmlCacheBehavior [ RunTime:0.005427s ]
INFO: [ app_begin ] --END-- [ RunTime:0.008890s ]
ERR: 非法操作:data

[ 2018-04-18T18:34:22+08:00 ] ::1 /zws/index.php/home/Mycar/data/address.json
INFO: [ app_begin ] --START--
INFO: Run Behavior\ReadHtmlCacheBehavior [ RunTime:0.004006s ]
INFO: [ app_begin ] --END-- [ RunTime:0.007156s ]
ERR: 非法操作:data

[ 2018-04-18T18:34:30+08:00 ] ::1 /zws/index.php/home/Mycar/data/address.json
INFO: [ app_begin ] --START--
INFO: Run Behavior\ReadHtmlCacheBehavior [ RunTime:0.003768s ]
INFO: [ app_begin ] --END-- [ RunTime:0.006973s ]
ERR: 非法操作:data

[ 2018-04-18T18:34:58+08:00 ] ::1 /zws/index.php/home/Mycar/data/address.json
INFO: [ app_begin ] --START--
INFO: Run Behavior\ReadHtmlCacheBehavior [ RunTime:0.003529s ]
INFO: [ app_begin ] --END-- [ RunTime:0.006276s ]
ERR: 非法操作:data

[ 2018-04-18T18:35:21+08:00 ] ::1 /zws/index.php/home/Mycar/data/address.json
INFO: [ app_begin ] --START--
INFO: Run Behavior\ReadHtmlCacheBehavior [ RunTime:0.004128s ]
INFO: [ app_begin ] --END-- [ RunTime:0.007849s ]
ERR: 非法操作:data

[ 2018-04-18T18:35:28+08:00 ] ::1 /zws/index.php/home/Mycar/data/address.json
INFO: [ app_begin ] --START--
INFO: Run Behavior\ReadHtmlCacheBehavior [ RunTime:0.003659s ]
INFO: [ app_begin ] --END-- [ RunTime:0.006686s ]
ERR: 非法操作:data

[ 2018-04-18T18:36:03+08:00 ] ::1 /zws/index.php/home/Mycar/data/address.json
INFO: [ app_begin ] --START--
INFO: Run Behavior\ReadHtmlCacheBehavior [ RunTime:0.006097s ]
INFO: [ app_begin ] --END-- [ RunTime:0.009577s ]
ERR: 非法操作:data

[ 2018-04-18T18:36:26+08:00 ] ::1 /zws/index.php/home/Mycar/data/address.json
INFO: [ app_begin ] --START--
INFO: Run Behavior\ReadHtmlCacheBehavior [ RunTime:0.004544s ]
INFO: [ app_begin ] --END-- [ RunTime:0.006777s ]
ERR: 非法操作:data

[ 2018-04-18T18:36:29+08:00 ] ::1 /zws/index.php/home/Mycar/data/address.json
INFO: [ app_begin ] --START--
INFO: Run Behavior\ReadHtmlCacheBehavior [ RunTime:0.003375s ]
INFO: [ app_begin ] --END-- [ RunTime:0.005380s ]
ERR: 非法操作:data

[ 2018-04-18T18:36:34+08:00 ] ::1 /zws/index.php/home/Mycar/data/address.json
INFO: [ app_begin ] --START--
INFO: Run Behavior\ReadHtmlCacheBehavior [ RunTime:0.005377s ]
INFO: [ app_begin ] --END-- [ RunTime:0.009171s ]
ERR: 非法操作:data

[ 2018-04-18T18:37:19+08:00 ] ::1 /zws/index.php/home/Mycar/data/address.json
INFO: [ app_begin ] --START--
INFO: Run Behavior\ReadHtmlCacheBehavior [ RunTime:0.003834s ]
INFO: [ app_begin ] --END-- [ RunTime:0.016743s ]
ERR: 非法操作:data

[ 2018-04-18T18:38:15+08:00 ] ::1 /zws/index.php/home/Mycar/data/address.json
INFO: [ app_begin ] --START--
INFO: Run Behavior\ReadHtmlCacheBehavior [ RunTime:0.003086s ]
INFO: [ app_begin ] --END-- [ RunTime:0.005020s ]
ERR: 非法操作:data

[ 2018-04-18T18:38:31+08:00 ] ::1 /zws/index.php/home/Mycar/data/address.json
INFO: [ app_begin ] --START--
INFO: Run Behavior\ReadHtmlCacheBehavior [ RunTime:0.003168s ]
INFO: [ app_begin ] --END-- [ RunTime:0.008910s ]
ERR: 非法操作:data

[ 2018-04-18T18:38:49+08:00 ] ::1 /zws/index.php/home/Mycar/data/address.json
INFO: [ app_begin ] --START--
INFO: Run Behavior\ReadHtmlCacheBehavior [ RunTime:0.005012s ]
INFO: [ app_begin ] --END-- [ RunTime:0.007650s ]
ERR: 非法操作:data

[ 2018-04-18T18:39:24+08:00 ] ::1 /zws/index.php/home/Mycar/data/address.json
INFO: [ app_begin ] --START--
INFO: Run Behavior\ReadHtmlCacheBehavior [ RunTime:0.003694s ]
INFO: [ app_begin ] --END-- [ RunTime:0.006233s ]
ERR: 非法操作:data

[ 2018-04-18T18:39:43+08:00 ] ::1 /zws/index.php/home/Mycar/data/address.json
INFO: [ app_begin ] --START--
INFO: Run Behavior\ReadHtmlCacheBehavior [ RunTime:0.005569s ]
INFO: [ app_begin ] --END-- [ RunTime:0.007769s ]
ERR: 非法操作:data

[ 2018-04-18T18:39:56+08:00 ] ::1 /zws/index.php/home/Mycar/data/address.json
INFO: [ app_begin ] --START--
INFO: Run Behavior\ReadHtmlCacheBehavior [ RunTime:0.003694s ]
INFO: [ app_begin ] --END-- [ RunTime:0.006010s ]
ERR: 非法操作:data

[ 2018-04-18T18:40:02+08:00 ] ::1 /zws/index.php/home/Mycar/data/address.json
INFO: [ app_begin ] --START--
INFO: Run Behavior\ReadHtmlCacheBehavior [ RunTime:0.006900s ]
INFO: [ app_begin ] --END-- [ RunTime:0.009495s ]
ERR: 非法操作:data

[ 2018-04-18T18:40:09+08:00 ] ::1 /zws/index.php/home/Mycar/data/address.json
INFO: [ app_begin ] --START--
INFO: Run Behavior\ReadHtmlCacheBehavior [ RunTime:0.003524s ]
INFO: [ app_begin ] --END-- [ RunTime:0.005885s ]
ERR: 非法操作:data

[ 2018-04-18T18:41:16+08:00 ] ::1 /zws/index.php/home/Mycar/data/address.json
INFO: [ app_begin ] --START--
INFO: Run Behavior\ReadHtmlCacheBehavior [ RunTime:0.003373s ]
INFO: [ app_begin ] --END-- [ RunTime:0.008210s ]
ERR: 非法操作:data

[ 2018-04-18T18:41:40+08:00 ] ::1 /zws/index.php/home/Mycar/data/address.json
INFO: [ app_begin ] --START--
INFO: Run Behavior\ReadHtmlCacheBehavior [ RunTime:0.004919s ]
INFO: [ app_begin ] --END-- [ RunTime:0.008427s ]
ERR: 非法操作:data

[ 2018-04-18T18:43:15+08:00 ] ::1 /zws/index.php/home/Mycar/data/address.json
INFO: [ app_begin ] --START--
INFO: Run Behavior\ReadHtmlCacheBehavior [ RunTime:0.003852s ]
INFO: [ app_begin ] --END-- [ RunTime:0.007893s ]
ERR: 非法操作:data

[ 2018-04-18T18:44:33+08:00 ] ::1 /zws/index.php/Home/Mycar/data/address.json
INFO: [ app_begin ] --START--
INFO: Run Behavior\ReadHtmlCacheBehavior [ RunTime:0.005134s ]
INFO: [ app_begin ] --END-- [ RunTime:0.007138s ]
ERR: 非法操作:data

