[ 2018-04-13T00:26:11+08:00 ] ::1 /thinkphp/?XDEBUG_SESSION_START=14449
INFO: [ app_init ] --START--
INFO: Run Behavior\BuildLiteBehavior [ RunTime:0.000159s ]
INFO: [ app_init ] --END-- [ RunTime:0.001159s ]
INFO: [ app_begin ] --START--
INFO: Run Behavior\ReadHtmlCacheBehavior [ RunTime:0.008183s ]
INFO: [ app_begin ] --END-- [ RunTime:0.008956s ]
INFO: [ view_parse ] --START--
INFO: [ template_filter ] --START--
INFO: Run Behavior\ContentReplaceBehavior [ RunTime:0.000289s ]
INFO: [ template_filter ] --END-- [ RunTime:0.001050s ]
INFO: Run Behavior\ParseTemplateBehavior [ RunTime:0.079739s ]
INFO: [ view_parse ] --END-- [ RunTime:0.080427s ]
INFO: [ view_filter ] --START--
INFO: Run Behavior\WriteHtmlCacheBehavior [ RunTime:0.001443s ]
INFO: [ view_filter ] --END-- [ RunTime:0.002087s ]
INFO: [ app_end ] --START--
INFO: Run Behavior\ShowPageTraceBehavior [ RunTime:0.002282s ]
INFO: [ app_end ] --END-- [ RunTime:0.002963s ]

[ 2018-04-13T00:28:08+08:00 ] ::1 /thinkphp/?XDEBUG_SESSION_START=12391
INFO: [ app_init ] --START--
INFO: Run Behavior\BuildLiteBehavior [ RunTime:0.000183s ]
INFO: [ app_init ] --END-- [ RunTime:0.002123s ]
INFO: [ app_begin ] --START--
INFO: Run Behavior\ReadHtmlCacheBehavior [ RunTime:0.003875s ]
INFO: [ app_begin ] --END-- [ RunTime:0.004905s ]
INFO: [ view_parse ] --START--
INFO: Run Behavior\ParseTemplateBehavior [ RunTime:0.003429s ]
INFO: [ view_parse ] --END-- [ RunTime:0.005814s ]
INFO: [ view_filter ] --START--
INFO: Run Behavior\WriteHtmlCacheBehavior [ RunTime:0.003455s ]
INFO: [ view_filter ] --END-- [ RunTime:0.012007s ]
INFO: [ app_end ] --START--
INFO: Run Behavior\ShowPageTraceBehavior [ RunTime:0.003186s ]
INFO: [ app_end ] --END-- [ RunTime:0.006199s ]

[ 2018-04-13T00:28:09+08:00 ] ::1 /thinkphp/index.php
INFO: [ app_init ] --START--
INFO: Run Behavior\BuildLiteBehavior [ RunTime:0.000115s ]
INFO: [ app_init ] --END-- [ RunTime:0.001759s ]
INFO: [ app_begin ] --START--
INFO: Run Behavior\ReadHtmlCacheBehavior [ RunTime:0.001722s ]
INFO: [ app_begin ] --END-- [ RunTime:0.001933s ]
INFO: [ view_parse ] --START--
INFO: Run Behavior\ParseTemplateBehavior [ RunTime:0.001182s ]
INFO: [ view_parse ] --END-- [ RunTime:0.001553s ]
INFO: [ view_filter ] --START--
INFO: Run Behavior\WriteHtmlCacheBehavior [ RunTime:0.001078s ]
INFO: [ view_filter ] --END-- [ RunTime:0.001348s ]
INFO: [ app_end ] --START--
INFO: Run Behavior\ShowPageTraceBehavior [ RunTime:0.002014s ]
INFO: [ app_end ] --END-- [ RunTime:0.002367s ]

[ 2018-04-13T00:31:17+08:00 ] ::1 /thinkphp/?XDEBUG_SESSION_START=18334
INFO: [ app_init ] --START--
INFO: Run Behavior\BuildLiteBehavior [ RunTime:0.000209s ]
INFO: [ app_init ] --END-- [ RunTime:0.002871s ]
INFO: [ app_begin ] --START--
INFO: Run Behavior\ReadHtmlCacheBehavior [ RunTime:0.004248s ]
INFO: [ app_begin ] --END-- [ RunTime:0.005445s ]
INFO: [ view_parse ] --START--
INFO: Run Behavior\ParseTemplateBehavior [ RunTime:0.003805s ]
INFO: [ view_parse ] --END-- [ RunTime:0.005650s ]
INFO: [ view_filter ] --START--
INFO: Run Behavior\WriteHtmlCacheBehavior [ RunTime:0.002424s ]
INFO: [ view_filter ] --END-- [ RunTime:0.003678s ]
INFO: [ app_end ] --START--
INFO: Run Behavior\ShowPageTraceBehavior [ RunTime:0.003340s ]
INFO: [ app_end ] --END-- [ RunTime:0.004176s ]

[ 2018-04-13T00:32:51+08:00 ] ::1 /thinkphp/?XDEBUG_SESSION_START=19208
INFO: [ app_init ] --START--
INFO: Run Behavior\BuildLiteBehavior [ RunTime:0.000085s ]
INFO: [ app_init ] --END-- [ RunTime:0.001344s ]
INFO: [ app_begin ] --START--
INFO: Run Behavior\ReadHtmlCacheBehavior [ RunTime:0.001901s ]
INFO: [ app_begin ] --END-- [ RunTime:0.002639s ]
INFO: [ view_parse ] --START--
INFO: Run Behavior\ParseTemplateBehavior [ RunTime:0.001515s ]
INFO: [ view_parse ] --END-- [ RunTime:0.002023s ]
INFO: [ view_filter ] --START--
INFO: Run Behavior\WriteHtmlCacheBehavior [ RunTime:0.000846s ]
INFO: [ view_filter ] --END-- [ RunTime:0.001178s ]
INFO: [ app_end ] --START--
INFO: Run Behavior\ShowPageTraceBehavior [ RunTime:0.001460s ]
INFO: [ app_end ] --END-- [ RunTime:0.002024s ]

[ 2018-04-13T00:32:58+08:00 ] ::1 /thinkphp/?XDEBUG_SESSION_START=16348
INFO: [ app_init ] --START--
INFO: Run Behavior\BuildLiteBehavior [ RunTime:0.000091s ]
INFO: [ app_init ] --END-- [ RunTime:0.000950s ]
INFO: [ app_begin ] --START--
INFO: Run Behavior\ReadHtmlCacheBehavior [ RunTime:0.001068s ]
INFO: [ app_begin ] --END-- [ RunTime:0.001391s ]
INFO: [ view_parse ] --START--
INFO: Run Behavior\ParseTemplateBehavior [ RunTime:0.001029s ]
INFO: [ view_parse ] --END-- [ RunTime:0.001419s ]
INFO: [ view_filter ] --START--
INFO: Run Behavior\WriteHtmlCacheBehavior [ RunTime:0.000817s ]
INFO: [ view_filter ] --END-- [ RunTime:0.001132s ]
INFO: [ app_end ] --START--
INFO: Run Behavior\ShowPageTraceBehavior [ RunTime:0.001064s ]
INFO: [ app_end ] --END-- [ RunTime:0.001362s ]

[ 2018-04-13T00:33:35+08:00 ] ::1 /thinkphp/?XDEBUG_SESSION_START=12368
INFO: [ app_init ] --START--
INFO: Run Behavior\BuildLiteBehavior [ RunTime:0.000091s ]
INFO: [ app_init ] --END-- [ RunTime:0.001224s ]
INFO: [ app_begin ] --START--
INFO: Run Behavior\ReadHtmlCacheBehavior [ RunTime:0.001269s ]
INFO: [ app_begin ] --END-- [ RunTime:0.001630s ]
INFO: [ view_parse ] --START--
INFO: Run Behavior\ParseTemplateBehavior [ RunTime:0.001185s ]
INFO: [ view_parse ] --END-- [ RunTime:0.001575s ]
INFO: [ view_filter ] --START--
INFO: Run Behavior\WriteHtmlCacheBehavior [ RunTime:0.000743s ]
INFO: [ view_filter ] --END-- [ RunTime:0.001088s ]
INFO: [ app_end ] --START--
INFO: Run Behavior\ShowPageTraceBehavior [ RunTime:0.001461s ]
INFO: [ app_end ] --END-- [ RunTime:0.001903s ]

[ 2018-04-13T00:36:30+08:00 ] ::1 /thinkphp/?XDEBUG_SESSION_START=18487
INFO: [ app_init ] --START--
INFO: Run Behavior\BuildLiteBehavior [ RunTime:0.000116s ]
INFO: [ app_init ] --END-- [ RunTime:0.001382s ]
INFO: [ app_begin ] --START--
INFO: Run Behavior\ReadHtmlCacheBehavior [ RunTime:0.001386s ]
INFO: [ app_begin ] --END-- [ RunTime:0.001946s ]
INFO: [ view_parse ] --START--
INFO: Run Behavior\ParseTemplateBehavior [ RunTime:0.001334s ]
INFO: [ view_parse ] --END-- [ RunTime:0.001784s ]
INFO: [ view_filter ] --START--
INFO: Run Behavior\WriteHtmlCacheBehavior [ RunTime:0.001017s ]
INFO: [ view_filter ] --END-- [ RunTime:0.001944s ]
INFO: [ app_end ] --START--
INFO: Run Behavior\ShowPageTraceBehavior [ RunTime:0.002818s ]
INFO: [ app_end ] --END-- [ RunTime:0.003649s ]

[ 2018-04-13T00:36:48+08:00 ] ::1 /thinkphp/home/index/index
INFO: [ app_init ] --START--
INFO: Run Behavior\BuildLiteBehavior [ RunTime:0.000072s ]
INFO: [ app_init ] --END-- [ RunTime:0.001017s ]
INFO: [ app_begin ] --START--
INFO: Run Behavior\ReadHtmlCacheBehavior [ RunTime:0.001441s ]
INFO: [ app_begin ] --END-- [ RunTime:0.001855s ]
INFO: [ view_parse ] --START--
INFO: Run Behavior\ParseTemplateBehavior [ RunTime:0.000910s ]
INFO: [ view_parse ] --END-- [ RunTime:0.001255s ]
INFO: [ view_filter ] --START--
INFO: Run Behavior\WriteHtmlCacheBehavior [ RunTime:0.000744s ]
INFO: [ view_filter ] --END-- [ RunTime:0.001055s ]
INFO: [ app_end ] --START--
INFO: Run Behavior\ShowPageTraceBehavior [ RunTime:0.001077s ]
INFO: [ app_end ] --END-- [ RunTime:0.001366s ]

[ 2018-04-13T00:36:51+08:00 ] ::1 /thinkphp/home/index/index2
INFO: [ app_init ] --START--
INFO: Run Behavior\BuildLiteBehavior [ RunTime:0.000131s ]
INFO: [ app_init ] --END-- [ RunTime:0.002145s ]
INFO: [ app_begin ] --START--
INFO: Run Behavior\ReadHtmlCacheBehavior [ RunTime:0.002173s ]
INFO: [ app_begin ] --END-- [ RunTime:0.002778s ]
INFO: [ app_end ] --START--
INFO: Run Behavior\ShowPageTraceBehavior [ RunTime:0.003354s ]
INFO: [ app_end ] --END-- [ RunTime:0.004423s ]

[ 2018-04-13T00:37:05+08:00 ] ::1 /thinkphp/home/index/index2
INFO: [ app_init ] --START--
INFO: Run Behavior\BuildLiteBehavior [ RunTime:0.000344s ]
INFO: [ app_init ] --END-- [ RunTime:0.003489s ]
INFO: [ app_begin ] --START--
INFO: Run Behavior\ReadHtmlCacheBehavior [ RunTime:0.003368s ]
INFO: [ app_begin ] --END-- [ RunTime:0.004350s ]
INFO: [ app_end ] --START--
INFO: Run Behavior\ShowPageTraceBehavior [ RunTime:0.003303s ]
INFO: [ app_end ] --END-- [ RunTime:0.004313s ]

[ 2018-04-13T00:37:07+08:00 ] ::1 /thinkphp/home/index/index2
INFO: [ app_init ] --START--
INFO: Run Behavior\BuildLiteBehavior [ RunTime:0.000177s ]
INFO: [ app_init ] --END-- [ RunTime:0.002002s ]
INFO: [ app_begin ] --START--
INFO: Run Behavior\ReadHtmlCacheBehavior [ RunTime:0.002732s ]
INFO: [ app_begin ] --END-- [ RunTime:0.003513s ]
INFO: [ app_end ] --START--
INFO: Run Behavior\ShowPageTraceBehavior [ RunTime:0.002630s ]
INFO: [ app_end ] --END-- [ RunTime:0.003398s ]

[ 2018-04-13T00:37:08+08:00 ] ::1 /thinkphp/home/index/index2
INFO: [ app_init ] --START--
INFO: Run Behavior\BuildLiteBehavior [ RunTime:0.000289s ]
INFO: [ app_init ] --END-- [ RunTime:0.004128s ]
INFO: [ app_begin ] --START--
INFO: Run Behavior\ReadHtmlCacheBehavior [ RunTime:0.007912s ]
INFO: [ app_begin ] --END-- [ RunTime:0.009998s ]
INFO: [ app_end ] --START--
INFO: Run Behavior\ShowPageTraceBehavior [ RunTime:0.004988s ]
INFO: [ app_end ] --END-- [ RunTime:0.006455s ]

[ 2018-04-13T00:37:09+08:00 ] ::1 /thinkphp/home/index/index2
INFO: [ app_init ] --START--
INFO: Run Behavior\BuildLiteBehavior [ RunTime:0.000147s ]
INFO: [ app_init ] --END-- [ RunTime:0.001661s ]
INFO: [ app_begin ] --START--
INFO: Run Behavior\ReadHtmlCacheBehavior [ RunTime:0.001288s ]
INFO: [ app_begin ] --END-- [ RunTime:0.001666s ]
INFO: [ app_end ] --START--
INFO: Run Behavior\ShowPageTraceBehavior [ RunTime:0.001337s ]
INFO: [ app_end ] --END-- [ RunTime:0.001728s ]

[ 2018-04-13T00:37:17+08:00 ] ::1 /thinkphp/home/index/index2
INFO: [ app_init ] --START--
INFO: Run Behavior\BuildLiteBehavior [ RunTime:0.000179s ]
INFO: [ app_init ] --END-- [ RunTime:0.002059s ]
INFO: [ app_begin ] --START--
INFO: Run Behavior\ReadHtmlCacheBehavior [ RunTime:0.003038s ]
INFO: [ app_begin ] --END-- [ RunTime:0.004029s ]
INFO: [ app_end ] --START--
INFO: Run Behavior\ShowPageTraceBehavior [ RunTime:0.002610s ]
INFO: [ app_end ] --END-- [ RunTime:0.003431s ]

[ 2018-04-13T00:37:18+08:00 ] ::1 /thinkphp/home/index/index2
INFO: [ app_init ] --START--
INFO: Run Behavior\BuildLiteBehavior [ RunTime:0.000200s ]
INFO: [ app_init ] --END-- [ RunTime:0.002243s ]
INFO: [ app_begin ] --START--
INFO: Run Behavior\ReadHtmlCacheBehavior [ RunTime:0.002902s ]
INFO: [ app_begin ] --END-- [ RunTime:0.003751s ]
INFO: [ app_end ] --START--
INFO: Run Behavior\ShowPageTraceBehavior [ RunTime:0.004729s ]
INFO: [ app_end ] --END-- [ RunTime:0.005579s ]

[ 2018-04-13T00:37:18+08:00 ] ::1 /thinkphp/home/index/index2
INFO: [ app_init ] --START--
INFO: Run Behavior\BuildLiteBehavior [ RunTime:0.000331s ]
INFO: [ app_init ] --END-- [ RunTime:0.004361s ]
INFO: [ app_begin ] --START--
INFO: Run Behavior\ReadHtmlCacheBehavior [ RunTime:0.003608s ]
INFO: [ app_begin ] --END-- [ RunTime:0.004875s ]
INFO: [ app_end ] --START--
INFO: Run Behavior\ShowPageTraceBehavior [ RunTime:0.004153s ]
INFO: [ app_end ] --END-- [ RunTime:0.005447s ]

[ 2018-04-13T00:37:19+08:00 ] ::1 /thinkphp/home/index/index2
INFO: [ app_init ] --START--
INFO: Run Behavior\BuildLiteBehavior [ RunTime:0.000132s ]
INFO: [ app_init ] --END-- [ RunTime:0.001598s ]
INFO: [ app_begin ] --START--
INFO: Run Behavior\ReadHtmlCacheBehavior [ RunTime:0.001445s ]
INFO: [ app_begin ] --END-- [ RunTime:0.001901s ]
INFO: [ app_end ] --START--
INFO: Run Behavior\ShowPageTraceBehavior [ RunTime:0.001393s ]
INFO: [ app_end ] --END-- [ RunTime:0.001823s ]

[ 2018-04-13T00:37:50+08:00 ] ::1 /thinkphp/home/index/index2
INFO: [ app_init ] --START--
INFO: Run Behavior\BuildLiteBehavior [ RunTime:0.000099s ]
INFO: [ app_init ] --END-- [ RunTime:0.001635s ]
INFO: [ app_begin ] --START--
INFO: Run Behavior\ReadHtmlCacheBehavior [ RunTime:0.003055s ]
INFO: [ app_begin ] --END-- [ RunTime:0.003591s ]
INFO: [ app_end ] --START--
INFO: Run Behavior\ShowPageTraceBehavior [ RunTime:0.002823s ]
INFO: [ app_end ] --END-- [ RunTime:0.003439s ]

[ 2018-04-13T00:37:52+08:00 ] ::1 /thinkphp/home/index/index2
INFO: [ app_init ] --START--
INFO: Run Behavior\BuildLiteBehavior [ RunTime:0.000174s ]
INFO: [ app_init ] --END-- [ RunTime:0.002694s ]
INFO: [ app_begin ] --START--
INFO: Run Behavior\ReadHtmlCacheBehavior [ RunTime:0.004744s ]
INFO: [ app_begin ] --END-- [ RunTime:0.005524s ]
INFO: [ app_end ] --START--
INFO: Run Behavior\ShowPageTraceBehavior [ RunTime:0.004514s ]
INFO: [ app_end ] --END-- [ RunTime:0.005553s ]

[ 2018-04-13T00:37:53+08:00 ] ::1 /thinkphp/home/index/index2
INFO: [ app_init ] --START--
INFO: Run Behavior\BuildLiteBehavior [ RunTime:0.000164s ]
INFO: [ app_init ] --END-- [ RunTime:0.003379s ]
INFO: [ app_begin ] --START--
INFO: Run Behavior\ReadHtmlCacheBehavior [ RunTime:0.005887s ]
INFO: [ app_begin ] --END-- [ RunTime:0.006770s ]
INFO: [ app_end ] --START--
INFO: Run Behavior\ShowPageTraceBehavior [ RunTime:0.004055s ]
INFO: [ app_end ] --END-- [ RunTime:0.004850s ]

[ 2018-04-13T00:38:17+08:00 ] ::1 /thinkphp/home/index/index2
INFO: [ app_init ] --START--
INFO: Run Behavior\BuildLiteBehavior [ RunTime:0.000246s ]
INFO: [ app_init ] --END-- [ RunTime:0.003054s ]
INFO: [ app_begin ] --START--
INFO: Run Behavior\ReadHtmlCacheBehavior [ RunTime:0.003148s ]
INFO: [ app_begin ] --END-- [ RunTime:0.003724s ]
ERR: 模板不存在:./Application/Home/View/Index/index2.html

[ 2018-04-13T00:39:05+08:00 ] ::1 /thinkphp/home/index/index2
INFO: [ app_init ] --START--
INFO: Run Behavior\BuildLiteBehavior [ RunTime:0.000110s ]
INFO: [ app_init ] --END-- [ RunTime:0.001757s ]
INFO: [ app_begin ] --START--
INFO: Run Behavior\ReadHtmlCacheBehavior [ RunTime:0.003336s ]
INFO: [ app_begin ] --END-- [ RunTime:0.003890s ]
INFO: [ view_parse ] --START--
INFO: [ template_filter ] --START--
INFO: Run Behavior\ContentReplaceBehavior [ RunTime:0.000270s ]
INFO: [ template_filter ] --END-- [ RunTime:0.000875s ]
INFO: Run Behavior\ParseTemplateBehavior [ RunTime:0.068267s ]
INFO: [ view_parse ] --END-- [ RunTime:0.069043s ]
INFO: [ view_filter ] --START--
INFO: Run Behavior\WriteHtmlCacheBehavior [ RunTime:0.003158s ]
INFO: [ view_filter ] --END-- [ RunTime:0.003969s ]
INFO: [ app_end ] --START--
INFO: Run Behavior\ShowPageTraceBehavior [ RunTime:0.002964s ]
INFO: [ app_end ] --END-- [ RunTime:0.003449s ]

[ 2018-04-13T00:39:24+08:00 ] ::1 /thinkphp/home/index/index2
INFO: [ app_init ] --START--
INFO: Run Behavior\BuildLiteBehavior [ RunTime:0.000263s ]
INFO: [ app_init ] --END-- [ RunTime:0.003625s ]
INFO: [ app_begin ] --START--
INFO: Run Behavior\ReadHtmlCacheBehavior [ RunTime:0.004878s ]
INFO: [ app_begin ] --END-- [ RunTime:0.005942s ]
INFO: [ view_parse ] --START--
INFO: [ template_filter ] --START--
INFO: Run Behavior\ContentReplaceBehavior [ RunTime:0.000642s ]
INFO: [ template_filter ] --END-- [ RunTime:0.001957s ]
INFO: Run Behavior\ParseTemplateBehavior [ RunTime:0.059806s ]
INFO: [ view_parse ] --END-- [ RunTime:0.060988s ]
INFO: [ view_filter ] --START--
INFO: Run Behavior\WriteHtmlCacheBehavior [ RunTime:0.004225s ]
INFO: [ view_filter ] --END-- [ RunTime:0.005247s ]
INFO: [ app_end ] --START--
INFO: Run Behavior\ShowPageTraceBehavior [ RunTime:0.008578s ]
INFO: [ app_end ] --END-- [ RunTime:0.010083s ]

[ 2018-04-13T00:42:16+08:00 ] ::1 /thinkphp/?XDEBUG_SESSION_START=15919
INFO: [ app_init ] --START--
INFO: Run Behavior\BuildLiteBehavior [ RunTime:0.000166s ]
INFO: [ app_init ] --END-- [ RunTime:0.001813s ]
INFO: [ app_begin ] --START--
INFO: Run Behavior\ReadHtmlCacheBehavior [ RunTime:0.003668s ]
INFO: [ app_begin ] --END-- [ RunTime:0.004344s ]
INFO: [ view_parse ] --START--
INFO: Run Behavior\ParseTemplateBehavior [ RunTime:0.001708s ]
INFO: [ view_parse ] --END-- [ RunTime:0.002425s ]
INFO: [ view_filter ] --START--
INFO: Run Behavior\WriteHtmlCacheBehavior [ RunTime:0.001294s ]
INFO: [ view_filter ] --END-- [ RunTime:0.001897s ]
INFO: [ app_end ] --START--
INFO: Run Behavior\ShowPageTraceBehavior [ RunTime:0.001900s ]
INFO: [ app_end ] --END-- [ RunTime:0.002517s ]

[ 2018-04-13T00:45:36+08:00 ] ::1 /thinkphp/index.php?XDEBUG_SESSION_START=18740
INFO: [ app_init ] --START--
INFO: Run Behavior\BuildLiteBehavior [ RunTime:0.000241s ]
INFO: [ app_init ] --END-- [ RunTime:0.003696s ]
INFO: [ app_begin ] --START--
INFO: Run Behavior\ReadHtmlCacheBehavior [ RunTime:0.004665s ]
INFO: [ app_begin ] --END-- [ RunTime:0.005964s ]
INFO: [ view_parse ] --START--
INFO: Run Behavior\ParseTemplateBehavior [ RunTime:0.003471s ]
INFO: [ view_parse ] --END-- [ RunTime:0.004698s ]
INFO: [ view_filter ] --START--
INFO: Run Behavior\WriteHtmlCacheBehavior [ RunTime:0.003287s ]
INFO: [ view_filter ] --END-- [ RunTime:0.004834s ]
INFO: [ app_end ] --START--
INFO: Run Behavior\ShowPageTraceBehavior [ RunTime:0.003966s ]
INFO: [ app_end ] --END-- [ RunTime:0.005031s ]

[ 2018-04-13T19:34:36+08:00 ] ::1 /thinkphp/index.php?XDEBUG_SESSION_START=19955
INFO: [ app_init ] --START--
INFO: Run Behavior\BuildLiteBehavior [ RunTime:0.000057s ]
INFO: [ app_init ] --END-- [ RunTime:0.001987s ]
INFO: [ app_begin ] --START--
INFO: Run Behavior\ReadHtmlCacheBehavior [ RunTime:0.016245s ]
INFO: [ app_begin ] --END-- [ RunTime:0.016508s ]
INFO: [ view_parse ] --START--
INFO: Run Behavior\ParseTemplateBehavior [ RunTime:0.009032s ]
INFO: [ view_parse ] --END-- [ RunTime:0.009349s ]
INFO: [ view_filter ] --START--
INFO: Run Behavior\WriteHtmlCacheBehavior [ RunTime:0.010372s ]
INFO: [ view_filter ] --END-- [ RunTime:0.010650s ]
INFO: [ app_end ] --START--
INFO: Run Behavior\ShowPageTraceBehavior [ RunTime:0.009601s ]
INFO: [ app_end ] --END-- [ RunTime:0.010035s ]

[ 2018-04-13T19:34:46+08:00 ] ::1 /thinkphp/index.php/home/index/index
INFO: [ app_init ] --START--
INFO: Run Behavior\BuildLiteBehavior [ RunTime:0.000053s ]
INFO: [ app_init ] --END-- [ RunTime:0.000707s ]
INFO: [ app_begin ] --START--
INFO: Run Behavior\ReadHtmlCacheBehavior [ RunTime:0.000909s ]
INFO: [ app_begin ] --END-- [ RunTime:0.001149s ]
INFO: [ view_parse ] --START--
INFO: Run Behavior\ParseTemplateBehavior [ RunTime:0.000716s ]
INFO: [ view_parse ] --END-- [ RunTime:0.001025s ]
INFO: [ view_filter ] --START--
INFO: Run Behavior\WriteHtmlCacheBehavior [ RunTime:0.000553s ]
INFO: [ view_filter ] --END-- [ RunTime:0.000809s ]
INFO: [ app_end ] --START--
INFO: Run Behavior\ShowPageTraceBehavior [ RunTime:0.000887s ]
INFO: [ app_end ] --END-- [ RunTime:0.001111s ]

[ 2018-04-13T19:37:09+08:00 ] ::1 /thinkphp/index.php/home/index/index
INFO: [ app_init ] --START--
INFO: Run Behavior\BuildLiteBehavior [ RunTime:0.000051s ]
INFO: [ app_init ] --END-- [ RunTime:0.000634s ]
INFO: [ app_begin ] --START--
INFO: Run Behavior\ReadHtmlCacheBehavior [ RunTime:0.000873s ]
INFO: [ app_begin ] --END-- [ RunTime:0.001134s ]
INFO: [ view_parse ] --START--
INFO: Run Behavior\ParseTemplateBehavior [ RunTime:0.001078s ]
INFO: [ view_parse ] --END-- [ RunTime:0.001528s ]
INFO: [ view_filter ] --START--
INFO: Run Behavior\WriteHtmlCacheBehavior [ RunTime:0.000734s ]
INFO: [ view_filter ] --END-- [ RunTime:0.000999s ]
INFO: [ app_end ] --START--
INFO: Run Behavior\ShowPageTraceBehavior [ RunTime:0.000858s ]
INFO: [ app_end ] --END-- [ RunTime:0.001083s ]

