[ 2018-04-21T00:16:51+08:00 ] ::1 /zws/index.php/Home/Mycar/data/cartData.json
INFO: [ app_begin ] --START--
INFO: Run Behavior\ReadHtmlCacheBehavior [ RunTime:0.004544s ]
INFO: [ app_begin ] --END-- [ RunTime:0.007780s ]
ERR: 非法操作:data

[ 2018-04-21T00:17:36+08:00 ] ::1 /zws/index.php/Home/Mycar/data/cartData.json
INFO: [ app_begin ] --START--
INFO: Run Behavior\ReadHtmlCacheBehavior [ RunTime:0.008956s ]
INFO: [ app_begin ] --END-- [ RunTime:0.018736s ]
ERR: 非法操作:data

[ 2018-04-21T00:17:54+08:00 ] ::1 /zws/index.php/Home/Mycar/data/cartData.json
INFO: [ app_begin ] --START--
INFO: Run Behavior\ReadHtmlCacheBehavior [ RunTime:0.003941s ]
INFO: [ app_begin ] --END-- [ RunTime:0.005912s ]
ERR: 非法操作:data

[ 2018-04-21T00:18:05+08:00 ] ::1 /zws/index.php/Home/Mycar/data/cartData.json
INFO: [ app_begin ] --START--
INFO: Run Behavior\ReadHtmlCacheBehavior [ RunTime:0.003201s ]
INFO: [ app_begin ] --END-- [ RunTime:0.005102s ]
ERR: 非法操作:data

[ 2018-04-21T00:18:19+08:00 ] ::1 /zws/index.php/Home/Mycar/data/cartData.json
INFO: [ app_begin ] --START--
INFO: Run Behavior\ReadHtmlCacheBehavior [ RunTime:0.003205s ]
INFO: [ app_begin ] --END-- [ RunTime:0.006327s ]
ERR: 非法操作:data

[ 2018-04-21T00:19:41+08:00 ] ::1 /zws/index.php/Home/Mycar/data/cartData.json
INFO: [ app_begin ] --START--
INFO: Run Behavior\ReadHtmlCacheBehavior [ RunTime:0.006060s ]
INFO: [ app_begin ] --END-- [ RunTime:0.008780s ]
ERR: 非法操作:data

[ 2018-04-21T00:20:47+08:00 ] ::1 /zws/index.php/Home/Mycar/data/cartData.json
INFO: [ app_begin ] --START--
INFO: Run Behavior\ReadHtmlCacheBehavior [ RunTime:0.005053s ]
INFO: [ app_begin ] --END-- [ RunTime:0.007429s ]
ERR: 非法操作:data

[ 2018-04-21T00:21:12+08:00 ] ::1 /zws/index.php/Home/Mycar/data/cartData.json
INFO: [ app_begin ] --START--
INFO: Run Behavior\ReadHtmlCacheBehavior [ RunTime:0.002584s ]
INFO: [ app_begin ] --END-- [ RunTime:0.004678s ]
ERR: 非法操作:data

[ 2018-04-21T00:22:43+08:00 ] ::1 /zws/index.php/Home/Mycar/data/cartData.json
INFO: [ app_begin ] --START--
INFO: Run Behavior\ReadHtmlCacheBehavior [ RunTime:0.005173s ]
INFO: [ app_begin ] --END-- [ RunTime:0.014037s ]
ERR: 非法操作:data

[ 2018-04-21T00:22:59+08:00 ] ::1 /zws/index.php/Home/Mycar/data/cartData.json
INFO: [ app_begin ] --START--
INFO: Run Behavior\ReadHtmlCacheBehavior [ RunTime:0.006910s ]
INFO: [ app_begin ] --END-- [ RunTime:0.011937s ]
ERR: 非法操作:data

[ 2018-04-21T00:23:41+08:00 ] ::1 /zws/index.php/Home/Mycar/data/cartData.json
INFO: [ app_begin ] --START--
INFO: Run Behavior\ReadHtmlCacheBehavior [ RunTime:0.002787s ]
INFO: [ app_begin ] --END-- [ RunTime:0.004886s ]
ERR: 非法操作:data

[ 2018-04-21T00:23:57+08:00 ] ::1 /zws/index.php/Home/Mycar/data/cartData.json
INFO: [ app_begin ] --START--
INFO: Run Behavior\ReadHtmlCacheBehavior [ RunTime:0.008120s ]
INFO: [ app_begin ] --END-- [ RunTime:0.015865s ]
ERR: 非法操作:data

[ 2018-04-21T00:24:06+08:00 ] ::1 /zws/index.php/Home/Mycar/data/cartData.json
INFO: [ app_begin ] --START--
INFO: Run Behavior\ReadHtmlCacheBehavior [ RunTime:0.003286s ]
INFO: [ app_begin ] --END-- [ RunTime:0.005210s ]
ERR: 非法操作:data

[ 2018-04-21T00:24:25+08:00 ] ::1 /zws/index.php/Home/Mycar/data/cartData.json
INFO: [ app_begin ] --START--
INFO: Run Behavior\ReadHtmlCacheBehavior [ RunTime:0.003710s ]
INFO: [ app_begin ] --END-- [ RunTime:0.005989s ]
ERR: 非法操作:data

[ 2018-04-21T00:24:40+08:00 ] ::1 /zws/index.php/Home/Mycar/data/cartData.json
INFO: [ app_begin ] --START--
INFO: Run Behavior\ReadHtmlCacheBehavior [ RunTime:0.005305s ]
INFO: [ app_begin ] --END-- [ RunTime:0.010785s ]
ERR: 非法操作:data

[ 2018-04-21T00:24:56+08:00 ] ::1 /zws/index.php/Home/Mycar/data/cartData.json
INFO: [ app_begin ] --START--
INFO: Run Behavior\ReadHtmlCacheBehavior [ RunTime:0.004607s ]
INFO: [ app_begin ] --END-- [ RunTime:0.006840s ]
ERR: 非法操作:data

[ 2018-04-21T08:19:22+08:00 ] ::1 /zws/index.php/Home/Mycar/data/cartData.json
INFO: [ app_begin ] --START--
INFO: Run Behavior\ReadHtmlCacheBehavior [ RunTime:0.002733s ]
INFO: [ app_begin ] --END-- [ RunTime:0.004649s ]
ERR: 非法操作:data

[ 2018-04-21T08:19:29+08:00 ] ::1 /zws/index.php/Home/Mycar/data/cartData.json
INFO: [ app_begin ] --START--
INFO: Run Behavior\ReadHtmlCacheBehavior [ RunTime:0.002408s ]
INFO: [ app_begin ] --END-- [ RunTime:0.004333s ]
ERR: 非法操作:data

[ 2018-04-21T08:19:50+08:00 ] ::1 /zws/index.php/Home/Mycar/data/cartData.json
INFO: [ app_begin ] --START--
INFO: Run Behavior\ReadHtmlCacheBehavior [ RunTime:0.003303s ]
INFO: [ app_begin ] --END-- [ RunTime:0.005456s ]
ERR: 非法操作:data

[ 2018-04-21T08:19:55+08:00 ] ::1 /zws/index.php/Home/Mycar/data/cartData.json
INFO: [ app_begin ] --START--
INFO: Run Behavior\ReadHtmlCacheBehavior [ RunTime:0.004980s ]
INFO: [ app_begin ] --END-- [ RunTime:0.008833s ]
ERR: 非法操作:data

[ 2018-04-21T08:20:03+08:00 ] ::1 /zws/index.php/Home/Mycar/data/cartData.json
INFO: [ app_begin ] --START--
INFO: Run Behavior\ReadHtmlCacheBehavior [ RunTime:0.006199s ]
INFO: [ app_begin ] --END-- [ RunTime:0.008529s ]
ERR: 非法操作:data

[ 2018-04-21T08:20:06+08:00 ] ::1 /zws/index.php/Home/Mycar/data/cartData.json
INFO: [ app_begin ] --START--
INFO: Run Behavior\ReadHtmlCacheBehavior [ RunTime:0.004112s ]
INFO: [ app_begin ] --END-- [ RunTime:0.008943s ]
ERR: 非法操作:data

[ 2018-04-21T08:26:00+08:00 ] ::1 /zws/index.php/Home/Mycar/data/cartData.json
INFO: [ app_begin ] --START--
INFO: Run Behavior\ReadHtmlCacheBehavior [ RunTime:0.004799s ]
INFO: [ app_begin ] --END-- [ RunTime:0.007627s ]
ERR: 非法操作:data

[ 2018-04-21T08:26:05+08:00 ] ::1 /zws/index.php/Home/Mycar/data/cartData.json
INFO: [ app_begin ] --START--
INFO: Run Behavior\ReadHtmlCacheBehavior [ RunTime:0.011695s ]
INFO: [ app_begin ] --END-- [ RunTime:0.014337s ]
ERR: 非法操作:data

[ 2018-04-21T08:26:16+08:00 ] ::1 /zws/index.php/Home/Mycar/data/cartData.json
INFO: [ app_begin ] --START--
INFO: Run Behavior\ReadHtmlCacheBehavior [ RunTime:0.004947s ]
INFO: [ app_begin ] --END-- [ RunTime:0.007734s ]
ERR: 非法操作:data

[ 2018-04-21T08:27:07+08:00 ] ::1 /zws/index.php/Home/Mycar/data/cartData.json
INFO: [ app_begin ] --START--
INFO: Run Behavior\ReadHtmlCacheBehavior [ RunTime:0.003129s ]
INFO: [ app_begin ] --END-- [ RunTime:0.005578s ]
ERR: 非法操作:data

[ 2018-04-21T08:27:17+08:00 ] ::1 /zws/index.php/Home/Mycar/data/cartData.json
INFO: [ app_begin ] --START--
INFO: Run Behavior\ReadHtmlCacheBehavior [ RunTime:0.005060s ]
INFO: [ app_begin ] --END-- [ RunTime:0.011247s ]
ERR: 非法操作:data

[ 2018-04-21T08:27:56+08:00 ] ::1 /zws/index.php/Home/Mycar/data/cartData.json
INFO: [ app_begin ] --START--
INFO: Run Behavior\ReadHtmlCacheBehavior [ RunTime:0.004412s ]
INFO: [ app_begin ] --END-- [ RunTime:0.008168s ]
ERR: 非法操作:data

[ 2018-04-21T08:28:06+08:00 ] ::1 /zws/index.php/Home/Mycar/data/cartData.json
INFO: [ app_begin ] --START--
INFO: Run Behavior\ReadHtmlCacheBehavior [ RunTime:0.004575s ]
INFO: [ app_begin ] --END-- [ RunTime:0.006925s ]
ERR: 非法操作:data

[ 2018-04-21T08:28:22+08:00 ] ::1 /zws/index.php/Home/Mycar/data/cartData.json
INFO: [ app_begin ] --START--
INFO: Run Behavior\ReadHtmlCacheBehavior [ RunTime:0.003582s ]
INFO: [ app_begin ] --END-- [ RunTime:0.005626s ]
ERR: 非法操作:data

[ 2018-04-21T08:28:28+08:00 ] ::1 /zws/index.php/Home/Mycar/data/cartData.json
INFO: [ app_begin ] --START--
INFO: Run Behavior\ReadHtmlCacheBehavior [ RunTime:0.003720s ]
INFO: [ app_begin ] --END-- [ RunTime:0.006706s ]
ERR: 非法操作:data

[ 2018-04-21T08:30:06+08:00 ] ::1 /zws/index.php/Home/Mycar/data/cartData.json
INFO: [ app_begin ] --START--
INFO: Run Behavior\ReadHtmlCacheBehavior [ RunTime:0.003557s ]
INFO: [ app_begin ] --END-- [ RunTime:0.007484s ]
ERR: 非法操作:data

[ 2018-04-21T08:30:13+08:00 ] ::1 /zws/index.php/Home/Mycar/data/cartData.json
INFO: [ app_begin ] --START--
INFO: Run Behavior\ReadHtmlCacheBehavior [ RunTime:0.002927s ]
INFO: [ app_begin ] --END-- [ RunTime:0.004869s ]
ERR: 非法操作:data

[ 2018-04-21T08:31:44+08:00 ] ::1 /zws/index.php/Home/Mycar/data/cartData.json
INFO: [ app_begin ] --START--
INFO: Run Behavior\ReadHtmlCacheBehavior [ RunTime:0.003677s ]
INFO: [ app_begin ] --END-- [ RunTime:0.005869s ]
ERR: 非法操作:data

[ 2018-04-21T08:31:51+08:00 ] ::1 /zws/index.php/Home/Mycar/data/cartData.json
INFO: [ app_begin ] --START--
INFO: Run Behavior\ReadHtmlCacheBehavior [ RunTime:0.005698s ]
INFO: [ app_begin ] --END-- [ RunTime:0.008525s ]
ERR: 非法操作:data

[ 2018-04-21T08:33:06+08:00 ] ::1 /zws/index.php/Home/Mycar/data/cartData.json
INFO: [ app_begin ] --START--
INFO: Run Behavior\ReadHtmlCacheBehavior [ RunTime:0.003086s ]
INFO: [ app_begin ] --END-- [ RunTime:0.005281s ]
ERR: 非法操作:data

[ 2018-04-21T08:33:10+08:00 ] ::1 /zws/index.php/Home/Mycar/data/cartData.json
INFO: [ app_begin ] --START--
INFO: Run Behavior\ReadHtmlCacheBehavior [ RunTime:0.004580s ]
INFO: [ app_begin ] --END-- [ RunTime:0.008305s ]
ERR: 非法操作:data

[ 2018-04-21T08:33:12+08:00 ] ::1 /zws/index.php/Home/%E3%80%91
ERR: 无法加载控制器:】

[ 2018-04-21T08:33:20+08:00 ] ::1 /zws/index.php/Home/Mycar/data/cartData.json
INFO: [ app_begin ] --START--
INFO: Run Behavior\ReadHtmlCacheBehavior [ RunTime:0.005385s ]
INFO: [ app_begin ] --END-- [ RunTime:0.007833s ]
ERR: 非法操作:data

[ 2018-04-21T08:36:59+08:00 ] ::1 /zws/index.php/Home/Mycar/data/cartData.json
INFO: [ app_begin ] --START--
INFO: Run Behavior\ReadHtmlCacheBehavior [ RunTime:0.003203s ]
INFO: [ app_begin ] --END-- [ RunTime:0.005817s ]
ERR: 非法操作:data

[ 2018-04-21T08:37:57+08:00 ] ::1 /zws/index.php/Home/Mycar/data/cartData.json
INFO: [ app_begin ] --START--
INFO: Run Behavior\ReadHtmlCacheBehavior [ RunTime:0.010787s ]
INFO: [ app_begin ] --END-- [ RunTime:0.013337s ]
ERR: 非法操作:data

[ 2018-04-21T08:39:00+08:00 ] ::1 /zws/index.php/Home/Mycar/data/cartData.json
INFO: [ app_begin ] --START--
INFO: Run Behavior\ReadHtmlCacheBehavior [ RunTime:0.004722s ]
INFO: [ app_begin ] --END-- [ RunTime:0.007192s ]
ERR: 非法操作:data

[ 2018-04-21T08:40:28+08:00 ] ::1 /zws/index.php/Home/Mycar/data/cartData.json
INFO: [ app_begin ] --START--
INFO: Run Behavior\ReadHtmlCacheBehavior [ RunTime:0.005349s ]
INFO: [ app_begin ] --END-- [ RunTime:0.008500s ]
ERR: 非法操作:data

[ 2018-04-21T08:40:47+08:00 ] ::1 /zws/index.php/Home/Mycar/data/cartData.json
INFO: [ app_begin ] --START--
INFO: Run Behavior\ReadHtmlCacheBehavior [ RunTime:0.003498s ]
INFO: [ app_begin ] --END-- [ RunTime:0.007579s ]
ERR: 非法操作:data

[ 2018-04-21T08:40:51+08:00 ] ::1 /zws/index.php/Home/Mycar/data/cartData.json
INFO: [ app_begin ] --START--
INFO: Run Behavior\ReadHtmlCacheBehavior [ RunTime:0.005180s ]
INFO: [ app_begin ] --END-- [ RunTime:0.007229s ]
ERR: 非法操作:data

[ 2018-04-21T08:44:41+08:00 ] ::1 /zws/index.php/Home/Mycar/data/cartData.json
INFO: [ app_begin ] --START--
INFO: Run Behavior\ReadHtmlCacheBehavior [ RunTime:0.005668s ]
INFO: [ app_begin ] --END-- [ RunTime:0.009405s ]
ERR: 非法操作:data

[ 2018-04-21T08:44:51+08:00 ] ::1 /zws/index.php/Home/Mycar/data/cartData.json
INFO: [ app_begin ] --START--
INFO: Run Behavior\ReadHtmlCacheBehavior [ RunTime:0.005397s ]
INFO: [ app_begin ] --END-- [ RunTime:0.007725s ]
ERR: 非法操作:data

[ 2018-04-21T08:56:38+08:00 ] ::1 /zws/index.php/Home/Mycar/data/cartData.json
INFO: [ app_begin ] --START--
INFO: Run Behavior\ReadHtmlCacheBehavior [ RunTime:0.002852s ]
INFO: [ app_begin ] --END-- [ RunTime:0.004837s ]
ERR: 非法操作:data

[ 2018-04-21T08:56:47+08:00 ] ::1 /zws/index.php/Home/Mycar/__CONTROLLER__/index
ERR: 非法操作:__CONTROLLER__

[ 2018-04-21T08:57:03+08:00 ] ::1 /zws/index.php/Home/Mycar/__CONTROLLER__/index
ERR: 非法操作:__CONTROLLER__

[ 2018-04-21T08:57:17+08:00 ] ::1 /zws/index.php/Home/Mycar/data/cartData.json
INFO: [ app_begin ] --START--
INFO: Run Behavior\ReadHtmlCacheBehavior [ RunTime:0.003835s ]
INFO: [ app_begin ] --END-- [ RunTime:0.008494s ]
ERR: 非法操作:data

[ 2018-04-21T08:57:22+08:00 ] ::1 /zws/index.php/Home/Mycar/data/cartData.json
INFO: [ app_begin ] --START--
INFO: Run Behavior\ReadHtmlCacheBehavior [ RunTime:0.004472s ]
INFO: [ app_begin ] --END-- [ RunTime:0.006425s ]
ERR: 非法操作:data

[ 2018-04-21T09:00:27+08:00 ] ::1 /zws/index.php/Home/Mycar/data/cartData.json
INFO: [ app_begin ] --START--
INFO: Run Behavior\ReadHtmlCacheBehavior [ RunTime:0.002870s ]
INFO: [ app_begin ] --END-- [ RunTime:0.005009s ]
ERR: 非法操作:data

[ 2018-04-21T09:02:05+08:00 ] ::1 /zws/index.php/Home/Mycar/data/cartData.json
INFO: [ app_begin ] --START--
INFO: Run Behavior\ReadHtmlCacheBehavior [ RunTime:0.002844s ]
INFO: [ app_begin ] --END-- [ RunTime:0.004641s ]
ERR: 非法操作:data

[ 2018-04-21T09:02:35+08:00 ] ::1 /zws/index.php/Home/Mycar/data/cartData.json
INFO: [ app_begin ] --START--
INFO: Run Behavior\ReadHtmlCacheBehavior [ RunTime:0.002639s ]
INFO: [ app_begin ] --END-- [ RunTime:0.005887s ]
ERR: 非法操作:data

[ 2018-04-21T09:03:09+08:00 ] ::1 /zws/index.php/Home/Mycar/data/cartData.json
INFO: [ app_begin ] --START--
INFO: Run Behavior\ReadHtmlCacheBehavior [ RunTime:0.003708s ]
INFO: [ app_begin ] --END-- [ RunTime:0.005866s ]
ERR: 非法操作:data

[ 2018-04-21T09:03:46+08:00 ] ::1 /zws/index.php/Home/Mycar/data/cartData.json
INFO: [ app_begin ] --START--
INFO: Run Behavior\ReadHtmlCacheBehavior [ RunTime:0.004900s ]
INFO: [ app_begin ] --END-- [ RunTime:0.010011s ]
ERR: 非法操作:data

[ 2018-04-21T09:04:46+08:00 ] ::1 /zws/index.php/Home/Mycar/data/cartData.json
INFO: [ app_begin ] --START--
INFO: Run Behavior\ReadHtmlCacheBehavior [ RunTime:0.010432s ]
INFO: [ app_begin ] --END-- [ RunTime:0.012134s ]
ERR: 非法操作:data

[ 2018-04-21T09:05:28+08:00 ] ::1 /zws/index.php/Home/Mycar/data/cartData.json
INFO: [ app_begin ] --START--
INFO: Run Behavior\ReadHtmlCacheBehavior [ RunTime:0.003494s ]
INFO: [ app_begin ] --END-- [ RunTime:0.005742s ]
ERR: 非法操作:data

[ 2018-04-21T09:05:35+08:00 ] ::1 /zws/index.php/Home/Mycar/data/cartData.json
INFO: [ app_begin ] --START--
INFO: Run Behavior\ReadHtmlCacheBehavior [ RunTime:0.002948s ]
INFO: [ app_begin ] --END-- [ RunTime:0.004660s ]
ERR: 非法操作:data

[ 2018-04-21T09:05:51+08:00 ] ::1 /zws/index.php/Home/Mycar/data/cartData.json
INFO: [ app_begin ] --START--
INFO: Run Behavior\ReadHtmlCacheBehavior [ RunTime:0.002754s ]
INFO: [ app_begin ] --END-- [ RunTime:0.005035s ]
ERR: 非法操作:data

[ 2018-04-21T09:08:12+08:00 ] ::1 /zws/index.php/Home/Mycar/data/cartData.json
INFO: [ app_begin ] --START--
INFO: Run Behavior\ReadHtmlCacheBehavior [ RunTime:0.002838s ]
INFO: [ app_begin ] --END-- [ RunTime:0.005354s ]
ERR: 非法操作:data

[ 2018-04-21T09:09:54+08:00 ] ::1 /zws/index.php/Home/Mycar/data/cartData.json
INFO: [ app_begin ] --START--
INFO: Run Behavior\ReadHtmlCacheBehavior [ RunTime:0.003537s ]
INFO: [ app_begin ] --END-- [ RunTime:0.007333s ]
ERR: 非法操作:data

[ 2018-04-21T09:12:23+08:00 ] ::1 /zws/index.php/Home/Mycar/data/cartData.json
INFO: [ app_begin ] --START--
INFO: Run Behavior\ReadHtmlCacheBehavior [ RunTime:0.002433s ]
INFO: [ app_begin ] --END-- [ RunTime:0.004008s ]
ERR: 非法操作:data

[ 2018-04-21T09:12:55+08:00 ] ::1 /zws/index.php/Home/Mycar/data/cartData.json
INFO: [ app_begin ] --START--
INFO: Run Behavior\ReadHtmlCacheBehavior [ RunTime:0.006852s ]
INFO: [ app_begin ] --END-- [ RunTime:0.010117s ]
ERR: 非法操作:data

[ 2018-04-21T09:13:00+08:00 ] ::1 /zws/index.php/Home/Mycar/data/address.json
INFO: [ app_begin ] --START--
INFO: Run Behavior\ReadHtmlCacheBehavior [ RunTime:0.003891s ]
INFO: [ app_begin ] --END-- [ RunTime:0.006008s ]
ERR: 非法操作:data

[ 2018-04-21T09:13:03+08:00 ] ::1 /zws/index.php/Home/Mycar/data/cartData.json
INFO: [ app_begin ] --START--
INFO: Run Behavior\ReadHtmlCacheBehavior [ RunTime:0.010445s ]
INFO: [ app_begin ] --END-- [ RunTime:0.015332s ]
ERR: 非法操作:data

[ 2018-04-21T16:57:15+08:00 ] ::1 /zws/index.php/Home/Mycar/data/cartData.json
INFO: [ app_begin ] --START--
INFO: Run Behavior\ReadHtmlCacheBehavior [ RunTime:0.003642s ]
INFO: [ app_begin ] --END-- [ RunTime:0.005937s ]
ERR: 非法操作:data

[ 2018-04-21T17:05:03+08:00 ] ::1 /zws/index.php/Home/Mycar/data/address.json
INFO: [ app_begin ] --START--
INFO: Run Behavior\ReadHtmlCacheBehavior [ RunTime:0.001956s ]
INFO: [ app_begin ] --END-- [ RunTime:0.003569s ]
ERR: 非法操作:data

[ 2018-04-21T17:05:08+08:00 ] ::1 /zws/index.php/Home/Mycar/data/cartData.json
INFO: [ app_begin ] --START--
INFO: Run Behavior\ReadHtmlCacheBehavior [ RunTime:0.002860s ]
INFO: [ app_begin ] --END-- [ RunTime:0.004441s ]
ERR: 非法操作:data

[ 2018-04-21T17:16:14+08:00 ] ::1 /zws/index.php/Home/Mycar/data/cartData.json
INFO: [ app_begin ] --START--
INFO: Run Behavior\ReadHtmlCacheBehavior [ RunTime:0.004634s ]
INFO: [ app_begin ] --END-- [ RunTime:0.006619s ]
ERR: 非法操作:data

[ 2018-04-21T17:22:15+08:00 ] ::1 /zws/index.php/Home/Mycar/data/address.json
INFO: [ app_begin ] --START--
INFO: Run Behavior\ReadHtmlCacheBehavior [ RunTime:0.004821s ]
INFO: [ app_begin ] --END-- [ RunTime:0.007450s ]
ERR: 非法操作:data

[ 2018-04-21T17:22:22+08:00 ] ::1 /zws/index.php/Home/Mycar/data/cartData.json
INFO: [ app_begin ] --START--
INFO: Run Behavior\ReadHtmlCacheBehavior [ RunTime:0.003073s ]
INFO: [ app_begin ] --END-- [ RunTime:0.008317s ]
ERR: 非法操作:data

[ 2018-04-21T17:22:42+08:00 ] ::1 /zws/index.php/Home/Mycar/data/address.json
INFO: [ app_begin ] --START--
INFO: Run Behavior\ReadHtmlCacheBehavior [ RunTime:0.003432s ]
INFO: [ app_begin ] --END-- [ RunTime:0.005487s ]
ERR: 非法操作:data

[ 2018-04-21T17:23:14+08:00 ] ::1 /zws/index.php/Home/Mycar/data/address.json
INFO: [ app_begin ] --START--
INFO: Run Behavior\ReadHtmlCacheBehavior [ RunTime:0.003431s ]
INFO: [ app_begin ] --END-- [ RunTime:0.005894s ]
ERR: 非法操作:data

[ 2018-04-21T17:23:29+08:00 ] ::1 /zws/index.php/Home/Mycar/data/address.json
INFO: [ app_begin ] --START--
INFO: Run Behavior\ReadHtmlCacheBehavior [ RunTime:0.005311s ]
INFO: [ app_begin ] --END-- [ RunTime:0.007323s ]
ERR: 非法操作:data

[ 2018-04-21T17:24:32+08:00 ] ::1 /zws/index.php/Home/Mycar/data/address.json
INFO: [ app_begin ] --START--
INFO: Run Behavior\ReadHtmlCacheBehavior [ RunTime:0.003330s ]
INFO: [ app_begin ] --END-- [ RunTime:0.006918s ]
ERR: 非法操作:data

[ 2018-04-21T17:24:48+08:00 ] ::1 /zws/index.php/Home/Mycar/data/address.json
INFO: [ app_begin ] --START--
INFO: Run Behavior\ReadHtmlCacheBehavior [ RunTime:0.002388s ]
INFO: [ app_begin ] --END-- [ RunTime:0.004443s ]
ERR: 非法操作:data

[ 2018-04-21T17:24:55+08:00 ] ::1 /zws/index.php/Home/Mycar/data/address.json
INFO: [ app_begin ] --START--
INFO: Run Behavior\ReadHtmlCacheBehavior [ RunTime:0.004024s ]
INFO: [ app_begin ] --END-- [ RunTime:0.008642s ]
ERR: 非法操作:data

[ 2018-04-21T17:29:57+08:00 ] ::1 /zws/index.php/Home/Mycar/address.html
ERR: 非法操作:address

[ 2018-04-21T17:30:01+08:00 ] ::1 /zws/index.php/Home/Mycar/data/cartData.json
INFO: [ app_begin ] --START--
INFO: Run Behavior\ReadHtmlCacheBehavior [ RunTime:0.003210s ]
INFO: [ app_begin ] --END-- [ RunTime:0.005276s ]
ERR: 非法操作:data

[ 2018-04-21T17:30:02+08:00 ] ::1 /zws/index.php/Home/Mycar/data/cartData.json
INFO: [ app_begin ] --START--
INFO: Run Behavior\ReadHtmlCacheBehavior [ RunTime:0.004687s ]
INFO: [ app_begin ] --END-- [ RunTime:0.007535s ]
ERR: 非法操作:data

[ 2018-04-21T17:30:03+08:00 ] ::1 /zws/index.php/Home/List/data/address.json
INFO: [ app_begin ] --START--
INFO: Run Behavior\ReadHtmlCacheBehavior [ RunTime:0.002417s ]
INFO: [ app_begin ] --END-- [ RunTime:0.004372s ]
ERR: 非法操作:data

[ 2018-04-21T17:30:34+08:00 ] ::1 /zws/index.php/Home/List/data/address.json
INFO: [ app_begin ] --START--
INFO: Run Behavior\ReadHtmlCacheBehavior [ RunTime:0.002888s ]
INFO: [ app_begin ] --END-- [ RunTime:0.004835s ]
ERR: 非法操作:data

[ 2018-04-21T17:30:42+08:00 ] ::1 /zws/index.php/Home/List/data/address.json
INFO: [ app_begin ] --START--
INFO: Run Behavior\ReadHtmlCacheBehavior [ RunTime:0.003436s ]
INFO: [ app_begin ] --END-- [ RunTime:0.006641s ]
ERR: 非法操作:data

[ 2018-04-21T17:38:38+08:00 ] ::1 /zws/index.php/Home/List/index.html
ERR: 1064:You have an error in your SQL syntax; check the manual that corresponds to your MySQL server version for the right syntax to use near '=>admin123 )' at line 1
 [ SQL语句 ] : SELECT * FROM `zws_list` WHERE ( 'user'=>admin123 ) 

[ 2018-04-21T17:39:14+08:00 ] ::1 /zws/index.php/Home/List/data/address.json
INFO: [ app_begin ] --START--
INFO: Run Behavior\ReadHtmlCacheBehavior [ RunTime:0.003231s ]
INFO: [ app_begin ] --END-- [ RunTime:0.005370s ]
ERR: 非法操作:data

[ 2018-04-21T17:40:47+08:00 ] ::1 /zws/index.php/Home/List/data/address.json
INFO: [ app_begin ] --START--
INFO: Run Behavior\ReadHtmlCacheBehavior [ RunTime:0.004334s ]
INFO: [ app_begin ] --END-- [ RunTime:0.006475s ]
ERR: 非法操作:data

[ 2018-04-21T17:41:25+08:00 ] ::1 /zws/index.php/Home/List/index.html
ERR: Think\Controller:ssign方法不存在！

[ 2018-04-21T17:41:34+08:00 ] ::1 /zws/index.php/Home/List/data/address.json
INFO: [ app_begin ] --START--
INFO: Run Behavior\ReadHtmlCacheBehavior [ RunTime:0.004762s ]
INFO: [ app_begin ] --END-- [ RunTime:0.008304s ]
ERR: 非法操作:data

[ 2018-04-21T17:41:56+08:00 ] ::1 /zws/index.php/Home/List/data/address.json
INFO: [ app_begin ] --START--
INFO: Run Behavior\ReadHtmlCacheBehavior [ RunTime:0.003548s ]
INFO: [ app_begin ] --END-- [ RunTime:0.005995s ]
ERR: 非法操作:data

[ 2018-04-21T17:42:16+08:00 ] ::1 /zws/index.php/Home/List/data/address.json
INFO: [ app_begin ] --START--
INFO: Run Behavior\ReadHtmlCacheBehavior [ RunTime:0.003135s ]
INFO: [ app_begin ] --END-- [ RunTime:0.005117s ]
ERR: 非法操作:data

[ 2018-04-21T17:42:42+08:00 ] ::1 /zws/index.php/Home/List/data/address.json
INFO: [ app_begin ] --START--
INFO: Run Behavior\ReadHtmlCacheBehavior [ RunTime:0.002869s ]
INFO: [ app_begin ] --END-- [ RunTime:0.005024s ]
ERR: 非法操作:data

[ 2018-04-21T17:44:32+08:00 ] ::1 /zws/index.php/Home/List/data/address.json
INFO: [ app_begin ] --START--
INFO: Run Behavior\ReadHtmlCacheBehavior [ RunTime:0.003908s ]
INFO: [ app_begin ] --END-- [ RunTime:0.006262s ]
ERR: 非法操作:data

[ 2018-04-21T17:57:28+08:00 ] ::1 /zws/index.php/Home/List/data/address.json
INFO: [ app_begin ] --START--
INFO: Run Behavior\ReadHtmlCacheBehavior [ RunTime:0.003965s ]
INFO: [ app_begin ] --END-- [ RunTime:0.007371s ]
ERR: 非法操作:data

[ 2018-04-21T17:57:38+08:00 ] ::1 /zws/index.php/Home/List/data/address.json
INFO: [ app_begin ] --START--
INFO: Run Behavior\ReadHtmlCacheBehavior [ RunTime:0.004396s ]
INFO: [ app_begin ] --END-- [ RunTime:0.006731s ]
ERR: 非法操作:data

[ 2018-04-21T17:58:14+08:00 ] ::1 /zws/index.php/Home/List/data/address.json
INFO: [ app_begin ] --START--
INFO: Run Behavior\ReadHtmlCacheBehavior [ RunTime:0.002877s ]
INFO: [ app_begin ] --END-- [ RunTime:0.004834s ]
ERR: 非法操作:data

[ 2018-04-21T18:00:32+08:00 ] ::1 /zws/index.php/Home/List/data/address.json
INFO: [ app_begin ] --START--
INFO: Run Behavior\ReadHtmlCacheBehavior [ RunTime:0.003447s ]
INFO: [ app_begin ] --END-- [ RunTime:0.005999s ]
ERR: 非法操作:data

[ 2018-04-21T18:00:33+08:00 ] ::1 /zws/index.php/Home/List/%7BU('Home/List/re_list')%7D
ERR: 非法操作:{U('Home

[ 2018-04-21T18:00:45+08:00 ] ::1 /zws/index.php/Home/List/%7BU('Home/List/re_list')%7D
ERR: 非法操作:{U('Home

[ 2018-04-21T18:01:06+08:00 ] ::1 /zws/index.php/Home/List/data/address.json
INFO: [ app_begin ] --START--
INFO: Run Behavior\ReadHtmlCacheBehavior [ RunTime:0.006046s ]
INFO: [ app_begin ] --END-- [ RunTime:0.012368s ]
ERR: 非法操作:data

[ 2018-04-21T18:01:08+08:00 ] ::1 /zws/index.php/Home/List/data/address.json
INFO: [ app_begin ] --START--
INFO: Run Behavior\ReadHtmlCacheBehavior [ RunTime:0.004445s ]
INFO: [ app_begin ] --END-- [ RunTime:0.008174s ]
ERR: 非法操作:data

[ 2018-04-21T18:04:20+08:00 ] ::1 /zws/index.php/Home/List/data/address.json
INFO: [ app_begin ] --START--
INFO: Run Behavior\ReadHtmlCacheBehavior [ RunTime:0.003949s ]
INFO: [ app_begin ] --END-- [ RunTime:0.008710s ]
ERR: 非法操作:data

[ 2018-04-21T18:12:50+08:00 ] ::1 /zws/index.php/Home/List/data/address.json
INFO: [ app_begin ] --START--
INFO: Run Behavior\ReadHtmlCacheBehavior [ RunTime:0.008770s ]
INFO: [ app_begin ] --END-- [ RunTime:0.015109s ]
ERR: 非法操作:data

[ 2018-04-21T18:13:28+08:00 ] ::1 /zws/index.php/Home/List/data/address.json
INFO: [ app_begin ] --START--
INFO: Run Behavior\ReadHtmlCacheBehavior [ RunTime:0.006532s ]
INFO: [ app_begin ] --END-- [ RunTime:0.010322s ]
ERR: 非法操作:data

[ 2018-04-21T18:14:48+08:00 ] ::1 /zws/index.php/Home/List/data/address.json
INFO: [ app_begin ] --START--
INFO: Run Behavior\ReadHtmlCacheBehavior [ RunTime:0.002929s ]
INFO: [ app_begin ] --END-- [ RunTime:0.004905s ]
ERR: 非法操作:data

[ 2018-04-21T18:14:58+08:00 ] ::1 /zws/index.php/Home/List/data/address.json
INFO: [ app_begin ] --START--
INFO: Run Behavior\ReadHtmlCacheBehavior [ RunTime:0.011045s ]
INFO: [ app_begin ] --END-- [ RunTime:0.013795s ]
ERR: 非法操作:data

[ 2018-04-21T18:15:12+08:00 ] ::1 /zws/index.php/Home/List/data/address.json
INFO: [ app_begin ] --START--
INFO: Run Behavior\ReadHtmlCacheBehavior [ RunTime:0.003997s ]
INFO: [ app_begin ] --END-- [ RunTime:0.007413s ]
ERR: 非法操作:data

[ 2018-04-21T18:15:24+08:00 ] ::1 /zws/index.php/Home/List/data/address.json
INFO: [ app_begin ] --START--
INFO: Run Behavior\ReadHtmlCacheBehavior [ RunTime:0.002944s ]
INFO: [ app_begin ] --END-- [ RunTime:0.005233s ]
ERR: 非法操作:data

[ 2018-04-21T18:15:50+08:00 ] ::1 /zws/index.php/Home/List/data/address.json
INFO: [ app_begin ] --START--
INFO: Run Behavior\ReadHtmlCacheBehavior [ RunTime:0.002231s ]
INFO: [ app_begin ] --END-- [ RunTime:0.003877s ]
ERR: 非法操作:data

[ 2018-04-21T18:16:47+08:00 ] ::1 /zws/index.php/Home/List/data/address.json
INFO: [ app_begin ] --START--
INFO: Run Behavior\ReadHtmlCacheBehavior [ RunTime:0.006619s ]
INFO: [ app_begin ] --END-- [ RunTime:0.009962s ]
ERR: 非法操作:data

[ 2018-04-21T18:16:59+08:00 ] ::1 /zws/index.php/Home/List/data/address.json
INFO: [ app_begin ] --START--
INFO: Run Behavior\ReadHtmlCacheBehavior [ RunTime:0.003688s ]
INFO: [ app_begin ] --END-- [ RunTime:0.006591s ]
ERR: 非法操作:data

[ 2018-04-21T18:17:33+08:00 ] ::1 /zws/index.php/Home/List/data/address.json
INFO: [ app_begin ] --START--
INFO: Run Behavior\ReadHtmlCacheBehavior [ RunTime:0.002776s ]
INFO: [ app_begin ] --END-- [ RunTime:0.005057s ]
ERR: 非法操作:data

[ 2018-04-21T18:17:49+08:00 ] ::1 /zws/index.php/Home/List/data/address.json
INFO: [ app_begin ] --START--
INFO: Run Behavior\ReadHtmlCacheBehavior [ RunTime:0.004134s ]
INFO: [ app_begin ] --END-- [ RunTime:0.007893s ]
ERR: 非法操作:data

[ 2018-04-21T18:37:42+08:00 ] ::1 /zws/index.php/Home/List/data/address.json
INFO: [ app_begin ] --START--
INFO: Run Behavior\ReadHtmlCacheBehavior [ RunTime:0.004586s ]
INFO: [ app_begin ] --END-- [ RunTime:0.006637s ]
ERR: 非法操作:data

[ 2018-04-21T18:38:21+08:00 ] ::1 /zws/index.php/Home/List/data/address.json
INFO: [ app_begin ] --START--
INFO: Run Behavior\ReadHtmlCacheBehavior [ RunTime:0.002633s ]
INFO: [ app_begin ] --END-- [ RunTime:0.004877s ]
ERR: 非法操作:data

[ 2018-04-21T18:39:23+08:00 ] ::1 /zws/index.php/Home/List/data/address.json
INFO: [ app_begin ] --START--
INFO: Run Behavior\ReadHtmlCacheBehavior [ RunTime:0.004708s ]
INFO: [ app_begin ] --END-- [ RunTime:0.010532s ]
ERR: 非法操作:data

[ 2018-04-21T18:39:36+08:00 ] ::1 /zws/index.php/Home/List/data/address.json
INFO: [ app_begin ] --START--
INFO: Run Behavior\ReadHtmlCacheBehavior [ RunTime:0.002793s ]
INFO: [ app_begin ] --END-- [ RunTime:0.007355s ]
ERR: 非法操作:data

[ 2018-04-21T18:39:44+08:00 ] ::1 /zws/index.php/Home/List/data/address.json
INFO: [ app_begin ] --START--
INFO: Run Behavior\ReadHtmlCacheBehavior [ RunTime:0.005817s ]
INFO: [ app_begin ] --END-- [ RunTime:0.009586s ]
ERR: 非法操作:data

[ 2018-04-21T18:40:00+08:00 ] ::1 /zws/index.php/Home/List/data/address.json
INFO: [ app_begin ] --START--
INFO: Run Behavior\ReadHtmlCacheBehavior [ RunTime:0.004938s ]
INFO: [ app_begin ] --END-- [ RunTime:0.011238s ]
ERR: 非法操作:data

[ 2018-04-21T18:40:11+08:00 ] ::1 /zws/index.php/Home/List/data/address.json
INFO: [ app_begin ] --START--
INFO: Run Behavior\ReadHtmlCacheBehavior [ RunTime:0.003441s ]
INFO: [ app_begin ] --END-- [ RunTime:0.005419s ]
ERR: 非法操作:data

[ 2018-04-21T18:40:24+08:00 ] ::1 /zws/index.php/Home/List/data/address.json
INFO: [ app_begin ] --START--
INFO: Run Behavior\ReadHtmlCacheBehavior [ RunTime:0.004755s ]
INFO: [ app_begin ] --END-- [ RunTime:0.012305s ]
ERR: 非法操作:data

[ 2018-04-21T18:40:33+08:00 ] ::1 /zws/index.php/Home/List/data/address.json
INFO: [ app_begin ] --START--
INFO: Run Behavior\ReadHtmlCacheBehavior [ RunTime:0.004386s ]
INFO: [ app_begin ] --END-- [ RunTime:0.007781s ]
ERR: 非法操作:data

[ 2018-04-21T18:40:54+08:00 ] ::1 /zws/index.php/Home/List/data/address.json
INFO: [ app_begin ] --START--
INFO: Run Behavior\ReadHtmlCacheBehavior [ RunTime:0.006860s ]
INFO: [ app_begin ] --END-- [ RunTime:0.009389s ]
ERR: 非法操作:data

[ 2018-04-21T18:41:04+08:00 ] ::1 /zws/index.php/Home/List/data/address.json
INFO: [ app_begin ] --START--
INFO: Run Behavior\ReadHtmlCacheBehavior [ RunTime:0.007238s ]
INFO: [ app_begin ] --END-- [ RunTime:0.009007s ]
ERR: 非法操作:data

[ 2018-04-21T18:41:17+08:00 ] ::1 /zws/index.php/Home/List/data/address.json
INFO: [ app_begin ] --START--
INFO: Run Behavior\ReadHtmlCacheBehavior [ RunTime:0.004102s ]
INFO: [ app_begin ] --END-- [ RunTime:0.006223s ]
ERR: 非法操作:data

[ 2018-04-21T18:41:21+08:00 ] ::1 /zws/index.php/Home/List/data/address.json
INFO: [ app_begin ] --START--
INFO: Run Behavior\ReadHtmlCacheBehavior [ RunTime:0.007759s ]
INFO: [ app_begin ] --END-- [ RunTime:0.010301s ]
ERR: 非法操作:data

[ 2018-04-21T18:41:54+08:00 ] ::1 /zws/index.php/Home/List/data/address.json
INFO: [ app_begin ] --START--
INFO: Run Behavior\ReadHtmlCacheBehavior [ RunTime:0.003565s ]
INFO: [ app_begin ] --END-- [ RunTime:0.006247s ]
ERR: 非法操作:data

[ 2018-04-21T18:42:40+08:00 ] ::1 /zws/index.php/Home/List/data/address.json
INFO: [ app_begin ] --START--
INFO: Run Behavior\ReadHtmlCacheBehavior [ RunTime:0.004103s ]
INFO: [ app_begin ] --END-- [ RunTime:0.011405s ]
ERR: 非法操作:data

[ 2018-04-21T18:42:54+08:00 ] ::1 /zws/index.php/Home/List/data/address.json
INFO: [ app_begin ] --START--
INFO: Run Behavior\ReadHtmlCacheBehavior [ RunTime:0.003286s ]
INFO: [ app_begin ] --END-- [ RunTime:0.005205s ]
ERR: 非法操作:data

[ 2018-04-21T18:43:20+08:00 ] ::1 /zws/index.php/Home/List/data/address.json
INFO: [ app_begin ] --START--
INFO: Run Behavior\ReadHtmlCacheBehavior [ RunTime:0.004022s ]
INFO: [ app_begin ] --END-- [ RunTime:0.010558s ]
ERR: 非法操作:data

[ 2018-04-21T18:48:52+08:00 ] ::1 /zws/index.php/Home/List/data/address.json
INFO: [ app_begin ] --START--
INFO: Run Behavior\ReadHtmlCacheBehavior [ RunTime:0.003102s ]
INFO: [ app_begin ] --END-- [ RunTime:0.005301s ]
ERR: 非法操作:data

[ 2018-04-21T18:49:38+08:00 ] ::1 /zws/index.php/Home/List/data/address.json
INFO: [ app_begin ] --START--
INFO: Run Behavior\ReadHtmlCacheBehavior [ RunTime:0.003358s ]
INFO: [ app_begin ] --END-- [ RunTime:0.005389s ]
ERR: 非法操作:data

[ 2018-04-21T18:50:01+08:00 ] ::1 /zws/index.php/Home/List/data/address.json
INFO: [ app_begin ] --START--
INFO: Run Behavior\ReadHtmlCacheBehavior [ RunTime:0.011682s ]
INFO: [ app_begin ] --END-- [ RunTime:0.016170s ]
ERR: 非法操作:data

[ 2018-04-21T18:51:09+08:00 ] ::1 /zws/index.php/Home/List/data/address.json
INFO: [ app_begin ] --START--
INFO: Run Behavior\ReadHtmlCacheBehavior [ RunTime:0.009096s ]
INFO: [ app_begin ] --END-- [ RunTime:0.014401s ]
ERR: 非法操作:data

[ 2018-04-21T18:51:31+08:00 ] ::1 /zws/index.php/Home/List/data/address.json
INFO: [ app_begin ] --START--
INFO: Run Behavior\ReadHtmlCacheBehavior [ RunTime:0.003155s ]
INFO: [ app_begin ] --END-- [ RunTime:0.005615s ]
ERR: 非法操作:data

[ 2018-04-21T18:52:26+08:00 ] ::1 /zws/index.php/Home/List/data/address.json
INFO: [ app_begin ] --START--
INFO: Run Behavior\ReadHtmlCacheBehavior [ RunTime:0.004473s ]
INFO: [ app_begin ] --END-- [ RunTime:0.007229s ]
ERR: 非法操作:data

[ 2018-04-21T18:52:39+08:00 ] ::1 /zws/index.php/Home/List/data/address.json
INFO: [ app_begin ] --START--
INFO: Run Behavior\ReadHtmlCacheBehavior [ RunTime:0.003332s ]
INFO: [ app_begin ] --END-- [ RunTime:0.006178s ]
ERR: 非法操作:data

[ 2018-04-21T18:54:15+08:00 ] ::1 /zws/index.php/Home/List/data/address.json
INFO: [ app_begin ] --START--
INFO: Run Behavior\ReadHtmlCacheBehavior [ RunTime:0.004383s ]
INFO: [ app_begin ] --END-- [ RunTime:0.007289s ]
ERR: 非法操作:data

[ 2018-04-21T18:56:42+08:00 ] ::1 /zws/index.php/Home/List/data/address.json
INFO: [ app_begin ] --START--
INFO: Run Behavior\ReadHtmlCacheBehavior [ RunTime:0.015805s ]
INFO: [ app_begin ] --END-- [ RunTime:0.018602s ]
ERR: 非法操作:data

[ 2018-04-21T18:57:46+08:00 ] ::1 /zws/index.php/Home/List/data/address.json
INFO: [ app_begin ] --START--
INFO: Run Behavior\ReadHtmlCacheBehavior [ RunTime:0.004089s ]
INFO: [ app_begin ] --END-- [ RunTime:0.006147s ]
ERR: 非法操作:data

[ 2018-04-21T18:57:58+08:00 ] ::1 /zws/index.php/Home/List/data/address.json
INFO: [ app_begin ] --START--
INFO: Run Behavior\ReadHtmlCacheBehavior [ RunTime:0.004838s ]
INFO: [ app_begin ] --END-- [ RunTime:0.007233s ]
ERR: 非法操作:data

[ 2018-04-21T19:01:56+08:00 ] ::1 /zws/index.php/Home/List/data/address.json
INFO: [ app_begin ] --START--
INFO: Run Behavior\ReadHtmlCacheBehavior [ RunTime:0.003414s ]
INFO: [ app_begin ] --END-- [ RunTime:0.006243s ]
ERR: 非法操作:data

[ 2018-04-21T19:03:19+08:00 ] ::1 /zws/index.php/Home/List/data/address.json
INFO: [ app_begin ] --START--
INFO: Run Behavior\ReadHtmlCacheBehavior [ RunTime:0.005284s ]
INFO: [ app_begin ] --END-- [ RunTime:0.008885s ]
ERR: 非法操作:data

[ 2018-04-21T19:03:39+08:00 ] ::1 /zws/index.php/Home/List/data/address.json
INFO: [ app_begin ] --START--
INFO: Run Behavior\ReadHtmlCacheBehavior [ RunTime:0.005246s ]
INFO: [ app_begin ] --END-- [ RunTime:0.007380s ]
ERR: 非法操作:data

[ 2018-04-21T19:03:43+08:00 ] ::1 /zws/index.php/Home/List/data/address.json
INFO: [ app_begin ] --START--
INFO: Run Behavior\ReadHtmlCacheBehavior [ RunTime:0.003262s ]
INFO: [ app_begin ] --END-- [ RunTime:0.007728s ]
ERR: 非法操作:data

[ 2018-04-21T19:04:48+08:00 ] ::1 /zws/index.php/Home/List/data/address.json
INFO: [ app_begin ] --START--
INFO: Run Behavior\ReadHtmlCacheBehavior [ RunTime:0.003680s ]
INFO: [ app_begin ] --END-- [ RunTime:0.005755s ]
ERR: 非法操作:data

[ 2018-04-21T19:05:01+08:00 ] ::1 /zws/index.php/Home/List/data/address.json
INFO: [ app_begin ] --START--
INFO: Run Behavior\ReadHtmlCacheBehavior [ RunTime:0.004450s ]
INFO: [ app_begin ] --END-- [ RunTime:0.007636s ]
ERR: 非法操作:data

[ 2018-04-21T19:05:29+08:00 ] ::1 /zws/index.php/Home/List/data/address.json
INFO: [ app_begin ] --START--
INFO: Run Behavior\ReadHtmlCacheBehavior [ RunTime:0.002998s ]
INFO: [ app_begin ] --END-- [ RunTime:0.005500s ]
ERR: 非法操作:data

[ 2018-04-21T19:05:33+08:00 ] ::1 /zws/index.php/Home/List/data/address.json
INFO: [ app_begin ] --START--
INFO: Run Behavior\ReadHtmlCacheBehavior [ RunTime:0.006241s ]
INFO: [ app_begin ] --END-- [ RunTime:0.013744s ]
ERR: 非法操作:data

[ 2018-04-21T19:07:46+08:00 ] ::1 /zws/index.php/Home/List/data/address.json
INFO: [ app_begin ] --START--
INFO: Run Behavior\ReadHtmlCacheBehavior [ RunTime:0.006239s ]
INFO: [ app_begin ] --END-- [ RunTime:0.009151s ]
ERR: 非法操作:data

[ 2018-04-21T19:08:27+08:00 ] ::1 /zws/index.php/Home/List/data/address.json
INFO: [ app_begin ] --START--
INFO: Run Behavior\ReadHtmlCacheBehavior [ RunTime:0.003665s ]
INFO: [ app_begin ] --END-- [ RunTime:0.005752s ]
ERR: 非法操作:data

[ 2018-04-21T19:08:52+08:00 ] ::1 /zws/index.php/Home/List/data/address.json
INFO: [ app_begin ] --START--
INFO: Run Behavior\ReadHtmlCacheBehavior [ RunTime:0.003090s ]
INFO: [ app_begin ] --END-- [ RunTime:0.005346s ]
ERR: 非法操作:data

[ 2018-04-21T19:09:10+08:00 ] ::1 /zws/index.php/Home/List/data/address.json
INFO: [ app_begin ] --START--
INFO: Run Behavior\ReadHtmlCacheBehavior [ RunTime:0.003860s ]
INFO: [ app_begin ] --END-- [ RunTime:0.006156s ]
ERR: 非法操作:data

[ 2018-04-21T19:09:40+08:00 ] ::1 /zws/index.php/Home/List/data/address.json
INFO: [ app_begin ] --START--
INFO: Run Behavior\ReadHtmlCacheBehavior [ RunTime:0.006026s ]
INFO: [ app_begin ] --END-- [ RunTime:0.008049s ]
ERR: 非法操作:data

[ 2018-04-21T19:10:04+08:00 ] ::1 /zws/index.php/Home/List/data/address.json
INFO: [ app_begin ] --START--
INFO: Run Behavior\ReadHtmlCacheBehavior [ RunTime:0.004631s ]
INFO: [ app_begin ] --END-- [ RunTime:0.006719s ]
ERR: 非法操作:data

[ 2018-04-21T19:10:09+08:00 ] ::1 /zws/index.php/Home/List/Home/list/index
ERR: 非法操作:Home

[ 2018-04-21T19:10:12+08:00 ] ::1 /zws/index.php/Home/List/Home/list/index
ERR: 非法操作:Home

[ 2018-04-21T19:10:31+08:00 ] ::1 /zws/index.php/Home/List/data/address.json
INFO: [ app_begin ] --START--
INFO: Run Behavior\ReadHtmlCacheBehavior [ RunTime:0.004713s ]
INFO: [ app_begin ] --END-- [ RunTime:0.007402s ]
ERR: 非法操作:data

[ 2018-04-21T19:10:38+08:00 ] ::1 /zws/index.php/Home/list/data/address.json
INFO: [ app_begin ] --START--
INFO: Run Behavior\ReadHtmlCacheBehavior [ RunTime:0.009156s ]
INFO: [ app_begin ] --END-- [ RunTime:0.014224s ]
ERR: 非法操作:data

[ 2018-04-21T19:10:46+08:00 ] ::1 /zws/index.php/Home/List/data/address.json
INFO: [ app_begin ] --START--
INFO: Run Behavior\ReadHtmlCacheBehavior [ RunTime:0.004551s ]
INFO: [ app_begin ] --END-- [ RunTime:0.006954s ]
ERR: 非法操作:data

[ 2018-04-21T19:11:28+08:00 ] ::1 /zws/index.php/Home/List/data/address.json
INFO: [ app_begin ] --START--
INFO: Run Behavior\ReadHtmlCacheBehavior [ RunTime:0.003531s ]
INFO: [ app_begin ] --END-- [ RunTime:0.005300s ]
ERR: 非法操作:data

[ 2018-04-21T19:11:29+08:00 ] ::1 /zws/index.php/Home/List/data/address.json
INFO: [ app_begin ] --START--
INFO: Run Behavior\ReadHtmlCacheBehavior [ RunTime:0.002900s ]
INFO: [ app_begin ] --END-- [ RunTime:0.005483s ]
ERR: 非法操作:data

[ 2018-04-21T19:11:33+08:00 ] ::1 /zws/index.php/Home/List/data/address.json
INFO: [ app_begin ] --START--
INFO: Run Behavior\ReadHtmlCacheBehavior [ RunTime:0.004089s ]
INFO: [ app_begin ] --END-- [ RunTime:0.006153s ]
ERR: 非法操作:data

[ 2018-04-21T19:19:31+08:00 ] ::1 /zws/index.php/Home/Mycar/data/cartData.json
INFO: [ app_begin ] --START--
INFO: Run Behavior\ReadHtmlCacheBehavior [ RunTime:0.004877s ]
INFO: [ app_begin ] --END-- [ RunTime:0.007636s ]
ERR: 非法操作:data

[ 2018-04-21T19:19:37+08:00 ] ::1 /zws/index.php/Home/List/data/address.json
INFO: [ app_begin ] --START--
INFO: Run Behavior\ReadHtmlCacheBehavior [ RunTime:0.004330s ]
INFO: [ app_begin ] --END-- [ RunTime:0.007603s ]
ERR: 非法操作:data

[ 2018-04-21T19:19:42+08:00 ] ::1 /zws/index.php/Home/Mycar/data/cartData.json
INFO: [ app_begin ] --START--
INFO: Run Behavior\ReadHtmlCacheBehavior [ RunTime:0.008679s ]
INFO: [ app_begin ] --END-- [ RunTime:0.012206s ]
ERR: 非法操作:data

[ 2018-04-21T19:19:46+08:00 ] ::1 /zws/index.php/Home/List/data/address.json
INFO: [ app_begin ] --START--
INFO: Run Behavior\ReadHtmlCacheBehavior [ RunTime:0.005944s ]
INFO: [ app_begin ] --END-- [ RunTime:0.009057s ]
ERR: 非法操作:data

[ 2018-04-21T19:42:48+08:00 ] ::1 /zws/index.php/Home/List/show_list.html
ERR: 非法操作:show_list

[ 2018-04-21T20:01:52+08:00 ] ::1 /zws/index.php/Home/List/home/list/search
ERR: 非法操作:home

[ 2018-04-21T20:02:07+08:00 ] ::1 /zws/index.php/Home/List/home/list/search
ERR: 非法操作:home

[ 2018-04-21T22:18:55+08:00 ] ::1 /zws/index.php/Home/Mycar/data/cartData.json
INFO: [ app_begin ] --START--
INFO: Run Behavior\ReadHtmlCacheBehavior [ RunTime:0.003252s ]
INFO: [ app_begin ] --END-- [ RunTime:0.005112s ]
ERR: 非法操作:data

[ 2018-04-21T22:22:10+08:00 ] ::1 /zws/index.php/Home/Mycar/data/cartData.json
INFO: [ app_begin ] --START--
INFO: Run Behavior\ReadHtmlCacheBehavior [ RunTime:0.003039s ]
INFO: [ app_begin ] --END-- [ RunTime:0.004972s ]
ERR: 非法操作:data

[ 2018-04-21T22:29:24+08:00 ] ::1 /zws/index.php/Home/Mycar/data/cartData.json
INFO: [ app_begin ] --START--
INFO: Run Behavior\ReadHtmlCacheBehavior [ RunTime:0.002629s ]
INFO: [ app_begin ] --END-- [ RunTime:0.004516s ]
ERR: 非法操作:data

[ 2018-04-21T22:29:47+08:00 ] ::1 /zws/index.php/Home/Mycar/data/cartData.json
INFO: [ app_begin ] --START--
INFO: Run Behavior\ReadHtmlCacheBehavior [ RunTime:0.008247s ]
INFO: [ app_begin ] --END-- [ RunTime:0.015215s ]
ERR: 非法操作:data

[ 2018-04-21T22:31:00+08:00 ] ::1 /zws/index.php/Home/Mycar/data/cartData.json
INFO: [ app_begin ] --START--
INFO: Run Behavior\ReadHtmlCacheBehavior [ RunTime:0.007317s ]
INFO: [ app_begin ] --END-- [ RunTime:0.010778s ]
ERR: 非法操作:data

[ 2018-04-21T22:39:24+08:00 ] ::1 /zws/index.php/Home/Mycar/data/cartData.json
INFO: [ app_begin ] --START--
INFO: Run Behavior\ReadHtmlCacheBehavior [ RunTime:0.002887s ]
INFO: [ app_begin ] --END-- [ RunTime:0.005272s ]
ERR: 非法操作:data

[ 2018-04-21T22:40:24+08:00 ] ::1 /zws/index.php/Home/Mycar/data/cartData.json
INFO: [ app_begin ] --START--
INFO: Run Behavior\ReadHtmlCacheBehavior [ RunTime:0.004613s ]
INFO: [ app_begin ] --END-- [ RunTime:0.007114s ]
ERR: 非法操作:data

[ 2018-04-21T22:40:40+08:00 ] ::1 /zws/index.php/Home/Mycar/data/cartData.json
INFO: [ app_begin ] --START--
INFO: Run Behavior\ReadHtmlCacheBehavior [ RunTime:0.003606s ]
INFO: [ app_begin ] --END-- [ RunTime:0.005689s ]
ERR: 非法操作:data

[ 2018-04-21T22:40:57+08:00 ] ::1 /zws/index.php/Home/Mycar/data/cartData.json
INFO: [ app_begin ] --START--
INFO: Run Behavior\ReadHtmlCacheBehavior [ RunTime:0.002263s ]
INFO: [ app_begin ] --END-- [ RunTime:0.003801s ]
ERR: 非法操作:data

[ 2018-04-21T22:41:08+08:00 ] ::1 /zws/index.php/Home/Mycar/data/cartData.json
INFO: [ app_begin ] --START--
INFO: Run Behavior\ReadHtmlCacheBehavior [ RunTime:0.003581s ]
INFO: [ app_begin ] --END-- [ RunTime:0.006414s ]
ERR: 非法操作:data

[ 2018-04-21T22:41:54+08:00 ] ::1 /zws/index.php/Home/Mycar/data/cartData.json
INFO: [ app_begin ] --START--
INFO: Run Behavior\ReadHtmlCacheBehavior [ RunTime:0.003387s ]
INFO: [ app_begin ] --END-- [ RunTime:0.005921s ]
ERR: 非法操作:data

[ 2018-04-21T22:44:02+08:00 ] ::1 /zws/index.php/Home/Mycar/data/cartData.json
INFO: [ app_begin ] --START--
INFO: Run Behavior\ReadHtmlCacheBehavior [ RunTime:0.002743s ]
INFO: [ app_begin ] --END-- [ RunTime:0.004691s ]
ERR: 非法操作:data

[ 2018-04-21T23:16:39+08:00 ] ::1 /zws/index.php/Home/Mycar/data/cartData.json
INFO: [ app_begin ] --START--
INFO: Run Behavior\ReadHtmlCacheBehavior [ RunTime:0.002839s ]
INFO: [ app_begin ] --END-- [ RunTime:0.005505s ]
ERR: 非法操作:data

[ 2018-04-21T23:18:20+08:00 ] ::1 /zws/index.php/Home/Mycar/data/cartData.json
INFO: [ app_begin ] --START--
INFO: Run Behavior\ReadHtmlCacheBehavior [ RunTime:0.005274s ]
INFO: [ app_begin ] --END-- [ RunTime:0.007836s ]
ERR: 非法操作:data

[ 2018-04-21T23:18:57+08:00 ] ::1 /zws/index.php/Home/Mycar/data/cartData.json
INFO: [ app_begin ] --START--
INFO: Run Behavior\ReadHtmlCacheBehavior [ RunTime:0.004041s ]
INFO: [ app_begin ] --END-- [ RunTime:0.007834s ]
ERR: 非法操作:data

[ 2018-04-21T23:20:14+08:00 ] ::1 /zws/index.php/Home/Mycar/data/cartData.json
INFO: [ app_begin ] --START--
INFO: Run Behavior\ReadHtmlCacheBehavior [ RunTime:0.003041s ]
INFO: [ app_begin ] --END-- [ RunTime:0.004999s ]
ERR: 非法操作:data

[ 2018-04-21T23:21:41+08:00 ] ::1 /zws/index.php/Home/Mycar/data/cartData.json
INFO: [ app_begin ] --START--
INFO: Run Behavior\ReadHtmlCacheBehavior [ RunTime:0.006935s ]
INFO: [ app_begin ] --END-- [ RunTime:0.009867s ]
ERR: 非法操作:data

[ 2018-04-21T23:22:22+08:00 ] ::1 /zws/index.php/Home/Mycar/data/cartData.json
INFO: [ app_begin ] --START--
INFO: Run Behavior\ReadHtmlCacheBehavior [ RunTime:0.002349s ]
INFO: [ app_begin ] --END-- [ RunTime:0.004258s ]
ERR: 非法操作:data

[ 2018-04-21T23:23:26+08:00 ] ::1 /zws/index.php/Home/Mycar/data/cartData.json
INFO: [ app_begin ] --START--
INFO: Run Behavior\ReadHtmlCacheBehavior [ RunTime:0.003669s ]
INFO: [ app_begin ] --END-- [ RunTime:0.006409s ]
ERR: 非法操作:data

[ 2018-04-21T23:24:54+08:00 ] ::1 /zws/index.php/Home/Mycar/data/cartData.json
INFO: [ app_begin ] --START--
INFO: Run Behavior\ReadHtmlCacheBehavior [ RunTime:0.007594s ]
INFO: [ app_begin ] --END-- [ RunTime:0.012799s ]
ERR: 非法操作:data

[ 2018-04-21T23:25:56+08:00 ] ::1 /zws/index.php/Home/Mycar/data/cartData.json
INFO: [ app_begin ] --START--
INFO: Run Behavior\ReadHtmlCacheBehavior [ RunTime:0.003954s ]
INFO: [ app_begin ] --END-- [ RunTime:0.008583s ]
ERR: 非法操作:data

[ 2018-04-21T23:26:15+08:00 ] ::1 /zws/index.php/Home/Mycar/data/cartData.json
INFO: [ app_begin ] --START--
INFO: Run Behavior\ReadHtmlCacheBehavior [ RunTime:0.005073s ]
INFO: [ app_begin ] --END-- [ RunTime:0.007389s ]
ERR: 非法操作:data

[ 2018-04-21T23:27:11+08:00 ] ::1 /zws/index.php/Home/Mycar/data/cartData.json
INFO: [ app_begin ] --START--
INFO: Run Behavior\ReadHtmlCacheBehavior [ RunTime:0.003386s ]
INFO: [ app_begin ] --END-- [ RunTime:0.006254s ]
ERR: 非法操作:data

[ 2018-04-21T23:27:45+08:00 ] ::1 /zws/index.php/Home/Mycar/data/cartData.json
INFO: [ app_begin ] --START--
INFO: Run Behavior\ReadHtmlCacheBehavior [ RunTime:0.004224s ]
INFO: [ app_begin ] --END-- [ RunTime:0.006598s ]
ERR: 非法操作:data

[ 2018-04-21T23:28:04+08:00 ] ::1 /zws/index.php/Home/Mycar/data/cartData.json
INFO: [ app_begin ] --START--
INFO: Run Behavior\ReadHtmlCacheBehavior [ RunTime:0.006532s ]
INFO: [ app_begin ] --END-- [ RunTime:0.010943s ]
ERR: 非法操作:data

[ 2018-04-21T23:28:39+08:00 ] ::1 /zws/index.php/Home/Mycar/data/cartData.json
INFO: [ app_begin ] --START--
INFO: Run Behavior\ReadHtmlCacheBehavior [ RunTime:0.002327s ]
INFO: [ app_begin ] --END-- [ RunTime:0.004226s ]
ERR: 非法操作:data

[ 2018-04-21T23:29:49+08:00 ] ::1 /zws/index.php/Home/Mycar/data/cartData.json
INFO: [ app_begin ] --START--
INFO: Run Behavior\ReadHtmlCacheBehavior [ RunTime:0.007146s ]
INFO: [ app_begin ] --END-- [ RunTime:0.009464s ]
ERR: 非法操作:data

[ 2018-04-21T23:30:34+08:00 ] ::1 /zws/index.php/Home/Mycar/data/cartData.json
INFO: [ app_begin ] --START--
INFO: Run Behavior\ReadHtmlCacheBehavior [ RunTime:0.003523s ]
INFO: [ app_begin ] --END-- [ RunTime:0.005278s ]
ERR: 非法操作:data

[ 2018-04-21T23:33:41+08:00 ] ::1 /zws/index.php/Home/Mycar/data/cartData.json
INFO: [ app_begin ] --START--
INFO: Run Behavior\ReadHtmlCacheBehavior [ RunTime:0.007694s ]
INFO: [ app_begin ] --END-- [ RunTime:0.010312s ]
ERR: 非法操作:data

[ 2018-04-21T23:33:56+08:00 ] ::1 /zws/index.php/Home/Mycar/data/cartData.json
INFO: [ app_begin ] --START--
INFO: Run Behavior\ReadHtmlCacheBehavior [ RunTime:0.002972s ]
INFO: [ app_begin ] --END-- [ RunTime:0.006180s ]
ERR: 非法操作:data

[ 2018-04-21T23:34:20+08:00 ] ::1 /zws/index.php/Home/Mycar/data/cartData.json
INFO: [ app_begin ] --START--
INFO: Run Behavior\ReadHtmlCacheBehavior [ RunTime:0.009412s ]
INFO: [ app_begin ] --END-- [ RunTime:0.013946s ]
ERR: 非法操作:data

[ 2018-04-21T23:34:47+08:00 ] ::1 /zws/index.php/Home/Mycar/data/cartData.json
INFO: [ app_begin ] --START--
INFO: Run Behavior\ReadHtmlCacheBehavior [ RunTime:0.003487s ]
INFO: [ app_begin ] --END-- [ RunTime:0.005726s ]
ERR: 非法操作:data

[ 2018-04-21T23:35:25+08:00 ] ::1 /zws/index.php/Home/Mycar/data/cartData.json
INFO: [ app_begin ] --START--
INFO: Run Behavior\ReadHtmlCacheBehavior [ RunTime:0.003514s ]
INFO: [ app_begin ] --END-- [ RunTime:0.008858s ]
ERR: 非法操作:data

[ 2018-04-21T23:35:57+08:00 ] ::1 /zws/index.php/Home/Mycar/data/cartData.json
INFO: [ app_begin ] --START--
INFO: Run Behavior\ReadHtmlCacheBehavior [ RunTime:0.003774s ]
INFO: [ app_begin ] --END-- [ RunTime:0.006285s ]
ERR: 非法操作:data

[ 2018-04-21T23:36:47+08:00 ] ::1 /zws/index.php/Home/Mycar/data/cartData.json
INFO: [ app_begin ] --START--
INFO: Run Behavior\ReadHtmlCacheBehavior [ RunTime:0.007536s ]
INFO: [ app_begin ] --END-- [ RunTime:0.009788s ]
ERR: 非法操作:data

[ 2018-04-21T23:38:27+08:00 ] ::1 /zws/index.php/Home/Mycar/data/cartData.json
INFO: [ app_begin ] --START--
INFO: Run Behavior\ReadHtmlCacheBehavior [ RunTime:0.002623s ]
INFO: [ app_begin ] --END-- [ RunTime:0.004072s ]
ERR: 非法操作:data

[ 2018-04-21T23:41:04+08:00 ] ::1 /zws/index.php/Home/Mycar/data/cartData.json
INFO: [ app_begin ] --START--
INFO: Run Behavior\ReadHtmlCacheBehavior [ RunTime:0.002809s ]
INFO: [ app_begin ] --END-- [ RunTime:0.007198s ]
ERR: 非法操作:data

[ 2018-04-21T23:43:11+08:00 ] ::1 /zws/index.php/Home/Mycar/data/cartData.json
INFO: [ app_begin ] --START--
INFO: Run Behavior\ReadHtmlCacheBehavior [ RunTime:0.004812s ]
INFO: [ app_begin ] --END-- [ RunTime:0.008288s ]
ERR: 非法操作:data

[ 2018-04-21T23:43:27+08:00 ] ::1 /zws/index.php/Home/Mycar/data/cartData.json
INFO: [ app_begin ] --START--
INFO: Run Behavior\ReadHtmlCacheBehavior [ RunTime:0.003702s ]
INFO: [ app_begin ] --END-- [ RunTime:0.006826s ]
ERR: 非法操作:data

[ 2018-04-21T23:43:43+08:00 ] ::1 /zws/index.php/Home/Mycar/data/cartData.json
INFO: [ app_begin ] --START--
INFO: Run Behavior\ReadHtmlCacheBehavior [ RunTime:0.002585s ]
INFO: [ app_begin ] --END-- [ RunTime:0.005275s ]
ERR: 非法操作:data

[ 2018-04-21T23:44:45+08:00 ] ::1 /zws/index.php/Home/Mycar/data/cartData.json
INFO: [ app_begin ] --START--
INFO: Run Behavior\ReadHtmlCacheBehavior [ RunTime:0.005977s ]
INFO: [ app_begin ] --END-- [ RunTime:0.007891s ]
ERR: 非法操作:data

[ 2018-04-21T23:47:00+08:00 ] ::1 /zws/index.php/Home/Mycar/data/cartData.json
INFO: [ app_begin ] --START--
INFO: Run Behavior\ReadHtmlCacheBehavior [ RunTime:0.004466s ]
INFO: [ app_begin ] --END-- [ RunTime:0.010739s ]
ERR: 非法操作:data

[ 2018-04-21T23:52:57+08:00 ] ::1 /zws/index.php/Home/Mycar/data/cartData.json
INFO: [ app_begin ] --START--
INFO: Run Behavior\ReadHtmlCacheBehavior [ RunTime:0.004707s ]
INFO: [ app_begin ] --END-- [ RunTime:0.006701s ]
ERR: 非法操作:data

[ 2018-04-21T23:53:57+08:00 ] ::1 /zws/index.php/Home/Mycar/data/cartData.json
INFO: [ app_begin ] --START--
INFO: Run Behavior\ReadHtmlCacheBehavior [ RunTime:0.011402s ]
INFO: [ app_begin ] --END-- [ RunTime:0.013683s ]
ERR: 非法操作:data

[ 2018-04-21T23:57:05+08:00 ] ::1 /zws/index.php/Home/Mycar/data/cartData.json
INFO: [ app_begin ] --START--
INFO: Run Behavior\ReadHtmlCacheBehavior [ RunTime:0.003600s ]
INFO: [ app_begin ] --END-- [ RunTime:0.006058s ]
ERR: 非法操作:data

[ 2018-04-21T23:57:50+08:00 ] ::1 /zws/index.php/Home/Mycar/data/cartData.json
INFO: [ app_begin ] --START--
INFO: Run Behavior\ReadHtmlCacheBehavior [ RunTime:0.006603s ]
INFO: [ app_begin ] --END-- [ RunTime:0.008906s ]
ERR: 非法操作:data

[ 2018-04-21T23:57:56+08:00 ] ::1 /zws/index.php/Home/Mycar/data/cartData.json
INFO: [ app_begin ] --START--
INFO: Run Behavior\ReadHtmlCacheBehavior [ RunTime:0.003203s ]
INFO: [ app_begin ] --END-- [ RunTime:0.005187s ]
ERR: 非法操作:data

[ 2018-04-21T23:58:58+08:00 ] ::1 /zws/index.php/Home/Mycar/data/cartData.json
INFO: [ app_begin ] --START--
INFO: Run Behavior\ReadHtmlCacheBehavior [ RunTime:0.003103s ]
INFO: [ app_begin ] --END-- [ RunTime:0.005358s ]
ERR: 非法操作:data

