[ 2018-04-14T18:40:30+08:00 ] ::1 /thinkphp/index.php/home/user/show_add_user.html
INFO: [ app_init ] --START--
INFO: Run Behavior\BuildLiteBehavior [ RunTime:0.000158s ]
INFO: [ app_init ] --END-- [ RunTime:0.002781s ]
INFO: [ app_begin ] --START--
INFO: Run Behavior\ReadHtmlCacheBehavior [ RunTime:0.005032s ]
INFO: [ app_begin ] --END-- [ RunTime:0.005873s ]
ERR: 无法加载控制器:User

[ 2018-04-14T18:40:52+08:00 ] ::1 /thinkphp/index.php/home/user/show_add_user.html
INFO: [ app_init ] --START--
INFO: Run Behavior\BuildLiteBehavior [ RunTime:0.000384s ]
INFO: [ app_init ] --END-- [ RunTime:0.003119s ]
INFO: [ app_begin ] --START--
INFO: Run Behavior\ReadHtmlCacheBehavior [ RunTime:0.005400s ]
INFO: [ app_begin ] --END-- [ RunTime:0.006484s ]
ERR: 无法加载控制器:User

[ 2018-04-14T18:40:56+08:00 ] ::1 /thinkphp/index.php/home/user/show_add_user.html
INFO: [ app_init ] --START--
INFO: Run Behavior\BuildLiteBehavior [ RunTime:0.000101s ]
INFO: [ app_init ] --END-- [ RunTime:0.001766s ]
INFO: [ app_begin ] --START--
INFO: Run Behavior\ReadHtmlCacheBehavior [ RunTime:0.002677s ]
INFO: [ app_begin ] --END-- [ RunTime:0.003141s ]
ERR: 无法加载控制器:User

