[ 2018-04-25T09:57:25+08:00 ] ::1 /zws/index.php/Home/Goods/css/icomoon.css
ERR: 非法操作:css

[ 2018-04-25T09:57:25+08:00 ] ::1 /zws/index.php/Home/Goods/css/themify-icons.css
ERR: 非法操作:css

[ 2018-04-25T09:57:25+08:00 ] ::1 /zws/index.php/Home/Goods/css/animate.css
ERR: 非法操作:css

[ 2018-04-25T09:57:25+08:00 ] ::1 /zws/index.php/Home/Goods/css/bootstrap.css
ERR: 非法操作:css

[ 2018-04-25T09:57:25+08:00 ] ::1 /zws/index.php/Home/Goods/css/magnific-popup.css
ERR: 非法操作:css

[ 2018-04-25T09:57:25+08:00 ] ::1 /zws/index.php/Home/Goods/css/owl.carousel.min.css
ERR: 非法操作:css

[ 2018-04-25T09:57:25+08:00 ] ::1 /zws/index.php/Home/Goods/css/bootstrap-datetimepicker.min.css
ERR: 非法操作:css

[ 2018-04-25T09:57:25+08:00 ] ::1 /zws/index.php/Home/Goods/js/modernizr-2.6.2.min.js
ERR: 非法操作:js

[ 2018-04-25T09:57:25+08:00 ] ::1 /zws/index.php/Home/Goods/css/style.css
ERR: 非法操作:css

[ 2018-04-25T09:57:25+08:00 ] ::1 /zws/index.php/Home/Goods/css/owl.theme.default.min.css
ERR: 非法操作:css

[ 2018-04-25T09:57:25+08:00 ] ::1 /zws/index.php/Home/Goods/js/bootstrap.min.js
ERR: 非法操作:js

[ 2018-04-25T09:57:25+08:00 ] ::1 /zws/index.php/Home/Goods/js/jquery.min.js
ERR: 非法操作:js

[ 2018-04-25T09:57:25+08:00 ] ::1 /zws/index.php/Home/Goods/js/jquery.easing.1.3.js
ERR: 非法操作:js

[ 2018-04-25T09:57:25+08:00 ] ::1 /zws/index.php/Home/Goods/js/jquery.waypoints.min.js
ERR: 非法操作:js

[ 2018-04-25T09:57:25+08:00 ] ::1 /zws/index.php/Home/Goods/js/owl.carousel.min.js
ERR: 非法操作:js

[ 2018-04-25T09:57:25+08:00 ] ::1 /zws/index.php/Home/Goods/js/jquery.countTo.js
ERR: 非法操作:js

[ 2018-04-25T09:57:25+08:00 ] ::1 /zws/index.php/Home/Goods/js/jquery.stellar.min.js
ERR: 非法操作:js

[ 2018-04-25T09:57:25+08:00 ] ::1 /zws/index.php/Home/Goods/js/jquery.magnific-popup.min.js
ERR: 非法操作:js

[ 2018-04-25T09:57:25+08:00 ] ::1 /zws/index.php/Home/Goods/js/magnific-popup-options.js
ERR: 非法操作:js

[ 2018-04-25T09:57:25+08:00 ] ::1 /zws/index.php/Home/Goods/js/moment.min.js
ERR: 非法操作:js

[ 2018-04-25T09:57:25+08:00 ] ::1 /zws/index.php/Home/Goods/js/bootstrap-datetimepicker.min.js
ERR: 非法操作:js

[ 2018-04-25T09:57:25+08:00 ] ::1 /zws/index.php/Home/Goods/js/main.js
ERR: 非法操作:js

[ 2018-04-25T09:57:25+08:00 ] ::1 /zws/index.php/Home/Goods/js/bootstrap.min.js
ERR: 非法操作:js

[ 2018-04-25T09:57:25+08:00 ] ::1 /zws/index.php/Home/Goods/js/jquery.waypoints.min.js
ERR: 非法操作:js

[ 2018-04-25T09:57:26+08:00 ] ::1 /zws/index.php/Home/Goods/js/owl.carousel.min.js
ERR: 非法操作:js

[ 2018-04-25T09:57:26+08:00 ] ::1 /zws/index.php/Home/Goods/js/jquery.countTo.js
ERR: 非法操作:js

[ 2018-04-25T09:57:26+08:00 ] ::1 /zws/index.php/Home/Goods/js/jquery.stellar.min.js
ERR: 非法操作:js

[ 2018-04-25T09:57:26+08:00 ] ::1 /zws/index.php/Home/Goods/js/jquery.magnific-popup.min.js
ERR: 非法操作:js

[ 2018-04-25T09:57:26+08:00 ] ::1 /zws/index.php/Home/Goods/js/magnific-popup-options.js
ERR: 非法操作:js

[ 2018-04-25T09:57:26+08:00 ] ::1 /zws/index.php/Home/Goods/js/moment.min.js
ERR: 非法操作:js

[ 2018-04-25T09:57:26+08:00 ] ::1 /zws/index.php/Home/Goods/js/bootstrap-datetimepicker.min.js
ERR: 非法操作:js

[ 2018-04-25T09:57:26+08:00 ] ::1 /zws/index.php/Home/Goods/js/main.js
ERR: 非法操作:js

[ 2018-04-25T09:58:07+08:00 ] ::1 /zws/index.php/Home/Goods/js/jquery.min.js
ERR: 非法操作:js

[ 2018-04-25T09:58:07+08:00 ] ::1 /zws/index.php/Home/Goods/js/bootstrap.min.js
ERR: 非法操作:js

[ 2018-04-25T09:58:07+08:00 ] ::1 /zws/index.php/Home/Goods/js/owl.carousel.min.js
ERR: 非法操作:js

[ 2018-04-25T09:58:07+08:00 ] ::1 /zws/index.php/Home/Goods/js/jquery.waypoints.min.js
ERR: 非法操作:js

[ 2018-04-25T09:58:07+08:00 ] ::1 /zws/index.php/Home/Goods/js/modernizr-2.6.2.min.js
ERR: 非法操作:js

[ 2018-04-25T09:58:07+08:00 ] ::1 /zws/index.php/Home/Goods/js/magnific-popup-options.js
ERR: 非法操作:js

[ 2018-04-25T09:58:07+08:00 ] ::1 /zws/index.php/Home/Goods/js/jquery.countTo.js
ERR: 非法操作:js

[ 2018-04-25T09:58:07+08:00 ] ::1 /zws/index.php/Home/Goods/js/jquery.easing.1.3.js
ERR: 非法操作:js

[ 2018-04-25T09:58:07+08:00 ] ::1 /zws/index.php/Home/Goods/js/bootstrap-datetimepicker.min.js
ERR: 非法操作:js

[ 2018-04-25T09:58:08+08:00 ] ::1 /zws/index.php/Home/Goods/js/jquery.min.js
ERR: 非法操作:js

[ 2018-04-25T09:58:08+08:00 ] ::1 /zws/index.php/Home/Goods/js/main.js
ERR: 非法操作:js

[ 2018-04-25T09:58:08+08:00 ] ::1 /zws/index.php/Home/Goods/js/jquery.magnific-popup.min.js
ERR: 非法操作:js

[ 2018-04-25T09:58:08+08:00 ] ::1 /zws/index.php/Home/Goods/js/moment.min.js
ERR: 非法操作:js

[ 2018-04-25T09:58:08+08:00 ] ::1 /zws/index.php/Home/Goods/js/jquery.stellar.min.js
ERR: 非法操作:js

[ 2018-04-25T09:58:08+08:00 ] ::1 /zws/index.php/Home/Goods/js/jquery.easing.1.3.js
ERR: 非法操作:js

[ 2018-04-25T09:58:08+08:00 ] ::1 /zws/index.php/Home/Goods/js/bootstrap.min.js
ERR: 非法操作:js

[ 2018-04-25T09:58:08+08:00 ] ::1 /zws/index.php/Home/Goods/js/jquery.waypoints.min.js
ERR: 非法操作:js

[ 2018-04-25T09:58:08+08:00 ] ::1 /zws/index.php/Home/Goods/js/owl.carousel.min.js
ERR: 非法操作:js

[ 2018-04-25T09:58:08+08:00 ] ::1 /zws/index.php/Home/Goods/js/jquery.countTo.js
ERR: 非法操作:js

[ 2018-04-25T09:58:08+08:00 ] ::1 /zws/index.php/Home/Goods/js/jquery.stellar.min.js
ERR: 非法操作:js

[ 2018-04-25T09:58:08+08:00 ] ::1 /zws/index.php/Home/Goods/js/jquery.magnific-popup.min.js
ERR: 非法操作:js

[ 2018-04-25T09:58:08+08:00 ] ::1 /zws/index.php/Home/Goods/js/magnific-popup-options.js
ERR: 非法操作:js

[ 2018-04-25T09:58:08+08:00 ] ::1 /zws/index.php/Home/Goods/js/moment.min.js
ERR: 非法操作:js

[ 2018-04-25T09:58:08+08:00 ] ::1 /zws/index.php/Home/Goods/js/bootstrap-datetimepicker.min.js
ERR: 非法操作:js

[ 2018-04-25T09:58:08+08:00 ] ::1 /zws/index.php/Home/Goods/js/main.js
ERR: 非法操作:js

[ 2018-04-25T09:59:17+08:00 ] ::1 /zws/index.php/Home/Goods/css/animate.css
ERR: 非法操作:css

[ 2018-04-25T09:59:17+08:00 ] ::1 /zws/index.php/Home/Goods/css/icomoon.css
ERR: 非法操作:css

[ 2018-04-25T09:59:17+08:00 ] ::1 /zws/index.php/Home/Goods/css/bootstrap-datetimepicker.min.css
ERR: 非法操作:css

[ 2018-04-25T09:59:17+08:00 ] ::1 /zws/index.php/Home/Goods/css/bootstrap.css
ERR: 非法操作:css

[ 2018-04-25T09:59:18+08:00 ] ::1 /zws/index.php/Home/Goods/css/magnific-popup.css
ERR: 非法操作:css

[ 2018-04-25T09:59:18+08:00 ] ::1 /zws/index.php/Home/Goods/css/themify-icons.css
ERR: 非法操作:css

[ 2018-04-25T09:59:18+08:00 ] ::1 /zws/index.php/Home/Goods/css/style.css
ERR: 非法操作:css

[ 2018-04-25T09:59:18+08:00 ] ::1 /zws/index.php/Home/Goods/css/owl.carousel.min.css
ERR: 非法操作:css

[ 2018-04-25T09:59:18+08:00 ] ::1 /zws/index.php/Home/Goods/css/owl.theme.default.min.css
ERR: 非法操作:css

