[ 2018-04-17T09:24:35+08:00 ] ::1 /zws/
INFO: [ app_init ] --START--
INFO: Run Behavior\BuildLiteBehavior [ RunTime:0.000056s ]
INFO: [ app_init ] --END-- [ RunTime:0.011393s ]
INFO: [ app_begin ] --START--
INFO: Run Behavior\ReadHtmlCacheBehavior [ RunTime:0.011703s ]
INFO: [ app_begin ] --END-- [ RunTime:0.011950s ]
INFO: [ view_parse ] --START--
INFO: [ template_filter ] --START--
INFO: Run Behavior\ContentReplaceBehavior [ RunTime:0.000329s ]
INFO: [ template_filter ] --END-- [ RunTime:0.000605s ]
INFO: Run Behavior\ParseTemplateBehavior [ RunTime:0.069811s ]
INFO: [ view_parse ] --END-- [ RunTime:0.070085s ]
INFO: [ view_filter ] --START--
INFO: Run Behavior\WriteHtmlCacheBehavior [ RunTime:0.053870s ]
INFO: [ view_filter ] --END-- [ RunTime:0.054104s ]
INFO: [ app_end ] --START--
INFO: Run Behavior\ShowPageTraceBehavior [ RunTime:0.035339s ]
INFO: [ app_end ] --END-- [ RunTime:0.035552s ]

[ 2018-04-17T09:24:49+08:00 ] ::1 /zws/
INFO: [ app_init ] --START--
INFO: Run Behavior\BuildLiteBehavior [ RunTime:0.000074s ]
INFO: [ app_init ] --END-- [ RunTime:0.001948s ]
INFO: [ app_begin ] --START--
INFO: Run Behavior\ReadHtmlCacheBehavior [ RunTime:0.002585s ]
INFO: [ app_begin ] --END-- [ RunTime:0.002910s ]
INFO: [ view_parse ] --START--
INFO: [ template_filter ] --START--
INFO: Run Behavior\ContentReplaceBehavior [ RunTime:0.000463s ]
INFO: [ template_filter ] --END-- [ RunTime:0.000795s ]
INFO: Run Behavior\ParseTemplateBehavior [ RunTime:0.050125s ]
INFO: [ view_parse ] --END-- [ RunTime:0.050522s ]
INFO: [ view_filter ] --START--
INFO: Run Behavior\WriteHtmlCacheBehavior [ RunTime:0.002761s ]
INFO: [ view_filter ] --END-- [ RunTime:0.003098s ]
INFO: [ app_end ] --START--
INFO: Run Behavior\ShowPageTraceBehavior [ RunTime:0.003234s ]
INFO: [ app_end ] --END-- [ RunTime:0.003619s ]

[ 2018-04-17T09:26:17+08:00 ] ::1 /zws/
INFO: [ app_init ] --START--
INFO: Run Behavior\BuildLiteBehavior [ RunTime:0.000097s ]
INFO: [ app_init ] --END-- [ RunTime:0.002527s ]
INFO: [ app_begin ] --START--
INFO: Run Behavior\ReadHtmlCacheBehavior [ RunTime:0.004341s ]
INFO: [ app_begin ] --END-- [ RunTime:0.004763s ]
INFO: [ view_parse ] --START--
INFO: [ template_filter ] --START--
INFO: Run Behavior\ContentReplaceBehavior [ RunTime:0.000646s ]
INFO: [ template_filter ] --END-- [ RunTime:0.001126s ]
INFO: Run Behavior\ParseTemplateBehavior [ RunTime:0.068555s ]
INFO: [ view_parse ] --END-- [ RunTime:0.069055s ]
INFO: [ view_filter ] --START--
INFO: Run Behavior\WriteHtmlCacheBehavior [ RunTime:0.003834s ]
INFO: [ view_filter ] --END-- [ RunTime:0.004283s ]
INFO: [ app_end ] --START--
INFO: Run Behavior\ShowPageTraceBehavior [ RunTime:0.005356s ]
INFO: [ app_end ] --END-- [ RunTime:0.006059s ]

[ 2018-04-17T09:26:27+08:00 ] ::1 /zws/index.php/Home/Index/
INFO: [ app_init ] --START--
INFO: Run Behavior\BuildLiteBehavior [ RunTime:0.000191s ]
INFO: [ app_init ] --END-- [ RunTime:0.002142s ]
INFO: [ app_begin ] --START--
INFO: Run Behavior\ReadHtmlCacheBehavior [ RunTime:0.003729s ]
INFO: [ app_begin ] --END-- [ RunTime:0.004269s ]
INFO: [ view_parse ] --START--
INFO: [ template_filter ] --START--
INFO: Run Behavior\ContentReplaceBehavior [ RunTime:0.000624s ]
INFO: [ template_filter ] --END-- [ RunTime:0.001106s ]
INFO: Run Behavior\ParseTemplateBehavior [ RunTime:0.063076s ]
INFO: [ view_parse ] --END-- [ RunTime:0.063532s ]
INFO: [ view_filter ] --START--
INFO: Run Behavior\WriteHtmlCacheBehavior [ RunTime:0.002223s ]
INFO: [ view_filter ] --END-- [ RunTime:0.002642s ]
INFO: [ app_end ] --START--
INFO: Run Behavior\ShowPageTraceBehavior [ RunTime:0.003055s ]
INFO: [ app_end ] --END-- [ RunTime:0.003486s ]

[ 2018-04-17T09:26:27+08:00 ] ::1 /zws/index.php/Home/Index/Public/Home/img/bj.jpg
INFO: [ app_init ] --START--
INFO: Run Behavior\BuildLiteBehavior [ RunTime:0.000098s ]
INFO: [ app_init ] --END-- [ RunTime:0.004209s ]

[ 2018-04-17T09:26:39+08:00 ] ::1 /zws/
INFO: [ app_init ] --START--
INFO: Run Behavior\BuildLiteBehavior [ RunTime:0.000093s ]
INFO: [ app_init ] --END-- [ RunTime:0.002334s ]
INFO: [ app_begin ] --START--
INFO: Run Behavior\ReadHtmlCacheBehavior [ RunTime:0.002898s ]
INFO: [ app_begin ] --END-- [ RunTime:0.003333s ]
INFO: [ view_parse ] --START--
INFO: [ template_filter ] --START--
INFO: Run Behavior\ContentReplaceBehavior [ RunTime:0.000647s ]
INFO: [ template_filter ] --END-- [ RunTime:0.001143s ]
INFO: Run Behavior\ParseTemplateBehavior [ RunTime:0.059968s ]
INFO: [ view_parse ] --END-- [ RunTime:0.060459s ]
INFO: [ view_filter ] --START--
INFO: Run Behavior\WriteHtmlCacheBehavior [ RunTime:0.001804s ]
INFO: [ view_filter ] --END-- [ RunTime:0.002190s ]
INFO: [ app_end ] --START--
INFO: Run Behavior\ShowPageTraceBehavior [ RunTime:0.003881s ]
INFO: [ app_end ] --END-- [ RunTime:0.004319s ]

[ 2018-04-17T17:35:38+08:00 ] ::1 /zws/index.php/Home/Index/
INFO: [ app_init ] --START--
INFO: Run Behavior\BuildLiteBehavior [ RunTime:0.000091s ]
INFO: [ app_init ] --END-- [ RunTime:0.002011s ]
INFO: [ app_begin ] --START--
INFO: Run Behavior\ReadHtmlCacheBehavior [ RunTime:0.003133s ]
INFO: [ app_begin ] --END-- [ RunTime:0.003892s ]
INFO: [ view_parse ] --START--
INFO: [ template_filter ] --START--
INFO: Run Behavior\ContentReplaceBehavior [ RunTime:0.000584s ]
INFO: [ template_filter ] --END-- [ RunTime:0.001076s ]
INFO: Run Behavior\ParseTemplateBehavior [ RunTime:0.116561s ]
INFO: [ view_parse ] --END-- [ RunTime:0.117040s ]
INFO: [ view_filter ] --START--
INFO: Run Behavior\WriteHtmlCacheBehavior [ RunTime:0.002379s ]
INFO: [ view_filter ] --END-- [ RunTime:0.002768s ]
INFO: [ app_end ] --START--
INFO: Run Behavior\ShowPageTraceBehavior [ RunTime:0.004541s ]
INFO: [ app_end ] --END-- [ RunTime:0.004968s ]

[ 2018-04-17T17:35:39+08:00 ] ::1 /zws/index.php/Home/Index/Public/Home/img/bj.jpg
INFO: [ app_init ] --START--
INFO: Run Behavior\BuildLiteBehavior [ RunTime:0.000104s ]
INFO: [ app_init ] --END-- [ RunTime:0.002504s ]

[ 2018-04-17T17:35:42+08:00 ] ::1 /zws/
INFO: [ app_init ] --START--
INFO: Run Behavior\BuildLiteBehavior [ RunTime:0.000102s ]
INFO: [ app_init ] --END-- [ RunTime:0.003700s ]
INFO: [ app_begin ] --START--
INFO: Run Behavior\ReadHtmlCacheBehavior [ RunTime:0.008046s ]
INFO: [ app_begin ] --END-- [ RunTime:0.008521s ]
INFO: [ view_parse ] --START--
INFO: [ template_filter ] --START--
INFO: Run Behavior\ContentReplaceBehavior [ RunTime:0.000649s ]
INFO: [ template_filter ] --END-- [ RunTime:0.001279s ]
INFO: Run Behavior\ParseTemplateBehavior [ RunTime:0.067209s ]
INFO: [ view_parse ] --END-- [ RunTime:0.067734s ]
INFO: [ view_filter ] --START--
INFO: Run Behavior\WriteHtmlCacheBehavior [ RunTime:0.003095s ]
INFO: [ view_filter ] --END-- [ RunTime:0.003578s ]
INFO: [ app_end ] --START--
INFO: Run Behavior\ShowPageTraceBehavior [ RunTime:0.004146s ]
INFO: [ app_end ] --END-- [ RunTime:0.004566s ]

[ 2018-04-17T20:35:38+08:00 ] ::1 /zws/index.php/Home/Index/
INFO: [ app_init ] --START--
INFO: Run Behavior\BuildLiteBehavior [ RunTime:0.000147s ]
INFO: [ app_init ] --END-- [ RunTime:0.003239s ]
INFO: [ app_begin ] --START--
INFO: Run Behavior\ReadHtmlCacheBehavior [ RunTime:0.011295s ]
INFO: [ app_begin ] --END-- [ RunTime:0.015275s ]
INFO: [ view_parse ] --START--
INFO: [ template_filter ] --START--
INFO: Run Behavior\ContentReplaceBehavior [ RunTime:0.000732s ]
INFO: [ template_filter ] --END-- [ RunTime:0.001327s ]
INFO: Run Behavior\ParseTemplateBehavior [ RunTime:0.091894s ]
INFO: [ view_parse ] --END-- [ RunTime:0.092800s ]
INFO: [ view_filter ] --START--
INFO: Run Behavior\WriteHtmlCacheBehavior [ RunTime:0.002806s ]
INFO: [ view_filter ] --END-- [ RunTime:0.003209s ]
INFO: [ app_end ] --START--
INFO: Run Behavior\ShowPageTraceBehavior [ RunTime:0.003858s ]
INFO: [ app_end ] --END-- [ RunTime:0.004279s ]

[ 2018-04-17T20:35:39+08:00 ] ::1 /zws/index.php/Home/Index/Public/Home/img/bj.jpg
INFO: [ app_init ] --START--
INFO: Run Behavior\BuildLiteBehavior [ RunTime:0.000271s ]
INFO: [ app_init ] --END-- [ RunTime:0.001813s ]

[ 2018-04-17T20:35:45+08:00 ] ::1 /zws/
INFO: [ app_init ] --START--
INFO: Run Behavior\BuildLiteBehavior [ RunTime:0.000082s ]
INFO: [ app_init ] --END-- [ RunTime:0.002061s ]
INFO: [ app_begin ] --START--
INFO: Run Behavior\ReadHtmlCacheBehavior [ RunTime:0.003204s ]
INFO: [ app_begin ] --END-- [ RunTime:0.003585s ]
INFO: [ view_parse ] --START--
INFO: [ template_filter ] --START--
INFO: Run Behavior\ContentReplaceBehavior [ RunTime:0.000499s ]
INFO: [ template_filter ] --END-- [ RunTime:0.000879s ]
INFO: Run Behavior\ParseTemplateBehavior [ RunTime:0.066705s ]
INFO: [ view_parse ] --END-- [ RunTime:0.067078s ]
INFO: [ view_filter ] --START--
INFO: Run Behavior\WriteHtmlCacheBehavior [ RunTime:0.002327s ]
INFO: [ view_filter ] --END-- [ RunTime:0.002658s ]
INFO: [ app_end ] --START--
INFO: Run Behavior\ShowPageTraceBehavior [ RunTime:0.002990s ]
INFO: [ app_end ] --END-- [ RunTime:0.003377s ]

[ 2018-04-17T20:38:34+08:00 ] ::1 /zws/
INFO: [ app_init ] --START--
INFO: Run Behavior\BuildLiteBehavior [ RunTime:0.000535s ]
INFO: [ app_init ] --END-- [ RunTime:0.003176s ]
INFO: [ app_begin ] --START--
INFO: Run Behavior\ReadHtmlCacheBehavior [ RunTime:0.003763s ]
INFO: [ app_begin ] --END-- [ RunTime:0.004270s ]
INFO: [ view_parse ] --START--
INFO: [ template_filter ] --START--
INFO: Run Behavior\ContentReplaceBehavior [ RunTime:0.001156s ]
INFO: [ template_filter ] --END-- [ RunTime:0.001708s ]
INFO: Run Behavior\ParseTemplateBehavior [ RunTime:0.076857s ]
INFO: [ view_parse ] --END-- [ RunTime:0.077550s ]
INFO: [ view_filter ] --START--
INFO: Run Behavior\WriteHtmlCacheBehavior [ RunTime:0.004170s ]
INFO: [ view_filter ] --END-- [ RunTime:0.004635s ]
INFO: [ app_end ] --START--
INFO: Run Behavior\ShowPageTraceBehavior [ RunTime:0.004019s ]
INFO: [ app_end ] --END-- [ RunTime:0.005167s ]

