[ 2018-04-22T11:48:11+08:00 ] ::1 /zws/Public/Home/js/bootstrap.min.js
ERR: 无法加载模块:Public

[ 2018-04-22T11:48:12+08:00 ] ::1 /zws/Public/Home/images/loader.gif
ERR: 无法加载模块:Public

[ 2018-04-22T11:48:13+08:00 ] ::1 /zws/Public/Home/js/bootstrap.min.js
ERR: 无法加载模块:Public

[ 2018-04-22T11:48:18+08:00 ] ::1 /zws/Public/jquery-3.3.1.js
ERR: 无法加载模块:Public

[ 2018-04-22T11:53:53+08:00 ] ::1 /zws/Public/jquery-3.3.1.js
ERR: 无法加载模块:Public

[ 2018-04-22T12:04:03+08:00 ] ::1 /zws/Public/Admin/images/icon_control.png?v=201406241538
ERR: 无法加载模块:Public

[ 2018-04-22T12:04:25+08:00 ] ::1 /zws/Public/Admin/images/icon_control.png?v=201406241538
ERR: 无法加载模块:Public

[ 2018-04-22T14:20:04+08:00 ] ::1 /zws/Public/Home/js/bootstrap.min.js
ERR: 无法加载模块:Public

[ 2018-04-22T14:20:05+08:00 ] ::1 /zws/Public/Home/js/bootstrap.min.js
ERR: 无法加载模块:Public

[ 2018-04-22T14:20:05+08:00 ] ::1 /zws/Public/Home/images/loader.gif
ERR: 无法加载模块:Public

[ 2018-04-22T14:21:02+08:00 ] ::1 /zws/Public/Home/js/bootstrap.min.js
ERR: 无法加载模块:Public

[ 2018-04-22T14:21:02+08:00 ] ::1 /zws/Public/Home/js/bootstrap.min.js
ERR: 无法加载模块:Public

[ 2018-04-22T14:21:02+08:00 ] ::1 /zws/Public/Home/images/loader.gif
ERR: 无法加载模块:Public

[ 2018-04-22T14:23:40+08:00 ] ::1 /zws/Public/Home/js/bootstrap.min.js
ERR: 无法加载模块:Public

[ 2018-04-22T14:23:41+08:00 ] ::1 /zws/Public/Home/js/bootstrap.min.js
ERR: 无法加载模块:Public

[ 2018-04-22T14:23:41+08:00 ] ::1 /zws/Public/Home/images/loader.gif
ERR: 无法加载模块:Public

[ 2018-04-22T14:58:49+08:00 ] ::1 /zws/Public/Home/js/bootstrap.min.js
ERR: 无法加载模块:Public

[ 2018-04-22T14:58:49+08:00 ] ::1 /zws/Public/Home/images/loader.gif
ERR: 无法加载模块:Public

[ 2018-04-22T14:58:49+08:00 ] ::1 /zws/Public/Home/js/bootstrap.min.js
ERR: 无法加载模块:Public

[ 2018-04-22T15:04:29+08:00 ] ::1 /zws/Public/Home/js/bootstrap.min.js
ERR: 无法加载模块:Public

[ 2018-04-22T15:04:30+08:00 ] ::1 /zws/Public/Home/js/bootstrap.min.js
ERR: 无法加载模块:Public

[ 2018-04-22T15:04:30+08:00 ] ::1 /zws/Public/Home/images/loader.gif
ERR: 无法加载模块:Public

[ 2018-04-22T15:44:42+08:00 ] ::1 /zws/Public/jquery.min.js
ERR: 无法加载模块:Public

[ 2018-04-22T15:48:31+08:00 ] ::1 /zws/Public/jquery.min.js
ERR: 无法加载模块:Public

[ 2018-04-22T15:48:53+08:00 ] ::1 /zws/Public/jquery.min.js
ERR: 无法加载模块:Public

[ 2018-04-22T15:54:53+08:00 ] ::1 /zws/Public/Home/js/jquery.min.map
ERR: 无法加载模块:Public

[ 2018-04-22T16:02:54+08:00 ] ::1 /zws/Public/Home/js/jquery.min.map
ERR: 无法加载模块:Public

[ 2018-04-22T16:03:36+08:00 ] ::1 /zws/Public/Home/js/jquery.min.map
ERR: 无法加载模块:Public

[ 2018-04-22T16:05:57+08:00 ] ::1 /zws/Public/Home/js/jquery.min.map
ERR: 无法加载模块:Public

[ 2018-04-22T16:09:23+08:00 ] ::1 /zws/Public/Home/js/jquery.min.map
ERR: 无法加载模块:Public

[ 2018-04-22T16:18:08+08:00 ] ::1 /zws/Public/Home/js/jquery.min.map
ERR: 无法加载模块:Public

[ 2018-04-22T16:21:32+08:00 ] ::1 /zws/Public/Home/js/jquery.min.map
ERR: 无法加载模块:Public

[ 2018-04-22T16:41:37+08:00 ] ::1 /zws/Public/Home/js/bootstrap.min.js
ERR: 无法加载模块:Public

[ 2018-04-22T16:41:57+08:00 ] ::1 /zws/Public/Home/images/loader.gif
ERR: 无法加载模块:Public

[ 2018-04-22T16:42:11+08:00 ] ::1 /zws/Public/Home/js/bootstrap.min.js
ERR: 无法加载模块:Public

[ 2018-04-22T16:42:11+08:00 ] ::1 /zws/Public/Home/images/loader.gif
ERR: 无法加载模块:Public

[ 2018-04-22T16:43:02+08:00 ] ::1 /zws/Public/Home/js/bootstrap.min.js
ERR: 无法加载模块:Public

[ 2018-04-22T16:43:02+08:00 ] ::1 /zws/Public/Home/images/loader.gif
ERR: 无法加载模块:Public

[ 2018-04-22T16:43:12+08:00 ] ::1 /zws/Public/Home/js/bootstrap.min.js
ERR: 无法加载模块:Public

[ 2018-04-22T16:43:12+08:00 ] ::1 /zws/Public/Home/images/loader.gif
ERR: 无法加载模块:Public

[ 2018-04-22T16:44:15+08:00 ] ::1 /zws/Public/Home/js/bootstrap.min.js
ERR: 无法加载模块:Public

[ 2018-04-22T16:44:16+08:00 ] ::1 /zws/Public/Home/images/loader.gif
ERR: 无法加载模块:Public

[ 2018-04-22T17:20:05+08:00 ] ::1 /zws/Public/Home/js/bootstrap.min.js
ERR: 无法加载模块:Public

[ 2018-04-22T17:20:05+08:00 ] ::1 /zws/Public/Home/images/loader.gif
ERR: 无法加载模块:Public

[ 2018-04-22T17:20:30+08:00 ] ::1 /zws/Public/Home/js/bootstrap.min.js
ERR: 无法加载模块:Public

[ 2018-04-22T17:20:30+08:00 ] ::1 /zws/Public/Home/js/bootstrap.min.js
ERR: 无法加载模块:Public

[ 2018-04-22T17:20:30+08:00 ] ::1 /zws/Public/Home/images/loader.gif
ERR: 无法加载模块:Public

[ 2018-04-22T17:23:01+08:00 ] ::1 /zws/Public/Home/js/bootstrap.min.js
ERR: 无法加载模块:Public

[ 2018-04-22T17:23:03+08:00 ] ::1 /zws/Public/Home/images/loader.gif
ERR: 无法加载模块:Public

[ 2018-04-22T17:23:03+08:00 ] ::1 /zws/Public/Home/js/bootstrap.min.js
ERR: 无法加载模块:Public

[ 2018-04-22T17:24:08+08:00 ] ::1 /zws/Public/Home/js/bootstrap.min.js
ERR: 无法加载模块:Public

[ 2018-04-22T17:24:08+08:00 ] ::1 /zws/Public/Home/js/bootstrap.min.js
ERR: 无法加载模块:Public

[ 2018-04-22T17:24:08+08:00 ] ::1 /zws/Public/Home/images/loader.gif
ERR: 无法加载模块:Public

[ 2018-04-22T19:58:52+08:00 ] ::1 /zws/Public/Home/js/bootstrap.min.js
ERR: 无法加载模块:Public

[ 2018-04-22T19:58:54+08:00 ] ::1 /zws/Public/Home/images/loader.gif
ERR: 无法加载模块:Public

[ 2018-04-22T19:58:55+08:00 ] ::1 /zws/Public/Home/js/bootstrap.min.js
ERR: 无法加载模块:Public

[ 2018-04-22T20:11:28+08:00 ] ::1 /zws/Public/Admin/images/icon_control.png?v=201406241538
ERR: 无法加载模块:Public

[ 2018-04-22T20:19:54+08:00 ] ::1 /zws/Public/Admin/images/icon_control.png?v=201406241538
ERR: 无法加载模块:Public

[ 2018-04-22T20:20:10+08:00 ] ::1 /zws/Public/Admin/images/icon_control.png?v=201406241538
ERR: 无法加载模块:Public

[ 2018-04-22T23:05:11+08:00 ] ::1 /zws/Public/Home/js/bootstrap.min.js
ERR: 无法加载模块:Public

[ 2018-04-22T23:05:12+08:00 ] ::1 /zws/Public/Home/js/bootstrap.min.js
ERR: 无法加载模块:Public

[ 2018-04-22T23:05:12+08:00 ] ::1 /zws/Public/Home/images/loader.gif
ERR: 无法加载模块:Public

[ 2018-04-22T23:06:20+08:00 ] ::1 /zws/Public/Home/js/bootstrap.min.js
ERR: 无法加载模块:Public

[ 2018-04-22T23:06:20+08:00 ] ::1 /zws/Public/Home/js/bootstrap.min.js
ERR: 无法加载模块:Public

[ 2018-04-22T23:06:20+08:00 ] ::1 /zws/Public/Home/images/loader.gif
ERR: 无法加载模块:Public

[ 2018-04-22T23:26:38+08:00 ] ::1 /zws/Public/Home/images/loader.gif
ERR: 无法加载模块:Public

[ 2018-04-22T23:27:05+08:00 ] ::1 /zws/Public/Home/js/bootstrap.min.js
ERR: 无法加载模块:Public

[ 2018-04-22T23:27:05+08:00 ] ::1 /zws/Public/Home/js/bootstrap.min.js
ERR: 无法加载模块:Public

[ 2018-04-22T23:27:05+08:00 ] ::1 /zws/Public/Home/images/loader.gif
ERR: 无法加载模块:Public

[ 2018-04-22T23:27:23+08:00 ] ::1 /zws/Public/Home/images/loader.gif
ERR: 无法加载模块:Public

[ 2018-04-22T23:32:27+08:00 ] ::1 /zws/Public/Home/images/loader.gif
ERR: 无法加载模块:Public

[ 2018-04-22T23:51:44+08:00 ] ::1 /zws/Public/Home/js/bootstrap.min.js
ERR: 无法加载模块:Public

[ 2018-04-22T23:51:44+08:00 ] ::1 /zws/Public/Home/images/loader.gif
ERR: 无法加载模块:Public

[ 2018-04-22T23:51:44+08:00 ] ::1 /zws/Public/Home/js/bootstrap.min.js
ERR: 无法加载模块:Public

[ 2018-04-22T23:52:00+08:00 ] ::1 /zws/Public/Home/images/loader.gif
ERR: 无法加载模块:Public

[ 2018-04-22T23:55:30+08:00 ] ::1 /zws/Public/Home/js/bootstrap.min.js
ERR: 无法加载模块:Public

[ 2018-04-22T23:55:32+08:00 ] ::1 /zws/Public/Home/js/bootstrap.min.js
ERR: 无法加载模块:Public

[ 2018-04-22T23:55:32+08:00 ] ::1 /zws/Public/Home/images/loader.gif
ERR: 无法加载模块:Public

[ 2018-04-22T23:57:46+08:00 ] ::1 /zws/Public/Home/js/bootstrap.min.js
ERR: 无法加载模块:Public

[ 2018-04-22T23:57:47+08:00 ] ::1 /zws/Public/Home/images/loader.gif
ERR: 无法加载模块:Public

[ 2018-04-22T23:57:47+08:00 ] ::1 /zws/Public/Home/js/bootstrap.min.js
ERR: 无法加载模块:Public

