[ 2018-04-18T08:52:36+08:00 ] ::1 /zws/Public/Home/js/bootstrap.min.js
ERR: 无法加载模块:Public

[ 2018-04-18T08:52:37+08:00 ] ::1 /zws/Public/Home/images/loader.gif
ERR: 无法加载模块:Public

[ 2018-04-18T08:52:37+08:00 ] ::1 /zws/Public/Home/js/bootstrap.min.js
ERR: 无法加载模块:Public

[ 2018-04-18T08:58:15+08:00 ] ::1 /zws/Public/Home/js/bootstrap.min.js
ERR: 无法加载模块:Public

[ 2018-04-18T08:58:17+08:00 ] ::1 /zws/Public/Home/js/bootstrap.min.js
ERR: 无法加载模块:Public

[ 2018-04-18T08:58:17+08:00 ] ::1 /zws/Public/Home/images/loader.gif
ERR: 无法加载模块:Public

[ 2018-04-18T08:58:31+08:00 ] ::1 /zws/Public/Home/js/bootstrap.min.js
ERR: 无法加载模块:Public

[ 2018-04-18T08:58:32+08:00 ] ::1 /zws/Public/Home/js/bootstrap.min.js
ERR: 无法加载模块:Public

[ 2018-04-18T08:58:32+08:00 ] ::1 /zws/Public/Home/images/loader.gif
ERR: 无法加载模块:Public

[ 2018-04-18T08:58:47+08:00 ] ::1 /zws/Public/Home/js/bootstrap.min.js
ERR: 无法加载模块:Public

[ 2018-04-18T08:58:47+08:00 ] ::1 /zws/Public/Home/js/bootstrap.min.js
ERR: 无法加载模块:Public

[ 2018-04-18T08:58:47+08:00 ] ::1 /zws/Public/Home/images/loader.gif
ERR: 无法加载模块:Public

[ 2018-04-18T08:58:51+08:00 ] ::1 /zws/Public/Home/js/bootstrap.min.js
ERR: 无法加载模块:Public

[ 2018-04-18T08:58:51+08:00 ] ::1 /zws/Public/Home/js/bootstrap.min.js
ERR: 无法加载模块:Public

[ 2018-04-18T08:58:51+08:00 ] ::1 /zws/Public/Home/images/loader.gif
ERR: 无法加载模块:Public

[ 2018-04-18T08:58:58+08:00 ] ::1 /zws/Public/Home/js/bootstrap.min.js
ERR: 无法加载模块:Public

[ 2018-04-18T08:58:59+08:00 ] ::1 /zws/Public/Home/js/bootstrap.min.js
ERR: 无法加载模块:Public

[ 2018-04-18T08:58:59+08:00 ] ::1 /zws/Public/Home/images/loader.gif
ERR: 无法加载模块:Public

[ 2018-04-18T08:59:39+08:00 ] ::1 /zws/Public/Home/js/bootstrap.min.js
ERR: 无法加载模块:Public

[ 2018-04-18T08:59:40+08:00 ] ::1 /zws/Public/Home/js/bootstrap.min.js
ERR: 无法加载模块:Public

[ 2018-04-18T08:59:40+08:00 ] ::1 /zws/Public/Home/images/loader.gif
ERR: 无法加载模块:Public

[ 2018-04-18T08:59:40+08:00 ] ::1 /zws/index.php/img/bj.jpg
ERR: 无法加载模块:Img

[ 2018-04-18T09:01:54+08:00 ] ::1 /zws/Public/Home/js/bootstrap.min.js
ERR: 无法加载模块:Public

[ 2018-04-18T09:01:55+08:00 ] ::1 /zws/Public/Home/js/bootstrap.min.js
ERR: 无法加载模块:Public

[ 2018-04-18T09:01:55+08:00 ] ::1 /zws/Public/Home/images/loader.gif
ERR: 无法加载模块:Public

[ 2018-04-18T09:05:46+08:00 ] ::1 /zws/Public/Home/js/bootstrap.min.js
ERR: 无法加载模块:Public

[ 2018-04-18T09:05:49+08:00 ] ::1 /zws/Public/Home/js/bootstrap.min.js
ERR: 无法加载模块:Public

[ 2018-04-18T09:05:49+08:00 ] ::1 /zws/Public/Home/images/loader.gif
ERR: 无法加载模块:Public

[ 2018-04-18T09:06:07+08:00 ] ::1 /zws/Public/Home/js/bootstrap.min.js
ERR: 无法加载模块:Public

[ 2018-04-18T09:06:08+08:00 ] ::1 /zws/Public/Home/js/bootstrap.min.js
ERR: 无法加载模块:Public

[ 2018-04-18T09:06:08+08:00 ] ::1 /zws/Public/Home/images/loader.gif
ERR: 无法加载模块:Public

[ 2018-04-18T09:06:34+08:00 ] ::1 /zws/Public/Home/js/bootstrap.min.js
ERR: 无法加载模块:Public

[ 2018-04-18T09:06:34+08:00 ] ::1 /zws/Public/Home/images/loader.gif
ERR: 无法加载模块:Public

[ 2018-04-18T09:06:35+08:00 ] ::1 /zws/Public/Home/js/bootstrap.min.js
ERR: 无法加载模块:Public

[ 2018-04-18T09:07:08+08:00 ] ::1 /zws/Public/Home/js/bootstrap.min.js
ERR: 无法加载模块:Public

[ 2018-04-18T09:07:09+08:00 ] ::1 /zws/Public/Home/js/bootstrap.min.js
ERR: 无法加载模块:Public

[ 2018-04-18T09:07:09+08:00 ] ::1 /zws/Public/Home/images/loader.gif
ERR: 无法加载模块:Public

[ 2018-04-18T09:08:24+08:00 ] ::1 /zws/Public/Home/js/bootstrap.min.js
ERR: 无法加载模块:Public

[ 2018-04-18T09:08:24+08:00 ] ::1 /zws/Public/Home/js/bootstrap.min.js
ERR: 无法加载模块:Public

[ 2018-04-18T09:08:24+08:00 ] ::1 /zws/Public/Home/images/loader.gif
ERR: 无法加载模块:Public

[ 2018-04-18T09:08:39+08:00 ] ::1 /zws/Public/Home/js/bootstrap.min.js
ERR: 无法加载模块:Public

[ 2018-04-18T09:08:39+08:00 ] ::1 /zws/Public/Home/js/bootstrap.min.js
ERR: 无法加载模块:Public

[ 2018-04-18T09:08:39+08:00 ] ::1 /zws/Public/Home/images/loader.gif
ERR: 无法加载模块:Public

[ 2018-04-18T09:09:01+08:00 ] ::1 /zws/Public/Home/js/bootstrap.min.js
ERR: 无法加载模块:Public

[ 2018-04-18T09:09:01+08:00 ] ::1 /zws/Public/Home/images/loader.gif
ERR: 无法加载模块:Public

[ 2018-04-18T09:09:01+08:00 ] ::1 /zws/Public/Home/js/bootstrap.min.js
ERR: 无法加载模块:Public

[ 2018-04-18T09:09:13+08:00 ] ::1 /zws/Public/Home/js/bootstrap.min.js
ERR: 无法加载模块:Public

[ 2018-04-18T09:09:14+08:00 ] ::1 /zws/Public/Home/js/bootstrap.min.js
ERR: 无法加载模块:Public

[ 2018-04-18T09:09:14+08:00 ] ::1 /zws/Public/Home/images/loader.gif
ERR: 无法加载模块:Public

[ 2018-04-18T09:09:14+08:00 ] ::1 /zws/Public/Home/js/bootstrap.min.js
ERR: 无法加载模块:Public

[ 2018-04-18T09:09:15+08:00 ] ::1 /zws/Public/Home/js/bootstrap.min.js
ERR: 无法加载模块:Public

[ 2018-04-18T09:09:15+08:00 ] ::1 /zws/Public/Home/images/loader.gif
ERR: 无法加载模块:Public

[ 2018-04-18T09:09:17+08:00 ] ::1 /zws/Public/Home/js/bootstrap.min.js
ERR: 无法加载模块:Public

[ 2018-04-18T09:09:17+08:00 ] ::1 /zws/Public/Home/images/loader.gif
ERR: 无法加载模块:Public

[ 2018-04-18T09:09:17+08:00 ] ::1 /zws/Public/Home/js/bootstrap.min.js
ERR: 无法加载模块:Public

[ 2018-04-18T09:10:00+08:00 ] ::1 /zws/Public/Home/js/bootstrap.min.js
ERR: 无法加载模块:Public

[ 2018-04-18T09:10:00+08:00 ] ::1 /zws/Public/Home/images/loader.gif
ERR: 无法加载模块:Public

[ 2018-04-18T09:10:00+08:00 ] ::1 /zws/Public/Home/js/bootstrap.min.js
ERR: 无法加载模块:Public

[ 2018-04-18T09:11:03+08:00 ] ::1 /zws/Public/Home/js/bootstrap.min.js
ERR: 无法加载模块:Public

[ 2018-04-18T09:11:04+08:00 ] ::1 /zws/Public/Home/images/loader.gif
ERR: 无法加载模块:Public

[ 2018-04-18T09:11:04+08:00 ] ::1 /zws/Public/Home/js/bootstrap.min.js
ERR: 无法加载模块:Public

[ 2018-04-18T09:11:36+08:00 ] ::1 /zws/Public/Home/js/bootstrap.min.js
ERR: 无法加载模块:Public

[ 2018-04-18T09:11:36+08:00 ] ::1 /zws/Public/Home/js/bootstrap.min.js
ERR: 无法加载模块:Public

[ 2018-04-18T09:11:36+08:00 ] ::1 /zws/Public/Home/images/loader.gif
ERR: 无法加载模块:Public

[ 2018-04-18T09:11:54+08:00 ] ::1 /zws/Public/Home/js/bootstrap.min.js
ERR: 无法加载模块:Public

[ 2018-04-18T09:11:54+08:00 ] ::1 /zws/Public/Home/js/bootstrap.min.js
ERR: 无法加载模块:Public

[ 2018-04-18T09:11:54+08:00 ] ::1 /zws/Public/Home/images/loader.gif
ERR: 无法加载模块:Public

[ 2018-04-18T09:12:49+08:00 ] ::1 /zws/Public/Home/js/bootstrap.min.js
ERR: 无法加载模块:Public

[ 2018-04-18T09:12:49+08:00 ] ::1 /zws/Public/Home/js/bootstrap.min.js
ERR: 无法加载模块:Public

[ 2018-04-18T09:12:49+08:00 ] ::1 /zws/Public/Home/images/loader.gif
ERR: 无法加载模块:Public

[ 2018-04-18T09:13:13+08:00 ] ::1 /zws/Public/Home/js/bootstrap.min.js
ERR: 无法加载模块:Public

[ 2018-04-18T09:13:13+08:00 ] ::1 /zws/Public/Home/js/bootstrap.min.js
ERR: 无法加载模块:Public

[ 2018-04-18T09:13:13+08:00 ] ::1 /zws/Public/Home/images/loader.gif
ERR: 无法加载模块:Public

[ 2018-04-18T09:14:20+08:00 ] ::1 /zws/Public/Home/js/bootstrap.min.js
ERR: 无法加载模块:Public

[ 2018-04-18T09:14:21+08:00 ] ::1 /zws/Public/Home/js/bootstrap.min.js
ERR: 无法加载模块:Public

[ 2018-04-18T09:14:21+08:00 ] ::1 /zws/Public/Home/images/loader.gif
ERR: 无法加载模块:Public

[ 2018-04-18T09:16:11+08:00 ] ::1 /zws/Public/Home/js/bootstrap.min.js
ERR: 无法加载模块:Public

[ 2018-04-18T09:16:12+08:00 ] ::1 /zws/Public/Home/js/bootstrap.min.js
ERR: 无法加载模块:Public

[ 2018-04-18T09:16:12+08:00 ] ::1 /zws/Public/Home/images/loader.gif
ERR: 无法加载模块:Public

[ 2018-04-18T09:17:34+08:00 ] ::1 /zws/Public/Home/js/bootstrap.min.js
ERR: 无法加载模块:Public

[ 2018-04-18T09:17:34+08:00 ] ::1 /zws/Public/Home/images/loader.gif
ERR: 无法加载模块:Public

[ 2018-04-18T09:26:20+08:00 ] ::1 /zws/Public/Home/js/bootstrap.min.js
ERR: 无法加载模块:Public

[ 2018-04-18T09:26:22+08:00 ] ::1 /zws/Public/Home/images/loader.gif
ERR: 无法加载模块:Public

[ 2018-04-18T09:26:23+08:00 ] ::1 /zws/Public/Home/js/bootstrap.min.js
ERR: 无法加载模块:Public

[ 2018-04-18T15:22:15+08:00 ] ::1 /zws/Public/Home/js/bootstrap.min.js
ERR: 无法加载模块:Public

[ 2018-04-18T15:22:15+08:00 ] ::1 /zws/Public/Home/images/loader.gif
ERR: 无法加载模块:Public

[ 2018-04-18T15:22:17+08:00 ] ::1 /zws/Public/Home/js/bootstrap.min.js
ERR: 无法加载模块:Public

[ 2018-04-18T15:24:29+08:00 ] ::1 /zws/Public/Home/js/bootstrap.min.js
ERR: 无法加载模块:Public

[ 2018-04-18T15:24:29+08:00 ] ::1 /zws/Public/Home/js/bootstrap.min.js
ERR: 无法加载模块:Public

[ 2018-04-18T15:24:29+08:00 ] ::1 /zws/Public/Home/images/loader.gif
ERR: 无法加载模块:Public

[ 2018-04-18T15:32:10+08:00 ] ::1 /zws/Public/Home/js/bootstrap.min.js
ERR: 无法加载模块:Public

[ 2018-04-18T15:32:10+08:00 ] ::1 /zws/Public/Home/js/bootstrap.min.js
ERR: 无法加载模块:Public

[ 2018-04-18T15:32:10+08:00 ] ::1 /zws/Public/Home/images/loader.gif
ERR: 无法加载模块:Public

[ 2018-04-18T15:33:51+08:00 ] ::1 /zws/Public/Home/js/bootstrap.min.js
ERR: 无法加载模块:Public

[ 2018-04-18T15:33:52+08:00 ] ::1 /zws/Public/Home/js/bootstrap.min.js
ERR: 无法加载模块:Public

[ 2018-04-18T15:33:52+08:00 ] ::1 /zws/Public/Home/images/loader.gif
ERR: 无法加载模块:Public

[ 2018-04-18T15:33:55+08:00 ] ::1 /zws/Public/Home/js/bootstrap.min.js
ERR: 无法加载模块:Public

[ 2018-04-18T15:33:56+08:00 ] ::1 /zws/Public/Home/js/bootstrap.min.js
ERR: 无法加载模块:Public

[ 2018-04-18T15:33:56+08:00 ] ::1 /zws/Public/Home/images/loader.gif
ERR: 无法加载模块:Public

[ 2018-04-18T15:40:00+08:00 ] ::1 /zws/Public/Home/images/loader.gif
ERR: 无法加载模块:Public

[ 2018-04-18T15:40:42+08:00 ] ::1 /zws/Public/Home/js/bootstrap.min.js
ERR: 无法加载模块:Public

[ 2018-04-18T15:40:43+08:00 ] ::1 /zws/Public/Home/js/bootstrap.min.js
ERR: 无法加载模块:Public

[ 2018-04-18T15:40:43+08:00 ] ::1 /zws/Public/Home/images/loader.gif
ERR: 无法加载模块:Public

[ 2018-04-18T15:46:14+08:00 ] ::1 /zws/Public/Home/js/bootstrap.min.js
ERR: 无法加载模块:Public

[ 2018-04-18T15:46:16+08:00 ] ::1 /zws/Public/Home/images/loader.gif
ERR: 无法加载模块:Public

[ 2018-04-18T15:46:16+08:00 ] ::1 /zws/Public/Home/js/bootstrap.min.js
ERR: 无法加载模块:Public

[ 2018-04-18T15:46:53+08:00 ] ::1 /zws/Public/Home/js/bootstrap.min.js
ERR: 无法加载模块:Public

[ 2018-04-18T15:46:53+08:00 ] ::1 /zws/Public/Home/images/loader.gif
ERR: 无法加载模块:Public

[ 2018-04-18T15:46:53+08:00 ] ::1 /zws/Public/Home/js/bootstrap.min.js
ERR: 无法加载模块:Public

[ 2018-04-18T15:47:03+08:00 ] ::1 /zws/Public/Home/js/bootstrap.min.js
ERR: 无法加载模块:Public

[ 2018-04-18T15:47:04+08:00 ] ::1 /zws/Public/Home/images/loader.gif
ERR: 无法加载模块:Public

[ 2018-04-18T15:49:11+08:00 ] ::1 /zws/Public/Home/js/bootstrap.min.js
ERR: 无法加载模块:Public

[ 2018-04-18T15:49:12+08:00 ] ::1 /zws/Public/Home/js/bootstrap.min.js
ERR: 无法加载模块:Public

[ 2018-04-18T15:49:12+08:00 ] ::1 /zws/Public/Home/images/loader.gif
ERR: 无法加载模块:Public

[ 2018-04-18T15:53:15+08:00 ] ::1 /zws/Public/Home/js/bootstrap.min.js
ERR: 无法加载模块:Public

[ 2018-04-18T15:53:17+08:00 ] ::1 /zws/Public/Home/images/loader.gif
ERR: 无法加载模块:Public

[ 2018-04-18T15:53:17+08:00 ] ::1 /zws/Public/Home/js/bootstrap.min.js
ERR: 无法加载模块:Public

[ 2018-04-18T15:53:20+08:00 ] ::1 /zws/Public/Home/images/loader.gif
ERR: 无法加载模块:Public

[ 2018-04-18T15:54:06+08:00 ] ::1 /zws/Public/Home/images/loader.gif
ERR: 无法加载模块:Public

[ 2018-04-18T15:54:26+08:00 ] ::1 /zws/Public/Home/images/loader.gif
ERR: 无法加载模块:Public

[ 2018-04-18T15:54:32+08:00 ] ::1 /zws/Public/Home/images/loader.gif
ERR: 无法加载模块:Public

[ 2018-04-18T15:57:08+08:00 ] ::1 /zws/Public/Home/images/loader.gif
ERR: 无法加载模块:Public

[ 2018-04-18T16:03:22+08:00 ] ::1 /zws/Public/Home/images/loader.gif
ERR: 无法加载模块:Public

[ 2018-04-18T16:03:40+08:00 ] ::1 /zws/Public/Home/images/loader.gif
ERR: 无法加载模块:Public

[ 2018-04-18T16:04:26+08:00 ] ::1 /zws/Public/Home/images/loader.gif
ERR: 无法加载模块:Public

[ 2018-04-18T16:04:31+08:00 ] ::1 /zws/Public/Home/js/bootstrap.min.js
ERR: 无法加载模块:Public

[ 2018-04-18T16:04:31+08:00 ] ::1 /zws/Public/Home/js/bootstrap.min.js
ERR: 无法加载模块:Public

[ 2018-04-18T16:04:31+08:00 ] ::1 /zws/Public/Home/images/loader.gif
ERR: 无法加载模块:Public

[ 2018-04-18T16:04:34+08:00 ] ::1 /zws/Public/Home/images/loader.gif
ERR: 无法加载模块:Public

[ 2018-04-18T16:06:43+08:00 ] ::1 /zws/Public/Home/images/loader.gif
ERR: 无法加载模块:Public

[ 2018-04-18T16:07:03+08:00 ] ::1 /zws/Public/Home/images/loader.gif
ERR: 无法加载模块:Public

[ 2018-04-18T16:07:20+08:00 ] ::1 /zws/Public/Home/images/loader.gif
ERR: 无法加载模块:Public

[ 2018-04-18T16:07:44+08:00 ] ::1 /zws/Public/Home/images/loader.gif
ERR: 无法加载模块:Public

[ 2018-04-18T16:09:43+08:00 ] ::1 /zws/Public/Home/js/bootstrap.min.js
ERR: 无法加载模块:Public

[ 2018-04-18T16:09:44+08:00 ] ::1 /zws/Public/Home/images/loader.gif
ERR: 无法加载模块:Public

[ 2018-04-18T16:09:44+08:00 ] ::1 /zws/Public/Home/js/bootstrap.min.js
ERR: 无法加载模块:Public

[ 2018-04-18T16:24:39+08:00 ] ::1 /zws/Public/Home/images/loader.gif
ERR: 无法加载模块:Public

[ 2018-04-18T17:09:54+08:00 ] ::1 /zws/Public/Home/js/bootstrap.min.js
ERR: 无法加载模块:Public

[ 2018-04-18T17:09:55+08:00 ] ::1 /zws/Public/Home/images/loader.gif
ERR: 无法加载模块:Public

[ 2018-04-18T17:10:18+08:00 ] ::1 /zws/Public/Home/js/bootstrap.min.js
ERR: 无法加载模块:Public

[ 2018-04-18T17:10:19+08:00 ] ::1 /zws/Public/Home/js/bootstrap.min.js
ERR: 无法加载模块:Public

[ 2018-04-18T17:10:19+08:00 ] ::1 /zws/Public/Home/images/loader.gif
ERR: 无法加载模块:Public

[ 2018-04-18T17:10:37+08:00 ] ::1 /zws/Public/Home/images/jt_nor.png
ERR: 无法加载模块:Public

[ 2018-04-18T17:11:34+08:00 ] ::1 /zws/Public/Home/images/jt_nor.png
ERR: 无法加载模块:Public

[ 2018-04-18T17:11:41+08:00 ] ::1 /zws/Public/Home/images/jt_nor.png
ERR: 无法加载模块:Public

[ 2018-04-18T17:12:03+08:00 ] ::1 /zws/Public/Home/images/jt_nor.png
ERR: 无法加载模块:Public

[ 2018-04-18T17:12:31+08:00 ] ::1 /zws/Public/Home/images/jt_nor.png
ERR: 无法加载模块:Public

[ 2018-04-18T17:12:45+08:00 ] ::1 /zws/Public/Home/images/jt_nor.png
ERR: 无法加载模块:Public

[ 2018-04-18T17:12:47+08:00 ] ::1 /zws/Public/Home/images/jt_nor.png
ERR: 无法加载模块:Public

[ 2018-04-18T17:26:26+08:00 ] ::1 /zws/Public/Home/images/jt_nor.png
ERR: 无法加载模块:Public

[ 2018-04-18T17:27:10+08:00 ] ::1 /zws/Public/Home/images/jt_nor.png
ERR: 无法加载模块:Public

[ 2018-04-18T17:27:12+08:00 ] ::1 /zws/Public/Home/images/jt_nor.png
ERR: 无法加载模块:Public

[ 2018-04-18T17:27:17+08:00 ] ::1 /zws/Public/Home/images/jt_nor.png
ERR: 无法加载模块:Public

[ 2018-04-18T17:27:29+08:00 ] ::1 /zws/Public/Home/images/jt_nor.png
ERR: 无法加载模块:Public

[ 2018-04-18T17:27:39+08:00 ] ::1 /zws/Public/Home/images/jt_nor.png
ERR: 无法加载模块:Public

[ 2018-04-18T17:27:51+08:00 ] ::1 /zws/Public/Home/images/jt_nor.png
ERR: 无法加载模块:Public

[ 2018-04-18T17:27:58+08:00 ] ::1 /zws/Public/Home/images/jt_nor.png
ERR: 无法加载模块:Public

[ 2018-04-18T17:29:13+08:00 ] ::1 /zws/Public/Home/images/jt_nor.png
ERR: 无法加载模块:Public

[ 2018-04-18T17:30:59+08:00 ] ::1 /zws/Public/Home/js/bootstrap.min.js
ERR: 无法加载模块:Public

[ 2018-04-18T17:30:59+08:00 ] ::1 /zws/Public/Home/images/loader.gif
ERR: 无法加载模块:Public

[ 2018-04-18T17:30:59+08:00 ] ::1 /zws/Public/Home/js/bootstrap.min.js
ERR: 无法加载模块:Public

[ 2018-04-18T17:42:22+08:00 ] ::1 /zws/Public/Home/images/loader.gif
ERR: 无法加载模块:Public

[ 2018-04-18T18:24:52+08:00 ] ::1 /zws/Public/Home/images/loader.gif
ERR: 无法加载模块:Public

[ 2018-04-18T18:29:36+08:00 ] ::1 /zws/Public/Home/images/jt_nor.png
ERR: 无法加载模块:Public

[ 2018-04-18T18:44:39+08:00 ] ::1 /zws/Public/Home/js/bootstrap.min.js
ERR: 无法加载模块:Public

[ 2018-04-18T18:44:40+08:00 ] ::1 /zws/Public/Home/js/bootstrap.min.js
ERR: 无法加载模块:Public

[ 2018-04-18T18:44:40+08:00 ] ::1 /zws/Public/Home/images/loader.gif
ERR: 无法加载模块:Public

[ 2018-04-18T19:20:56+08:00 ] ::1 /zws/Public/Admin/fonts/brocolidry.ttf
ERR: 无法加载模块:Public

[ 2018-04-18T19:20:56+08:00 ] ::1 /zws/Public/Admin/fonts/steadysets.ttf
ERR: 无法加载模块:Public

[ 2018-04-18T19:20:56+08:00 ] ::1 /zws/Public/Admin/fonts/icomoon.ttf
ERR: 无法加载模块:Public

[ 2018-04-18T19:20:56+08:00 ] ::1 /zws/Public/Admin/fonts/entypo.ttf
ERR: 无法加载模块:Public

[ 2018-04-18T19:20:56+08:00 ] ::1 /zws/Public/Admin/fonts/fontawesome.ttf
ERR: 无法加载模块:Public

[ 2018-04-18T19:20:56+08:00 ] ::1 /zws/Public/Admin/fonts/ecoico.ttf
ERR: 无法加载模块:Public

[ 2018-04-18T19:20:57+08:00 ] ::1 /zws/Public/Admin/fonts/fontawesome.woff
ERR: 无法加载模块:Public

[ 2018-04-18T19:20:57+08:00 ] ::1 /zws/Public/Admin/fonts/entypo.woff
ERR: 无法加载模块:Public

[ 2018-04-18T19:20:57+08:00 ] ::1 /zws/Public/Admin/fonts/steadysets.woff
ERR: 无法加载模块:Public

[ 2018-04-18T19:20:57+08:00 ] ::1 /zws/Public/Admin/fonts/brocolidry.woff
ERR: 无法加载模块:Public

[ 2018-04-18T19:20:57+08:00 ] ::1 /zws/Public/Admin/fonts/icomoon.woff
ERR: 无法加载模块:Public

[ 2018-04-18T19:20:57+08:00 ] ::1 /zws/Public/Admin/fonts/ecoico.woff
ERR: 无法加载模块:Public

[ 2018-04-18T19:21:11+08:00 ] ::1 /zws/Public/Admin/fonts/icomoon.ttf
ERR: 无法加载模块:Public

[ 2018-04-18T19:21:11+08:00 ] ::1 /zws/Public/Admin/fonts/brocolidry.ttf
ERR: 无法加载模块:Public

[ 2018-04-18T19:21:11+08:00 ] ::1 /zws/Public/Admin/fonts/steadysets.ttf
ERR: 无法加载模块:Public

[ 2018-04-18T19:21:11+08:00 ] ::1 /zws/Public/Admin/fonts/entypo.ttf
ERR: 无法加载模块:Public

[ 2018-04-18T19:21:11+08:00 ] ::1 /zws/Public/Admin/fonts/ecoico.ttf
ERR: 无法加载模块:Public

[ 2018-04-18T19:21:11+08:00 ] ::1 /zws/Public/Admin/fonts/fontawesome.ttf
ERR: 无法加载模块:Public

[ 2018-04-18T19:21:12+08:00 ] ::1 /zws/Public/Admin/fonts/icomoon.woff
ERR: 无法加载模块:Public

[ 2018-04-18T19:21:12+08:00 ] ::1 /zws/Public/Admin/fonts/brocolidry.woff
ERR: 无法加载模块:Public

[ 2018-04-18T19:21:12+08:00 ] ::1 /zws/Public/Admin/fonts/ecoico.woff
ERR: 无法加载模块:Public

[ 2018-04-18T19:21:12+08:00 ] ::1 /zws/Public/Admin/fonts/steadysets.woff
ERR: 无法加载模块:Public

[ 2018-04-18T19:21:12+08:00 ] ::1 /zws/Public/Admin/fonts/fontawesome.woff
ERR: 无法加载模块:Public

[ 2018-04-18T19:21:12+08:00 ] ::1 /zws/Public/Admin/fonts/entypo.woff
ERR: 无法加载模块:Public

[ 2018-04-18T21:35:48+08:00 ] ::1 /zws/Public/Home/js/bootstrap.min.js
ERR: 无法加载模块:Public

[ 2018-04-18T21:35:49+08:00 ] ::1 /zws/Public/Home/images/loader.gif
ERR: 无法加载模块:Public

[ 2018-04-18T21:35:49+08:00 ] ::1 /zws/Public/Home/js/bootstrap.min.js
ERR: 无法加载模块:Public

[ 2018-04-18T22:47:19+08:00 ] ::1 /zws/Public/Home/js/bootstrap.min.js
ERR: 无法加载模块:Public

[ 2018-04-18T22:47:19+08:00 ] ::1 /zws/Public/Home/images/loader.gif
ERR: 无法加载模块:Public

[ 2018-04-18T22:47:19+08:00 ] ::1 /zws/Public/Home/js/bootstrap.min.js
ERR: 无法加载模块:Public

