[ 2018-04-20T09:06:34+08:00 ] ::1 /zws/Public/Home/js/bootstrap.min.js
ERR: 无法加载模块:Public

[ 2018-04-20T09:06:34+08:00 ] ::1 /zws/Public/Home/js/bootstrap.min.js
ERR: 无法加载模块:Public

[ 2018-04-20T09:06:34+08:00 ] ::1 /zws/Public/Home/images/loader.gif
ERR: 无法加载模块:Public

[ 2018-04-20T09:07:42+08:00 ] ::1 /zws/Public/Home/js/bootstrap.min.js
ERR: 无法加载模块:Public

[ 2018-04-20T09:07:42+08:00 ] ::1 /zws/Public/Home/js/bootstrap.min.js
ERR: 无法加载模块:Public

[ 2018-04-20T09:07:42+08:00 ] ::1 /zws/Public/Home/images/loader.gif
ERR: 无法加载模块:Public

[ 2018-04-20T09:08:01+08:00 ] ::1 /zws/Public/Home/js/bootstrap.min.js
ERR: 无法加载模块:Public

[ 2018-04-20T09:08:01+08:00 ] ::1 /zws/Public/Home/js/bootstrap.min.js
ERR: 无法加载模块:Public

[ 2018-04-20T09:08:01+08:00 ] ::1 /zws/Public/Home/images/loader.gif
ERR: 无法加载模块:Public

[ 2018-04-20T09:08:30+08:00 ] ::1 /zws/Public/Home/js/bootstrap.min.js
ERR: 无法加载模块:Public

[ 2018-04-20T09:08:31+08:00 ] ::1 /zws/Public/Home/js/bootstrap.min.js
ERR: 无法加载模块:Public

[ 2018-04-20T09:08:31+08:00 ] ::1 /zws/Public/Home/images/loader.gif
ERR: 无法加载模块:Public

[ 2018-04-20T09:08:42+08:00 ] ::1 /zws/Public/Home/js/bootstrap.min.js
ERR: 无法加载模块:Public

[ 2018-04-20T09:08:42+08:00 ] ::1 /zws/Public/Home/images/loader.gif
ERR: 无法加载模块:Public

[ 2018-04-20T09:10:18+08:00 ] ::1 /zws/Public/Home/js/bootstrap.min.js
ERR: 无法加载模块:Public

[ 2018-04-20T09:10:19+08:00 ] ::1 /zws/Public/Home/js/bootstrap.min.js
ERR: 无法加载模块:Public

[ 2018-04-20T09:10:19+08:00 ] ::1 /zws/Public/Home/images/loader.gif
ERR: 无法加载模块:Public

[ 2018-04-20T09:12:46+08:00 ] ::1 /zws/Public/Home/js/bootstrap.min.js
ERR: 无法加载模块:Public

[ 2018-04-20T09:12:47+08:00 ] ::1 /zws/Public/Home/js/bootstrap.min.js
ERR: 无法加载模块:Public

[ 2018-04-20T09:12:47+08:00 ] ::1 /zws/Public/Home/images/loader.gif
ERR: 无法加载模块:Public

[ 2018-04-20T09:13:00+08:00 ] ::1 /zws/Public/Home/js/bootstrap.min.js
ERR: 无法加载模块:Public

[ 2018-04-20T09:13:01+08:00 ] ::1 /zws/Public/Home/images/loader.gif
ERR: 无法加载模块:Public

[ 2018-04-20T09:13:01+08:00 ] ::1 /zws/Public/Home/js/bootstrap.min.js
ERR: 无法加载模块:Public

[ 2018-04-20T09:13:10+08:00 ] ::1 /zws/Public/Home/js/bootstrap.min.js
ERR: 无法加载模块:Public

[ 2018-04-20T09:13:10+08:00 ] ::1 /zws/Public/Home/images/loader.gif
ERR: 无法加载模块:Public

[ 2018-04-20T09:13:55+08:00 ] ::1 /zws/Public/Home/js/bootstrap.min.js
ERR: 无法加载模块:Public

[ 2018-04-20T09:13:55+08:00 ] ::1 /zws/Public/Home/js/bootstrap.min.js
ERR: 无法加载模块:Public

[ 2018-04-20T09:13:55+08:00 ] ::1 /zws/Public/Home/images/loader.gif
ERR: 无法加载模块:Public

[ 2018-04-20T09:14:47+08:00 ] ::1 /zws/Public/Home/js/bootstrap.min.js
ERR: 无法加载模块:Public

[ 2018-04-20T09:14:47+08:00 ] ::1 /zws/Public/Home/js/bootstrap.min.js
ERR: 无法加载模块:Public

[ 2018-04-20T09:14:47+08:00 ] ::1 /zws/Public/Home/images/loader.gif
ERR: 无法加载模块:Public

[ 2018-04-20T09:15:07+08:00 ] ::1 /zws/Public/Home/js/bootstrap.min.js
ERR: 无法加载模块:Public

[ 2018-04-20T09:15:07+08:00 ] ::1 /zws/Public/Home/js/bootstrap.min.js
ERR: 无法加载模块:Public

[ 2018-04-20T09:15:07+08:00 ] ::1 /zws/Public/Home/images/loader.gif
ERR: 无法加载模块:Public

[ 2018-04-20T09:15:48+08:00 ] ::1 /zws/Public/Home/js/bootstrap.min.js
ERR: 无法加载模块:Public

[ 2018-04-20T09:15:49+08:00 ] ::1 /zws/Public/Home/js/bootstrap.min.js
ERR: 无法加载模块:Public

[ 2018-04-20T09:15:49+08:00 ] ::1 /zws/Public/Home/images/loader.gif
ERR: 无法加载模块:Public

[ 2018-04-20T09:17:34+08:00 ] ::1 /zws/Public/Home/js/bootstrap.min.js
ERR: 无法加载模块:Public

[ 2018-04-20T09:17:35+08:00 ] ::1 /zws/Public/Home/images/loader.gif
ERR: 无法加载模块:Public

[ 2018-04-20T09:17:35+08:00 ] ::1 /zws/Public/Home/js/bootstrap.min.js
ERR: 无法加载模块:Public

[ 2018-04-20T09:17:43+08:00 ] ::1 /zws/Public/Home/js/bootstrap.min.js
ERR: 无法加载模块:Public

[ 2018-04-20T09:17:44+08:00 ] ::1 /zws/Public/Home/js/bootstrap.min.js
ERR: 无法加载模块:Public

[ 2018-04-20T09:17:44+08:00 ] ::1 /zws/Public/Home/images/loader.gif
ERR: 无法加载模块:Public

[ 2018-04-20T09:18:06+08:00 ] ::1 /zws/Public/Home/js/bootstrap.min.js
ERR: 无法加载模块:Public

[ 2018-04-20T09:18:06+08:00 ] ::1 /zws/Public/Home/images/loader.gif
ERR: 无法加载模块:Public

[ 2018-04-20T09:18:07+08:00 ] ::1 /zws/Public/Home/js/bootstrap.min.js
ERR: 无法加载模块:Public

[ 2018-04-20T09:18:19+08:00 ] ::1 /zws/Public/Home/js/bootstrap.min.js
ERR: 无法加载模块:Public

[ 2018-04-20T09:18:19+08:00 ] ::1 /zws/Public/Home/images/loader.gif
ERR: 无法加载模块:Public

[ 2018-04-20T09:18:19+08:00 ] ::1 /zws/Public/Home/js/bootstrap.min.js
ERR: 无法加载模块:Public

[ 2018-04-20T09:18:35+08:00 ] ::1 /zws/Public/Home/js/bootstrap.min.js
ERR: 无法加载模块:Public

[ 2018-04-20T09:18:35+08:00 ] ::1 /zws/Public/Home/js/bootstrap.min.js
ERR: 无法加载模块:Public

[ 2018-04-20T09:18:35+08:00 ] ::1 /zws/Public/Home/images/loader.gif
ERR: 无法加载模块:Public

[ 2018-04-20T09:18:51+08:00 ] ::1 /zws/Public/Home/js/bootstrap.min.js
ERR: 无法加载模块:Public

[ 2018-04-20T09:18:52+08:00 ] ::1 /zws/Public/Home/images/loader.gif
ERR: 无法加载模块:Public

[ 2018-04-20T09:19:02+08:00 ] ::1 /zws/Public/Home/js/bootstrap.min.js
ERR: 无法加载模块:Public

[ 2018-04-20T09:19:02+08:00 ] ::1 /zws/Public/Home/js/bootstrap.min.js
ERR: 无法加载模块:Public

[ 2018-04-20T09:19:02+08:00 ] ::1 /zws/Public/Home/images/loader.gif
ERR: 无法加载模块:Public

[ 2018-04-20T09:19:18+08:00 ] ::1 /zws/Public/Home/js/bootstrap.min.js
ERR: 无法加载模块:Public

[ 2018-04-20T09:19:19+08:00 ] ::1 /zws/Public/Home/js/bootstrap.min.js
ERR: 无法加载模块:Public

[ 2018-04-20T09:19:19+08:00 ] ::1 /zws/Public/Home/images/loader.gif
ERR: 无法加载模块:Public

[ 2018-04-20T09:19:26+08:00 ] ::1 /zws/Public/Home/js/bootstrap.min.js
ERR: 无法加载模块:Public

[ 2018-04-20T09:19:26+08:00 ] ::1 /zws/Public/Home/images/loader.gif
ERR: 无法加载模块:Public

[ 2018-04-20T09:19:26+08:00 ] ::1 /zws/Public/Home/js/bootstrap.min.js
ERR: 无法加载模块:Public

[ 2018-04-20T09:19:32+08:00 ] ::1 /zws/Public/Home/js/bootstrap.min.js
ERR: 无法加载模块:Public

[ 2018-04-20T09:19:32+08:00 ] ::1 /zws/Public/Home/js/bootstrap.min.js
ERR: 无法加载模块:Public

[ 2018-04-20T09:19:32+08:00 ] ::1 /zws/Public/Home/images/loader.gif
ERR: 无法加载模块:Public

[ 2018-04-20T09:19:45+08:00 ] ::1 /zws/Public/Home/js/bootstrap.min.js
ERR: 无法加载模块:Public

[ 2018-04-20T09:19:46+08:00 ] ::1 /zws/Public/Home/images/loader.gif
ERR: 无法加载模块:Public

[ 2018-04-20T09:19:46+08:00 ] ::1 /zws/Public/Home/js/bootstrap.min.js
ERR: 无法加载模块:Public

[ 2018-04-20T09:19:55+08:00 ] ::1 /zws/Public/Home/js/bootstrap.min.js
ERR: 无法加载模块:Public

[ 2018-04-20T09:19:55+08:00 ] ::1 /zws/Public/Home/js/bootstrap.min.js
ERR: 无法加载模块:Public

[ 2018-04-20T09:19:55+08:00 ] ::1 /zws/Public/Home/images/loader.gif
ERR: 无法加载模块:Public

[ 2018-04-20T09:20:00+08:00 ] ::1 /zws/Public/Home/js/bootstrap.min.js
ERR: 无法加载模块:Public

[ 2018-04-20T09:20:01+08:00 ] ::1 /zws/Public/Home/js/bootstrap.min.js
ERR: 无法加载模块:Public

[ 2018-04-20T09:20:01+08:00 ] ::1 /zws/Public/Home/images/loader.gif
ERR: 无法加载模块:Public

[ 2018-04-20T09:20:09+08:00 ] ::1 /zws/Public/Home/js/bootstrap.min.js
ERR: 无法加载模块:Public

[ 2018-04-20T09:20:09+08:00 ] ::1 /zws/Public/Home/js/bootstrap.min.js
ERR: 无法加载模块:Public

[ 2018-04-20T09:20:09+08:00 ] ::1 /zws/Public/Home/images/loader.gif
ERR: 无法加载模块:Public

[ 2018-04-20T09:22:36+08:00 ] ::1 /zws/Public/Home/js/bootstrap.min.js
ERR: 无法加载模块:Public

[ 2018-04-20T09:22:37+08:00 ] ::1 /zws/Public/Home/js/bootstrap.min.js
ERR: 无法加载模块:Public

[ 2018-04-20T09:22:37+08:00 ] ::1 /zws/Public/Home/images/loader.gif
ERR: 无法加载模块:Public

[ 2018-04-20T09:22:45+08:00 ] ::1 /zws/Public/Home/js/bootstrap.min.js
ERR: 无法加载模块:Public

[ 2018-04-20T09:22:46+08:00 ] ::1 /zws/Public/Home/js/bootstrap.min.js
ERR: 无法加载模块:Public

[ 2018-04-20T09:22:46+08:00 ] ::1 /zws/Public/Home/images/loader.gif
ERR: 无法加载模块:Public

[ 2018-04-20T09:23:13+08:00 ] ::1 /zws/Public/Home/js/bootstrap.min.js
ERR: 无法加载模块:Public

[ 2018-04-20T09:23:14+08:00 ] ::1 /zws/Public/Home/js/bootstrap.min.js
ERR: 无法加载模块:Public

[ 2018-04-20T09:23:14+08:00 ] ::1 /zws/Public/Home/images/loader.gif
ERR: 无法加载模块:Public

[ 2018-04-20T09:25:23+08:00 ] ::1 /zws/Public/Home/js/bootstrap.min.js
ERR: 无法加载模块:Public

[ 2018-04-20T09:25:24+08:00 ] ::1 /zws/Public/Home/images/loader.gif
ERR: 无法加载模块:Public

[ 2018-04-20T09:26:31+08:00 ] ::1 /zws/Public/Home/js/bootstrap.min.js
ERR: 无法加载模块:Public

[ 2018-04-20T09:26:31+08:00 ] ::1 /zws/Public/Home/images/loader.gif
ERR: 无法加载模块:Public

[ 2018-04-20T09:26:46+08:00 ] ::1 /zws/Public/Home/js/bootstrap.min.js
ERR: 无法加载模块:Public

[ 2018-04-20T09:26:47+08:00 ] ::1 /zws/Public/Home/images/loader.gif
ERR: 无法加载模块:Public

[ 2018-04-20T09:26:47+08:00 ] ::1 /zws/Public/Home/js/bootstrap.min.js
ERR: 无法加载模块:Public

[ 2018-04-20T09:26:58+08:00 ] ::1 /zws/Public/Home/js/bootstrap.min.js
ERR: 无法加载模块:Public

[ 2018-04-20T09:26:59+08:00 ] ::1 /zws/Public/Home/js/bootstrap.min.js
ERR: 无法加载模块:Public

[ 2018-04-20T09:26:59+08:00 ] ::1 /zws/Public/Home/images/loader.gif
ERR: 无法加载模块:Public

[ 2018-04-20T09:27:06+08:00 ] ::1 /zws/Public/Home/js/bootstrap.min.js
ERR: 无法加载模块:Public

[ 2018-04-20T09:27:07+08:00 ] ::1 /zws/Public/Home/images/loader.gif
ERR: 无法加载模块:Public

[ 2018-04-20T09:27:07+08:00 ] ::1 /zws/Public/Home/js/bootstrap.min.js
ERR: 无法加载模块:Public

[ 2018-04-20T09:27:16+08:00 ] ::1 /zws/Public/Home/js/bootstrap.min.js
ERR: 无法加载模块:Public

[ 2018-04-20T09:27:17+08:00 ] ::1 /zws/Public/Home/images/loader.gif
ERR: 无法加载模块:Public

[ 2018-04-20T09:27:28+08:00 ] ::1 /zws/Public/Home/js/bootstrap.min.js
ERR: 无法加载模块:Public

[ 2018-04-20T09:27:29+08:00 ] ::1 /zws/Public/Home/images/loader.gif
ERR: 无法加载模块:Public

[ 2018-04-20T09:27:29+08:00 ] ::1 /zws/Public/Home/js/bootstrap.min.js
ERR: 无法加载模块:Public

[ 2018-04-20T09:27:46+08:00 ] ::1 /zws/Public/Home/js/bootstrap.min.js
ERR: 无法加载模块:Public

[ 2018-04-20T09:27:46+08:00 ] ::1 /zws/Public/Home/js/bootstrap.min.js
ERR: 无法加载模块:Public

[ 2018-04-20T09:27:46+08:00 ] ::1 /zws/Public/Home/images/loader.gif
ERR: 无法加载模块:Public

[ 2018-04-20T09:27:53+08:00 ] ::1 /zws/Public/Home/js/bootstrap.min.js
ERR: 无法加载模块:Public

[ 2018-04-20T09:27:54+08:00 ] ::1 /zws/Public/Home/js/bootstrap.min.js
ERR: 无法加载模块:Public

[ 2018-04-20T09:27:54+08:00 ] ::1 /zws/Public/Home/images/loader.gif
ERR: 无法加载模块:Public

[ 2018-04-20T09:28:08+08:00 ] ::1 /zws/Public/Home/js/bootstrap.min.js
ERR: 无法加载模块:Public

[ 2018-04-20T09:28:08+08:00 ] ::1 /zws/Public/Home/images/loader.gif
ERR: 无法加载模块:Public

[ 2018-04-20T09:28:08+08:00 ] ::1 /zws/Public/Home/js/bootstrap.min.js
ERR: 无法加载模块:Public

[ 2018-04-20T09:28:55+08:00 ] ::1 /zws/Public/Home/js/bootstrap.min.js
ERR: 无法加载模块:Public

[ 2018-04-20T09:28:56+08:00 ] ::1 /zws/Public/Home/js/bootstrap.min.js
ERR: 无法加载模块:Public

[ 2018-04-20T09:28:56+08:00 ] ::1 /zws/Public/Home/images/loader.gif
ERR: 无法加载模块:Public

[ 2018-04-20T09:29:16+08:00 ] ::1 /zws/Public/Home/js/bootstrap.min.js
ERR: 无法加载模块:Public

[ 2018-04-20T09:29:16+08:00 ] ::1 /zws/Public/Home/images/loader.gif
ERR: 无法加载模块:Public

[ 2018-04-20T09:30:41+08:00 ] ::1 /zws/Public/Home/js/bootstrap.min.js
ERR: 无法加载模块:Public

[ 2018-04-20T09:30:42+08:00 ] ::1 /zws/Public/Home/images/loader.gif
ERR: 无法加载模块:Public

[ 2018-04-20T09:31:09+08:00 ] ::1 /zws/Public/Home/js/bootstrap.min.js
ERR: 无法加载模块:Public

[ 2018-04-20T09:31:10+08:00 ] ::1 /zws/Public/Home/js/bootstrap.min.js
ERR: 无法加载模块:Public

[ 2018-04-20T09:31:10+08:00 ] ::1 /zws/Public/Home/images/loader.gif
ERR: 无法加载模块:Public

[ 2018-04-20T09:31:45+08:00 ] ::1 /zws/Public/Home/js/bootstrap.min.js
ERR: 无法加载模块:Public

[ 2018-04-20T09:31:45+08:00 ] ::1 /zws/Public/Home/js/bootstrap.min.js
ERR: 无法加载模块:Public

[ 2018-04-20T09:31:46+08:00 ] ::1 /zws/Public/Home/images/loader.gif
ERR: 无法加载模块:Public

[ 2018-04-20T09:32:19+08:00 ] ::1 /zws/Public/Home/js/bootstrap.min.js
ERR: 无法加载模块:Public

[ 2018-04-20T09:32:19+08:00 ] ::1 /zws/Public/Home/js/bootstrap.min.js
ERR: 无法加载模块:Public

[ 2018-04-20T09:32:19+08:00 ] ::1 /zws/Public/Home/images/loader.gif
ERR: 无法加载模块:Public

[ 2018-04-20T09:32:44+08:00 ] ::1 /zws/Public/Home/js/bootstrap.min.js
ERR: 无法加载模块:Public

[ 2018-04-20T09:32:45+08:00 ] ::1 /zws/Public/Home/images/loader.gif
ERR: 无法加载模块:Public

[ 2018-04-20T09:32:45+08:00 ] ::1 /zws/Public/Home/js/bootstrap.min.js
ERR: 无法加载模块:Public

[ 2018-04-20T09:33:16+08:00 ] ::1 /zws/Public/Home/js/bootstrap.min.js
ERR: 无法加载模块:Public

[ 2018-04-20T09:33:17+08:00 ] ::1 /zws/Public/Home/images/loader.gif
ERR: 无法加载模块:Public

[ 2018-04-20T09:33:17+08:00 ] ::1 /zws/Public/Home/js/bootstrap.min.js
ERR: 无法加载模块:Public

[ 2018-04-20T09:33:24+08:00 ] ::1 /zws/Public/Home/js/bootstrap.min.js
ERR: 无法加载模块:Public

[ 2018-04-20T09:33:25+08:00 ] ::1 /zws/Public/Home/js/bootstrap.min.js
ERR: 无法加载模块:Public

[ 2018-04-20T09:33:25+08:00 ] ::1 /zws/Public/Home/images/loader.gif
ERR: 无法加载模块:Public

[ 2018-04-20T09:33:39+08:00 ] ::1 /zws/Public/Home/js/bootstrap.min.js
ERR: 无法加载模块:Public

[ 2018-04-20T09:33:39+08:00 ] ::1 /zws/Public/Home/js/bootstrap.min.js
ERR: 无法加载模块:Public

[ 2018-04-20T09:33:39+08:00 ] ::1 /zws/Public/Home/images/loader.gif
ERR: 无法加载模块:Public

[ 2018-04-20T09:33:46+08:00 ] ::1 /zws/Public/Home/js/bootstrap.min.js
ERR: 无法加载模块:Public

[ 2018-04-20T09:33:47+08:00 ] ::1 /zws/Public/Home/js/bootstrap.min.js
ERR: 无法加载模块:Public

[ 2018-04-20T09:33:47+08:00 ] ::1 /zws/Public/Home/images/loader.gif
ERR: 无法加载模块:Public

[ 2018-04-20T09:34:01+08:00 ] ::1 /zws/Public/Home/js/bootstrap.min.js
ERR: 无法加载模块:Public

[ 2018-04-20T09:34:02+08:00 ] ::1 /zws/Public/Home/images/loader.gif
ERR: 无法加载模块:Public

[ 2018-04-20T09:34:02+08:00 ] ::1 /zws/Public/Home/js/bootstrap.min.js
ERR: 无法加载模块:Public

[ 2018-04-20T09:34:15+08:00 ] ::1 /zws/Public/Home/js/bootstrap.min.js
ERR: 无法加载模块:Public

[ 2018-04-20T09:34:16+08:00 ] ::1 /zws/Public/Home/images/loader.gif
ERR: 无法加载模块:Public

[ 2018-04-20T09:34:16+08:00 ] ::1 /zws/Public/Home/js/bootstrap.min.js
ERR: 无法加载模块:Public

[ 2018-04-20T09:34:37+08:00 ] ::1 /zws/Public/Home/js/bootstrap.min.js
ERR: 无法加载模块:Public

[ 2018-04-20T09:34:37+08:00 ] ::1 /zws/Public/Home/js/bootstrap.min.js
ERR: 无法加载模块:Public

[ 2018-04-20T09:34:37+08:00 ] ::1 /zws/Public/Home/images/loader.gif
ERR: 无法加载模块:Public

[ 2018-04-20T09:34:53+08:00 ] ::1 /zws/Public/Home/js/bootstrap.min.js
ERR: 无法加载模块:Public

[ 2018-04-20T09:34:54+08:00 ] ::1 /zws/Public/Home/images/loader.gif
ERR: 无法加载模块:Public

[ 2018-04-20T09:34:54+08:00 ] ::1 /zws/Public/Home/js/bootstrap.min.js
ERR: 无法加载模块:Public

[ 2018-04-20T09:35:07+08:00 ] ::1 /zws/Public/Home/js/bootstrap.min.js
ERR: 无法加载模块:Public

[ 2018-04-20T09:35:07+08:00 ] ::1 /zws/Public/Home/images/loader.gif
ERR: 无法加载模块:Public

[ 2018-04-20T09:35:07+08:00 ] ::1 /zws/Public/Home/js/bootstrap.min.js
ERR: 无法加载模块:Public

[ 2018-04-20T09:36:58+08:00 ] ::1 /zws/Public/Home/js/bootstrap.min.js
ERR: 无法加载模块:Public

[ 2018-04-20T09:36:59+08:00 ] ::1 /zws/Public/Home/js/bootstrap.min.js
ERR: 无法加载模块:Public

[ 2018-04-20T09:36:59+08:00 ] ::1 /zws/Public/Home/images/loader.gif
ERR: 无法加载模块:Public

[ 2018-04-20T09:43:55+08:00 ] ::1 /zws/Public/Home/js/bootstrap.min.js
ERR: 无法加载模块:Public

[ 2018-04-20T09:43:55+08:00 ] ::1 /zws/Public/Home/images/loader.gif
ERR: 无法加载模块:Public

[ 2018-04-20T09:43:59+08:00 ] ::1 /zws/Public/Home/js/bootstrap.min.js
ERR: 无法加载模块:Public

[ 2018-04-20T09:44:01+08:00 ] ::1 /zws/Public/Home/images/loader.gif
ERR: 无法加载模块:Public

[ 2018-04-20T09:44:01+08:00 ] ::1 /zws/Public/Home/js/bootstrap.min.js
ERR: 无法加载模块:Public

[ 2018-04-20T09:44:27+08:00 ] ::1 /zws/Public/Home/js/bootstrap.min.js
ERR: 无法加载模块:Public

[ 2018-04-20T09:44:28+08:00 ] ::1 /zws/Public/Home/images/loader.gif
ERR: 无法加载模块:Public

[ 2018-04-20T09:44:28+08:00 ] ::1 /zws/Public/Home/js/bootstrap.min.js
ERR: 无法加载模块:Public

[ 2018-04-20T09:44:29+08:00 ] ::1 /zws/Public/Home/js/bootstrap.min.js
ERR: 无法加载模块:Public

[ 2018-04-20T09:44:29+08:00 ] ::1 /zws/Public/Home/images/loader.gif
ERR: 无法加载模块:Public

[ 2018-04-20T09:44:33+08:00 ] ::1 /zws/Public/Home/js/bootstrap.min.js
ERR: 无法加载模块:Public

[ 2018-04-20T09:44:33+08:00 ] ::1 /zws/Public/Home/js/bootstrap.min.js
ERR: 无法加载模块:Public

[ 2018-04-20T09:44:33+08:00 ] ::1 /zws/Public/Home/images/loader.gif
ERR: 无法加载模块:Public

[ 2018-04-20T10:02:00+08:00 ] ::1 /zws/Public/Home/js/bootstrap.min.js
ERR: 无法加载模块:Public

[ 2018-04-20T10:02:03+08:00 ] ::1 /zws/Public/Home/images/loader.gif
ERR: 无法加载模块:Public

[ 2018-04-20T10:02:03+08:00 ] ::1 /zws/Public/Home/js/bootstrap.min.js
ERR: 无法加载模块:Public

[ 2018-04-20T10:02:05+08:00 ] ::1 /zws/Public/Home/js/bootstrap.min.js
ERR: 无法加载模块:Public

[ 2018-04-20T10:02:06+08:00 ] ::1 /zws/Public/Home/images/loader.gif
ERR: 无法加载模块:Public

[ 2018-04-20T10:02:06+08:00 ] ::1 /zws/Public/Home/js/bootstrap.min.js
ERR: 无法加载模块:Public

[ 2018-04-20T10:03:29+08:00 ] ::1 /zws/Public/Home/images/loader.gif
ERR: 无法加载模块:Public

[ 2018-04-20T10:03:34+08:00 ] ::1 /zws/Public/Home/js/bootstrap.min.js
ERR: 无法加载模块:Public

[ 2018-04-20T10:03:34+08:00 ] ::1 /zws/Public/Home/js/bootstrap.min.js
ERR: 无法加载模块:Public

[ 2018-04-20T10:03:34+08:00 ] ::1 /zws/Public/Home/images/loader.gif
ERR: 无法加载模块:Public

[ 2018-04-20T10:10:30+08:00 ] ::1 /zws/Public/Home/images/loader.gif
ERR: 无法加载模块:Public

[ 2018-04-20T10:10:32+08:00 ] ::1 /zws/Public/Home/js/bootstrap.min.js
ERR: 无法加载模块:Public

[ 2018-04-20T10:10:33+08:00 ] ::1 /zws/Public/Home/js/bootstrap.min.js
ERR: 无法加载模块:Public

[ 2018-04-20T10:10:33+08:00 ] ::1 /zws/Public/Home/images/loader.gif
ERR: 无法加载模块:Public

[ 2018-04-20T10:14:07+08:00 ] ::1 /zws/Public/Home/js/bootstrap.min.js
ERR: 无法加载模块:Public

[ 2018-04-20T10:14:08+08:00 ] ::1 /zws/Public/Home/images/loader.gif
ERR: 无法加载模块:Public

[ 2018-04-20T10:14:08+08:00 ] ::1 /zws/Public/Home/js/bootstrap.min.js
ERR: 无法加载模块:Public

[ 2018-04-20T10:20:19+08:00 ] ::1 /zws/Public/Home/js/bootstrap.min.js
ERR: 无法加载模块:Public

[ 2018-04-20T10:20:20+08:00 ] ::1 /zws/Public/Home/js/bootstrap.min.js
ERR: 无法加载模块:Public

[ 2018-04-20T10:20:20+08:00 ] ::1 /zws/Public/Home/images/loader.gif
ERR: 无法加载模块:Public

[ 2018-04-20T10:21:11+08:00 ] ::1 /zws/Public/Home/js/bootstrap.min.js
ERR: 无法加载模块:Public

[ 2018-04-20T10:21:11+08:00 ] ::1 /zws/Public/Home/images/loader.gif
ERR: 无法加载模块:Public

[ 2018-04-20T10:22:32+08:00 ] ::1 /zws/Public/Home/js/bootstrap.min.js
ERR: 无法加载模块:Public

[ 2018-04-20T10:22:33+08:00 ] ::1 /zws/Public/Home/js/bootstrap.min.js
ERR: 无法加载模块:Public

[ 2018-04-20T10:22:33+08:00 ] ::1 /zws/Public/Home/images/loader.gif
ERR: 无法加载模块:Public

[ 2018-04-20T10:22:33+08:00 ] ::1 /zws/Public/Home/js/bootstrap.min.js
ERR: 无法加载模块:Public

[ 2018-04-20T10:22:34+08:00 ] ::1 /zws/Public/Home/js/bootstrap.min.js
ERR: 无法加载模块:Public

[ 2018-04-20T10:22:34+08:00 ] ::1 /zws/Public/Home/images/loader.gif
ERR: 无法加载模块:Public

[ 2018-04-20T10:27:51+08:00 ] ::1 /zws/Public/Home/images/loader.gif
ERR: 无法加载模块:Public

[ 2018-04-20T18:25:35+08:00 ] ::1 /zws/Public/Home/js/bootstrap.min.js
ERR: 无法加载模块:Public

[ 2018-04-20T18:25:36+08:00 ] ::1 /zws/Public/Home/js/bootstrap.min.js
ERR: 无法加载模块:Public

[ 2018-04-20T18:25:36+08:00 ] ::1 /zws/Public/Home/images/loader.gif
ERR: 无法加载模块:Public

[ 2018-04-20T19:15:21+08:00 ] ::1 /zws/Public/Home/images/loader.gif
ERR: 无法加载模块:Public

[ 2018-04-20T19:16:08+08:00 ] ::1 /zws/Uploads/2018-04-19/l7.jpg
ERR: 无法加载模块:Uploads

[ 2018-04-20T19:16:08+08:00 ] ::1 /zws/Uploads/2018-04-19/l8.jpg
ERR: 无法加载模块:Uploads

[ 2018-04-20T19:17:33+08:00 ] ::1 /zws/contact.html
ERR: 无法加载模块:Contact

[ 2018-04-20T19:17:45+08:00 ] ::1 /zws/Public/Home/images/loader.gif
ERR: 无法加载模块:Public

[ 2018-04-20T19:19:51+08:00 ] ::1 /zws/Public/Home/images/loader.gif
ERR: 无法加载模块:Public

[ 2018-04-20T19:19:59+08:00 ] ::1 /zws/Public/Home/images/loader.gif
ERR: 无法加载模块:Public

[ 2018-04-20T19:20:21+08:00 ] ::1 /zws/Public/Home/images/loader.gif
ERR: 无法加载模块:Public

[ 2018-04-20T19:21:11+08:00 ] ::1 /zws/Public/Home/images/loader.gif
ERR: 无法加载模块:Public

[ 2018-04-20T19:22:11+08:00 ] ::1 /zws/Public/Home/js/bootstrap.min.js
ERR: 无法加载模块:Public

[ 2018-04-20T19:22:12+08:00 ] ::1 /zws/Public/Home/js/bootstrap.min.js
ERR: 无法加载模块:Public

[ 2018-04-20T19:22:12+08:00 ] ::1 /zws/Public/Home/images/loader.gif
ERR: 无法加载模块:Public

[ 2018-04-20T19:27:40+08:00 ] ::1 /zws/contact.html
ERR: 无法加载模块:Contact

[ 2018-04-20T19:27:43+08:00 ] ::1 /zws/Public/Home/images/loader.gif
ERR: 无法加载模块:Public

[ 2018-04-20T19:42:23+08:00 ] ::1 /zws/Public/Home/js/bootstrap.min.js
ERR: 无法加载模块:Public

[ 2018-04-20T19:42:23+08:00 ] ::1 /zws/Public/Home/js/bootstrap.min.js
ERR: 无法加载模块:Public

[ 2018-04-20T19:42:23+08:00 ] ::1 /zws/Public/Home/images/loader.gif
ERR: 无法加载模块:Public

[ 2018-04-20T19:42:25+08:00 ] ::1 /zws/contact.html
ERR: 无法加载模块:Contact

[ 2018-04-20T19:42:48+08:00 ] ::1 /zws/Public/Home/js/bootstrap.min.js
ERR: 无法加载模块:Public

[ 2018-04-20T19:42:48+08:00 ] ::1 /zws/Public/Home/js/bootstrap.min.js
ERR: 无法加载模块:Public

[ 2018-04-20T19:42:48+08:00 ] ::1 /zws/Public/Home/images/loader.gif
ERR: 无法加载模块:Public

[ 2018-04-20T19:44:07+08:00 ] ::1 /zws/Public/Home/images/loader.gif
ERR: 无法加载模块:Public

[ 2018-04-20T19:44:13+08:00 ] ::1 /zws/Public/Home/images/loader.gif
ERR: 无法加载模块:Public

[ 2018-04-20T19:49:17+08:00 ] ::1 /zws/Public/Home/img/jian.jpg
ERR: 无法加载模块:Public

[ 2018-04-20T19:49:17+08:00 ] ::1 /zws/Public/Home/img/jia.jpg
ERR: 无法加载模块:Public

[ 2018-04-20T19:49:39+08:00 ] ::1 /zws/Public/Home/img/jian.jpg
ERR: 无法加载模块:Public

[ 2018-04-20T19:49:39+08:00 ] ::1 /zws/Public/Home/img/jia.jpg
ERR: 无法加载模块:Public

[ 2018-04-20T19:49:55+08:00 ] ::1 /zws/Public/Home/img/jian.jpg
ERR: 无法加载模块:Public

[ 2018-04-20T19:49:55+08:00 ] ::1 /zws/Public/Home/img/jia.jpg
ERR: 无法加载模块:Public

[ 2018-04-20T19:50:04+08:00 ] ::1 /zws/Public/Home/img/jian.jpg
ERR: 无法加载模块:Public

[ 2018-04-20T19:50:04+08:00 ] ::1 /zws/Public/Home/img/jia.jpg
ERR: 无法加载模块:Public

[ 2018-04-20T20:10:53+08:00 ] ::1 /zws/Public/Home/js/bootstrap.min.js
ERR: 无法加载模块:Public

[ 2018-04-20T20:10:53+08:00 ] ::1 /zws/Public/Home/js/bootstrap.min.js
ERR: 无法加载模块:Public

[ 2018-04-20T20:10:53+08:00 ] ::1 /zws/Public/Home/images/loader.gif
ERR: 无法加载模块:Public

[ 2018-04-20T20:17:20+08:00 ] ::1 /zws/Public/Home/js/bootstrap.min.js
ERR: 无法加载模块:Public

[ 2018-04-20T20:17:20+08:00 ] ::1 /zws/Public/Home/images/loader.gif
ERR: 无法加载模块:Public

[ 2018-04-20T20:17:20+08:00 ] ::1 /zws/Public/Home/js/bootstrap.min.js
ERR: 无法加载模块:Public

[ 2018-04-20T20:37:21+08:00 ] ::1 /zws/Public/Home/js/bootstrap.min.js
ERR: 无法加载模块:Public

[ 2018-04-20T20:37:21+08:00 ] ::1 /zws/Public/Home/images/loader.gif
ERR: 无法加载模块:Public

[ 2018-04-20T20:37:21+08:00 ] ::1 /zws/Public/Home/js/bootstrap.min.js
ERR: 无法加载模块:Public

[ 2018-04-20T20:43:30+08:00 ] ::1 /zws/Public/Home/images/loader.gif
ERR: 无法加载模块:Public

[ 2018-04-20T21:13:23+08:00 ] ::1 /zws/Public/Home/img/jt.jpg
ERR: 无法加载模块:Public

[ 2018-04-20T21:52:47+08:00 ] ::1 /zws/Public/Home/js/bootstrap.min.js
ERR: 无法加载模块:Public

[ 2018-04-20T21:52:47+08:00 ] ::1 /zws/Public/Home/js/bootstrap.min.js
ERR: 无法加载模块:Public

[ 2018-04-20T21:52:47+08:00 ] ::1 /zws/Public/Home/images/loader.gif
ERR: 无法加载模块:Public

[ 2018-04-20T22:24:49+08:00 ] ::1 /zws/Public/Home/js/bootstrap.min.js
ERR: 无法加载模块:Public

[ 2018-04-20T22:24:50+08:00 ] ::1 /zws/Public/Home/images/loader.gif
ERR: 无法加载模块:Public

[ 2018-04-20T23:09:52+08:00 ] ::1 /zws/Public/Home/js/bootstrap.min.js
ERR: 无法加载模块:Public

[ 2018-04-20T23:20:16+08:00 ] ::1 /zws/Public/Home/js/bootstrap.min.js
ERR: 无法加载模块:Public

[ 2018-04-20T23:20:17+08:00 ] ::1 /zws/Public/Home/images/loader.gif
ERR: 无法加载模块:Public

[ 2018-04-20T23:20:17+08:00 ] ::1 /zws/Public/Home/js/bootstrap.min.js
ERR: 无法加载模块:Public

[ 2018-04-20T23:20:31+08:00 ] ::1 /zws/Public/Home/js/bootstrap.min.js
ERR: 无法加载模块:Public

[ 2018-04-20T23:20:32+08:00 ] ::1 /zws/Public/Home/js/bootstrap.min.js
ERR: 无法加载模块:Public

[ 2018-04-20T23:20:32+08:00 ] ::1 /zws/Public/Home/images/loader.gif
ERR: 无法加载模块:Public

[ 2018-04-20T23:21:01+08:00 ] ::1 /zws/Public/Home/js/bootstrap.min.js
ERR: 无法加载模块:Public

[ 2018-04-20T23:21:02+08:00 ] ::1 /zws/Public/Home/images/loader.gif
ERR: 无法加载模块:Public

[ 2018-04-20T23:21:02+08:00 ] ::1 /zws/Public/Home/js/bootstrap.min.js
ERR: 无法加载模块:Public

[ 2018-04-20T23:21:59+08:00 ] ::1 /zws/Public/Home/js/bootstrap.min.js
ERR: 无法加载模块:Public

[ 2018-04-20T23:21:59+08:00 ] ::1 /zws/Public/Home/images/loader.gif
ERR: 无法加载模块:Public

[ 2018-04-20T23:21:59+08:00 ] ::1 /zws/Public/Home/js/bootstrap.min.js
ERR: 无法加载模块:Public

[ 2018-04-20T23:22:16+08:00 ] ::1 /zws/Public/Home/js/bootstrap.min.js
ERR: 无法加载模块:Public

[ 2018-04-20T23:22:17+08:00 ] ::1 /zws/Public/Home/js/bootstrap.min.js
ERR: 无法加载模块:Public

[ 2018-04-20T23:22:17+08:00 ] ::1 /zws/Public/Home/images/loader.gif
ERR: 无法加载模块:Public

[ 2018-04-20T23:24:22+08:00 ] ::1 /zws/Public/Home/js/bootstrap.min.js
ERR: 无法加载模块:Public

[ 2018-04-20T23:24:23+08:00 ] ::1 /zws/Public/Home/js/bootstrap.min.js
ERR: 无法加载模块:Public

[ 2018-04-20T23:24:23+08:00 ] ::1 /zws/Public/Home/images/loader.gif
ERR: 无法加载模块:Public

[ 2018-04-20T23:25:02+08:00 ] ::1 /zws/Public/Home/js/bootstrap.min.js
ERR: 无法加载模块:Public

[ 2018-04-20T23:25:02+08:00 ] ::1 /zws/Public/Home/images/loader.gif
ERR: 无法加载模块:Public

[ 2018-04-20T23:25:02+08:00 ] ::1 /zws/Public/Home/js/bootstrap.min.js
ERR: 无法加载模块:Public

[ 2018-04-20T23:25:17+08:00 ] ::1 /zws/Public/Home/js/bootstrap.min.js
ERR: 无法加载模块:Public

[ 2018-04-20T23:25:17+08:00 ] ::1 /zws/Public/Home/js/bootstrap.min.js
ERR: 无法加载模块:Public

[ 2018-04-20T23:25:17+08:00 ] ::1 /zws/Public/Home/images/loader.gif
ERR: 无法加载模块:Public

[ 2018-04-20T23:27:56+08:00 ] ::1 /zws/Public/Home/js/bootstrap.min.js
ERR: 无法加载模块:Public

[ 2018-04-20T23:27:56+08:00 ] ::1 /zws/Public/Home/js/bootstrap.min.js
ERR: 无法加载模块:Public

[ 2018-04-20T23:27:56+08:00 ] ::1 /zws/Public/Home/images/loader.gif
ERR: 无法加载模块:Public

[ 2018-04-20T23:28:48+08:00 ] ::1 /zws/Public/Home/js/bootstrap.min.js
ERR: 无法加载模块:Public

[ 2018-04-20T23:28:49+08:00 ] ::1 /zws/Public/Home/js/bootstrap.min.js
ERR: 无法加载模块:Public

[ 2018-04-20T23:28:49+08:00 ] ::1 /zws/Public/Home/images/loader.gif
ERR: 无法加载模块:Public

[ 2018-04-20T23:44:32+08:00 ] ::1 /zws/Public/Home/js/bootstrap.min.js
ERR: 无法加载模块:Public

[ 2018-04-20T23:44:33+08:00 ] ::1 /zws/Public/Home/js/bootstrap.min.js
ERR: 无法加载模块:Public

[ 2018-04-20T23:44:33+08:00 ] ::1 /zws/Public/Home/images/loader.gif
ERR: 无法加载模块:Public

