[ 2018-04-17T09:24:36+08:00 ] ::1 /zws/Public/Home/js/bootstrap.min.js
INFO: [ app_init ] --START--
INFO: Run Behavior\BuildLiteBehavior [ RunTime:0.000054s ]
INFO: [ app_init ] --END-- [ RunTime:0.001657s ]
ERR: 无法加载模块:Public

[ 2018-04-17T09:24:36+08:00 ] ::1 /zws/Public/Home/images/loader.gif
INFO: [ app_init ] --START--
INFO: Run Behavior\BuildLiteBehavior [ RunTime:0.000079s ]
INFO: [ app_init ] --END-- [ RunTime:0.001354s ]
ERR: 无法加载模块:Public

[ 2018-04-17T09:24:49+08:00 ] ::1 /zws/Public/Home/js/bootstrap.min.js
INFO: [ app_init ] --START--
INFO: Run Behavior\BuildLiteBehavior [ RunTime:0.000075s ]
INFO: [ app_init ] --END-- [ RunTime:0.001815s ]
ERR: 无法加载模块:Public

[ 2018-04-17T09:24:49+08:00 ] ::1 /zws/Public/Home/js/bootstrap.min.js
INFO: [ app_init ] --START--
INFO: Run Behavior\BuildLiteBehavior [ RunTime:0.000068s ]
INFO: [ app_init ] --END-- [ RunTime:0.002720s ]
ERR: 无法加载模块:Public

[ 2018-04-17T09:24:49+08:00 ] ::1 /zws/Public/Home/images/loader.gif
INFO: [ app_init ] --START--
INFO: Run Behavior\BuildLiteBehavior [ RunTime:0.000064s ]
INFO: [ app_init ] --END-- [ RunTime:0.001874s ]
ERR: 无法加载模块:Public

[ 2018-04-17T09:26:18+08:00 ] ::1 /zws/Public/Home/js/bootstrap.min.js
INFO: [ app_init ] --START--
INFO: Run Behavior\BuildLiteBehavior [ RunTime:0.000100s ]
INFO: [ app_init ] --END-- [ RunTime:0.002952s ]
ERR: 无法加载模块:Public

[ 2018-04-17T09:26:18+08:00 ] ::1 /zws/Public/Home/images/loader.gif
INFO: [ app_init ] --START--
INFO: Run Behavior\BuildLiteBehavior [ RunTime:0.000101s ]
INFO: [ app_init ] --END-- [ RunTime:0.003541s ]
ERR: 无法加载模块:Public

[ 2018-04-17T09:26:18+08:00 ] ::1 /zws/Public/Home/js/bootstrap.min.js
INFO: [ app_init ] --START--
INFO: Run Behavior\BuildLiteBehavior [ RunTime:0.000109s ]
INFO: [ app_init ] --END-- [ RunTime:0.003750s ]
ERR: 无法加载模块:Public

[ 2018-04-17T09:26:27+08:00 ] ::1 /zws/Public/Home/js/bootstrap.min.js
INFO: [ app_init ] --START--
INFO: Run Behavior\BuildLiteBehavior [ RunTime:0.000091s ]
INFO: [ app_init ] --END-- [ RunTime:0.001869s ]
ERR: 无法加载模块:Public

[ 2018-04-17T09:26:27+08:00 ] ::1 /zws/Public/Home/images/loader.gif
INFO: [ app_init ] --START--
INFO: Run Behavior\BuildLiteBehavior [ RunTime:0.000096s ]
INFO: [ app_init ] --END-- [ RunTime:0.001753s ]
ERR: 无法加载模块:Public

[ 2018-04-17T09:26:27+08:00 ] ::1 /zws/Public/Home/js/bootstrap.min.js
INFO: [ app_init ] --START--
INFO: Run Behavior\BuildLiteBehavior [ RunTime:0.000094s ]
INFO: [ app_init ] --END-- [ RunTime:0.003767s ]
ERR: 无法加载模块:Public

[ 2018-04-17T09:26:39+08:00 ] ::1 /zws/Public/Home/js/bootstrap.min.js
INFO: [ app_init ] --START--
INFO: Run Behavior\BuildLiteBehavior [ RunTime:0.000101s ]
INFO: [ app_init ] --END-- [ RunTime:0.002374s ]
ERR: 无法加载模块:Public

[ 2018-04-17T09:26:39+08:00 ] ::1 /zws/Public/Home/js/bootstrap.min.js
INFO: [ app_init ] --START--
INFO: Run Behavior\BuildLiteBehavior [ RunTime:0.000094s ]
INFO: [ app_init ] --END-- [ RunTime:0.003035s ]
ERR: 无法加载模块:Public

[ 2018-04-17T09:26:39+08:00 ] ::1 /zws/Public/Home/images/loader.gif
INFO: [ app_init ] --START--
INFO: Run Behavior\BuildLiteBehavior [ RunTime:0.000214s ]
INFO: [ app_init ] --END-- [ RunTime:0.004523s ]
ERR: 无法加载模块:Public

[ 2018-04-17T17:35:38+08:00 ] ::1 /zws/Public/Home/js/bootstrap.min.js
INFO: [ app_init ] --START--
INFO: Run Behavior\BuildLiteBehavior [ RunTime:0.000146s ]
INFO: [ app_init ] --END-- [ RunTime:0.002493s ]
ERR: 无法加载模块:Public

[ 2018-04-17T17:35:39+08:00 ] ::1 /zws/Public/Home/images/loader.gif
INFO: [ app_init ] --START--
INFO: Run Behavior\BuildLiteBehavior [ RunTime:0.000106s ]
INFO: [ app_init ] --END-- [ RunTime:0.004495s ]
ERR: 无法加载模块:Public

[ 2018-04-17T17:35:41+08:00 ] ::1 /zws/Public/Home/js/bootstrap.min.js
INFO: [ app_init ] --START--
INFO: Run Behavior\BuildLiteBehavior [ RunTime:0.000094s ]
INFO: [ app_init ] --END-- [ RunTime:0.002972s ]
ERR: 无法加载模块:Public

[ 2018-04-17T17:35:42+08:00 ] ::1 /zws/Public/Home/js/bootstrap.min.js
INFO: [ app_init ] --START--
INFO: Run Behavior\BuildLiteBehavior [ RunTime:0.000099s ]
INFO: [ app_init ] --END-- [ RunTime:0.004094s ]
ERR: 无法加载模块:Public

[ 2018-04-17T17:35:42+08:00 ] ::1 /zws/Public/Home/js/bootstrap.min.js
INFO: [ app_init ] --START--
INFO: Run Behavior\BuildLiteBehavior [ RunTime:0.000116s ]
INFO: [ app_init ] --END-- [ RunTime:0.002546s ]
ERR: 无法加载模块:Public

[ 2018-04-17T17:35:42+08:00 ] ::1 /zws/Public/Home/images/loader.gif
INFO: [ app_init ] --START--
INFO: Run Behavior\BuildLiteBehavior [ RunTime:0.000097s ]
INFO: [ app_init ] --END-- [ RunTime:0.003191s ]
ERR: 无法加载模块:Public

[ 2018-04-17T20:35:39+08:00 ] ::1 /zws/Public/Home/js/bootstrap.min.js
INFO: [ app_init ] --START--
INFO: Run Behavior\BuildLiteBehavior [ RunTime:0.000080s ]
INFO: [ app_init ] --END-- [ RunTime:0.006243s ]
ERR: 无法加载模块:Public

[ 2018-04-17T20:35:39+08:00 ] ::1 /zws/Public/Home/images/loader.gif
INFO: [ app_init ] --START--
INFO: Run Behavior\BuildLiteBehavior [ RunTime:0.000133s ]
INFO: [ app_init ] --END-- [ RunTime:0.011425s ]
ERR: 无法加载模块:Public

[ 2018-04-17T20:35:45+08:00 ] ::1 /zws/Public/Home/js/bootstrap.min.js
INFO: [ app_init ] --START--
INFO: Run Behavior\BuildLiteBehavior [ RunTime:0.000075s ]
INFO: [ app_init ] --END-- [ RunTime:0.003172s ]
ERR: 无法加载模块:Public

[ 2018-04-17T20:35:45+08:00 ] ::1 /zws/Public/Home/js/bootstrap.min.js
INFO: [ app_init ] --START--
INFO: Run Behavior\BuildLiteBehavior [ RunTime:0.000066s ]
INFO: [ app_init ] --END-- [ RunTime:0.001459s ]
ERR: 无法加载模块:Public

[ 2018-04-17T20:35:45+08:00 ] ::1 /zws/Public/Home/images/loader.gif
INFO: [ app_init ] --START--
INFO: Run Behavior\BuildLiteBehavior [ RunTime:0.000077s ]
INFO: [ app_init ] --END-- [ RunTime:0.001499s ]
ERR: 无法加载模块:Public

[ 2018-04-17T20:38:34+08:00 ] ::1 /zws/Public/Home/js/bootstrap.min.js
INFO: [ app_init ] --START--
INFO: Run Behavior\BuildLiteBehavior [ RunTime:0.000099s ]
INFO: [ app_init ] --END-- [ RunTime:0.003412s ]
ERR: 无法加载模块:Public

[ 2018-04-17T20:38:35+08:00 ] ::1 /zws/Public/Home/js/bootstrap.min.js
INFO: [ app_init ] --START--
INFO: Run Behavior\BuildLiteBehavior [ RunTime:0.000080s ]
INFO: [ app_init ] --END-- [ RunTime:0.003222s ]
ERR: 无法加载模块:Public

[ 2018-04-17T20:38:35+08:00 ] ::1 /zws/Public/Home/images/loader.gif
INFO: [ app_init ] --START--
INFO: Run Behavior\BuildLiteBehavior [ RunTime:0.000099s ]
INFO: [ app_init ] --END-- [ RunTime:0.002637s ]
ERR: 无法加载模块:Public

