[ 2018-04-26T08:34:29+08:00 ] ::1 /zws/Public/Admin/images/icon_control.png?v=201406241538
ERR: 无法加载模块:Public

[ 2018-04-26T09:03:37+08:00 ] ::1 /zws/Public/Admin/images/icon_control.png?v=201406241538
ERR: 无法加载模块:Public

[ 2018-04-26T09:07:51+08:00 ] ::1 /zws/index/php/Admin/
ERR: 无法加载模块:Index

[ 2018-04-26T09:08:51+08:00 ] ::1 /zws/Public/Admin/images/icon_control.png?v=201406241538
ERR: 无法加载模块:Public

[ 2018-04-26T09:09:14+08:00 ] ::1 /zws/index.php/assets/js/libs/excanvas.min.js
ERR: 无法加载模块:Assets

[ 2018-04-26T09:09:14+08:00 ] ::1 /zws/index.php/assets/js/libs/respond.min.js
ERR: 无法加载模块:Assets

[ 2018-04-26T09:09:14+08:00 ] ::1 /zws/index.php/assets/js/libs/excanvas.min.js
ERR: 无法加载模块:Assets

[ 2018-04-26T09:09:18+08:00 ] ::1 /zws/index.php/assets/js/libs/excanvas.min.js
ERR: 无法加载模块:Assets

[ 2018-04-26T09:09:18+08:00 ] ::1 /zws/index.php/assets/js/libs/respond.min.js
ERR: 无法加载模块:Assets

[ 2018-04-26T09:09:35+08:00 ] ::1 /zws/index.php/assets/js/libs/respond.min.js
ERR: 无法加载模块:Assets

[ 2018-04-26T09:10:14+08:00 ] ::1 /zws/index.php/assets/js/libs/excanvas.min.js
ERR: 无法加载模块:Assets

[ 2018-04-26T09:10:14+08:00 ] ::1 /zws/index.php/assets/js/libs/respond.min.js
ERR: 无法加载模块:Assets

[ 2018-04-26T09:10:19+08:00 ] ::1 /zws/Public/Admin/images/icon_control.png?v=201406241538
ERR: 无法加载模块:Public

[ 2018-04-26T09:10:25+08:00 ] ::1 /zws/index.php/assets/js/libs/excanvas.min.js
ERR: 无法加载模块:Assets

[ 2018-04-26T09:10:25+08:00 ] ::1 /zws/index.php/assets/js/libs/respond.min.js
ERR: 无法加载模块:Assets

[ 2018-04-26T09:10:34+08:00 ] ::1 /zws/index.php/assets/js/libs/respond.min.js
ERR: 无法加载模块:Assets

[ 2018-04-26T09:11:03+08:00 ] ::1 /zws/index.php/assets/js/libs/excanvas.min.js
ERR: 无法加载模块:Assets

[ 2018-04-26T09:11:03+08:00 ] ::1 /zws/index.php/assets/js/libs/respond.min.js
ERR: 无法加载模块:Assets

[ 2018-04-26T09:11:07+08:00 ] ::1 /zws/Public/Admin/images/icon_control.png?v=201406241538
ERR: 无法加载模块:Public

[ 2018-04-26T09:11:14+08:00 ] ::1 /zws/Public/Admin/images/icon_control.png?v=201406241538
ERR: 无法加载模块:Public

[ 2018-04-26T09:20:17+08:00 ] ::1 /zws/Public/Home/js/bootstrap.min.js
ERR: 无法加载模块:Public

[ 2018-04-26T09:20:18+08:00 ] ::1 /zws/Public/Home/images/loader.gif
ERR: 无法加载模块:Public

[ 2018-04-26T09:20:19+08:00 ] ::1 /zws/Public/Home/js/bootstrap.min.js
ERR: 无法加载模块:Public

[ 2018-04-26T09:20:29+08:00 ] ::1 /zws/Public/Home/js/bootstrap.min.js
ERR: 无法加载模块:Public

[ 2018-04-26T09:20:29+08:00 ] ::1 /zws/Public/Home/images/loader.gif
ERR: 无法加载模块:Public

[ 2018-04-26T09:20:30+08:00 ] ::1 /zws/Public/Home/js/bootstrap.min.js
ERR: 无法加载模块:Public

[ 2018-04-26T09:21:38+08:00 ] ::1 /zws/Public/Home/js/bootstrap.min.js
ERR: 无法加载模块:Public

[ 2018-04-26T09:21:39+08:00 ] ::1 /zws/Public/Home/images/loader.gif
ERR: 无法加载模块:Public

[ 2018-04-26T09:21:42+08:00 ] ::1 /zws/Public/Home/js/bootstrap.min.js
ERR: 无法加载模块:Public

[ 2018-04-26T09:21:43+08:00 ] ::1 /zws/Public/Home/js/bootstrap.min.js
ERR: 无法加载模块:Public

[ 2018-04-26T09:21:43+08:00 ] ::1 /zws/Public/Home/images/loader.gif
ERR: 无法加载模块:Public

[ 2018-04-26T09:21:56+08:00 ] ::1 /zws/Public/Home/images/loader.gif
ERR: 无法加载模块:Public

[ 2018-04-26T09:22:53+08:00 ] ::1 /zws/Public/Home/js/bootstrap.min.js
ERR: 无法加载模块:Public

[ 2018-04-26T09:22:54+08:00 ] ::1 /zws/Public/Home/js/bootstrap.min.js
ERR: 无法加载模块:Public

[ 2018-04-26T09:22:54+08:00 ] ::1 /zws/Public/Home/images/loader.gif
ERR: 无法加载模块:Public

[ 2018-04-26T09:23:09+08:00 ] ::1 /zws/Public/Home/js/bootstrap.min.js
ERR: 无法加载模块:Public

[ 2018-04-26T09:23:09+08:00 ] ::1 /zws/Public/Home/js/bootstrap.min.js
ERR: 无法加载模块:Public

[ 2018-04-26T09:23:09+08:00 ] ::1 /zws/Public/Home/images/loader.gif
ERR: 无法加载模块:Public

[ 2018-04-26T09:23:15+08:00 ] ::1 /zws/Public/Home/images/loader.gif
ERR: 无法加载模块:Public

[ 2018-04-26T09:24:05+08:00 ] ::1 /zws/Public/Home/js/bootstrap.min.js
ERR: 无法加载模块:Public

[ 2018-04-26T09:24:05+08:00 ] ::1 /zws/Public/Home/images/loader.gif
ERR: 无法加载模块:Public

[ 2018-04-26T09:24:42+08:00 ] ::1 /zws/Public/Home/js/bootstrap.min.js
ERR: 无法加载模块:Public

[ 2018-04-26T09:24:42+08:00 ] ::1 /zws/Public/Home/js/bootstrap.min.js
ERR: 无法加载模块:Public

[ 2018-04-26T09:24:42+08:00 ] ::1 /zws/Public/Home/images/loader.gif
ERR: 无法加载模块:Public

[ 2018-04-26T09:30:34+08:00 ] ::1 /zws/Public/Home/js/bootstrap.min.js
ERR: 无法加载模块:Public

[ 2018-04-26T09:30:35+08:00 ] ::1 /zws/Public/Home/js/bootstrap.min.js
ERR: 无法加载模块:Public

[ 2018-04-26T09:30:35+08:00 ] ::1 /zws/Public/Home/images/loader.gif
ERR: 无法加载模块:Public

[ 2018-04-26T09:31:55+08:00 ] ::1 /zws/Public/Home/js/bootstrap.min.js
ERR: 无法加载模块:Public

[ 2018-04-26T09:31:55+08:00 ] ::1 /zws/Public/Home/images/loader.gif
ERR: 无法加载模块:Public

[ 2018-04-26T09:31:56+08:00 ] ::1 /zws/Public/Home/js/bootstrap.min.js
ERR: 无法加载模块:Public

[ 2018-04-26T10:00:26+08:00 ] ::1 /zws/Public/Home/js/bootstrap.min.js
ERR: 无法加载模块:Public

[ 2018-04-26T10:00:27+08:00 ] ::1 /zws/Public/Home/js/bootstrap.min.js
ERR: 无法加载模块:Public

[ 2018-04-26T10:00:27+08:00 ] ::1 /zws/Public/Home/images/loader.gif
ERR: 无法加载模块:Public

[ 2018-04-26T11:58:18+08:00 ] ::1 /zws/Public/Admin/images/icon_control.png?v=201406241538
ERR: 无法加载模块:Public

[ 2018-04-26T12:00:13+08:00 ] ::1 /zws/Public/Home/js/bootstrap.min.js
ERR: 无法加载模块:Public

[ 2018-04-26T12:00:56+08:00 ] ::1 /zws/Public/Home/js/bootstrap.min.js
ERR: 无法加载模块:Public

[ 2018-04-26T12:00:56+08:00 ] ::1 /zws/Public/Home/images/loader.gif
ERR: 无法加载模块:Public

[ 2018-04-26T14:34:23+08:00 ] ::1 /zws/Public/Admin/images/icon_control.png?v=201406241538
ERR: 无法加载模块:Public

[ 2018-04-26T14:34:31+08:00 ] ::1 /zws/Public/Admin/images/icon_control.png?v=201406241538
ERR: 无法加载模块:Public

[ 2018-04-26T14:38:01+08:00 ] ::1 /zws/Public/Admin/images/icon_control.png?v=201406241538
ERR: 无法加载模块:Public

[ 2018-04-26T14:59:56+08:00 ] ::1 /zws/Public/Home/js/bootstrap.min.js
ERR: 无法加载模块:Public

[ 2018-04-26T14:59:57+08:00 ] ::1 /zws/Public/Home/js/bootstrap.min.js
ERR: 无法加载模块:Public

[ 2018-04-26T14:59:57+08:00 ] ::1 /zws/Public/Home/images/loader.gif
ERR: 无法加载模块:Public

[ 2018-04-26T15:54:34+08:00 ] ::1 /zws/Public/Home/js/bootstrap.min.js
ERR: 无法加载模块:Public

[ 2018-04-26T15:54:34+08:00 ] ::1 /zws/Public/Home/images/loader.gif
ERR: 无法加载模块:Public

[ 2018-04-26T15:54:54+08:00 ] ::1 /zws/Public/Admin/images/icon_control.png?v=201406241538
ERR: 无法加载模块:Public

[ 2018-04-26T15:55:28+08:00 ] ::1 /zws/Public/Home/js/bootstrap.min.js
ERR: 无法加载模块:Public

[ 2018-04-26T15:55:28+08:00 ] ::1 /zws/Public/Home/images/loader.gif
ERR: 无法加载模块:Public

[ 2018-04-26T15:55:34+08:00 ] ::1 /zws/Public/Home/js/bootstrap.min.js
ERR: 无法加载模块:Public

[ 2018-04-26T15:55:34+08:00 ] ::1 /zws/Public/Home/js/bootstrap.min.js
ERR: 无法加载模块:Public

[ 2018-04-26T15:55:34+08:00 ] ::1 /zws/Public/Home/images/loader.gif
ERR: 无法加载模块:Public

[ 2018-04-26T15:55:38+08:00 ] ::1 /zws/Public/Home/js/bootstrap.min.js
ERR: 无法加载模块:Public

[ 2018-04-26T15:55:38+08:00 ] ::1 /zws/Public/Home/images/loader.gif
ERR: 无法加载模块:Public

[ 2018-04-26T15:55:38+08:00 ] ::1 /zws/Public/Home/js/bootstrap.min.js
ERR: 无法加载模块:Public

[ 2018-04-26T15:55:57+08:00 ] ::1 /zws/Public/Home/js/bootstrap.min.js
ERR: 无法加载模块:Public

[ 2018-04-26T15:55:58+08:00 ] ::1 /zws/Public/Home/js/bootstrap.min.js
ERR: 无法加载模块:Public

[ 2018-04-26T15:55:58+08:00 ] ::1 /zws/Public/Home/images/loader.gif
ERR: 无法加载模块:Public

[ 2018-04-26T15:56:06+08:00 ] ::1 /zws/Public/Home/js/bootstrap.min.js
ERR: 无法加载模块:Public

[ 2018-04-26T15:56:06+08:00 ] ::1 /zws/Public/Home/images/loader.gif
ERR: 无法加载模块:Public

[ 2018-04-26T15:56:06+08:00 ] ::1 /zws/Public/Home/js/bootstrap.min.js
ERR: 无法加载模块:Public

[ 2018-04-26T15:57:00+08:00 ] ::1 /zws/Public/Home/js/bootstrap.min.js
ERR: 无法加载模块:Public

[ 2018-04-26T15:57:01+08:00 ] ::1 /zws/Public/Home/images/loader.gif
ERR: 无法加载模块:Public

[ 2018-04-26T15:57:41+08:00 ] ::1 /zws/Public/Home/js/bootstrap.min.js
ERR: 无法加载模块:Public

[ 2018-04-26T15:57:41+08:00 ] ::1 /zws/Public/Home/js/bootstrap.min.js
ERR: 无法加载模块:Public

[ 2018-04-26T15:57:41+08:00 ] ::1 /zws/Public/Home/images/loader.gif
ERR: 无法加载模块:Public

[ 2018-04-26T15:58:17+08:00 ] ::1 /zws/Public/Home/images/jt_nor.png
ERR: 无法加载模块:Public

[ 2018-04-26T15:58:29+08:00 ] ::1 /zws/Public/Home/js/bootstrap.min.js
ERR: 无法加载模块:Public

[ 2018-04-26T15:58:29+08:00 ] ::1 /zws/Public/Home/js/bootstrap.min.js
ERR: 无法加载模块:Public

[ 2018-04-26T15:58:29+08:00 ] ::1 /zws/Public/Home/images/loader.gif
ERR: 无法加载模块:Public

[ 2018-04-26T15:58:31+08:00 ] ::1 /zws/Public/Home/images/jt_nor.png
ERR: 无法加载模块:Public

[ 2018-04-26T16:01:54+08:00 ] ::1 /zws/Public/Home/images/jt_nor.png
ERR: 无法加载模块:Public

[ 2018-04-26T16:02:04+08:00 ] ::1 /zws/Public/Home/images/jt_nor.png
ERR: 无法加载模块:Public

[ 2018-04-26T16:02:06+08:00 ] ::1 /zws/Public/Home/images/jt_nor.png
ERR: 无法加载模块:Public

