[ 2018-04-19T10:29:54+08:00 ] ::1 /zws/Public/Home/js/bootstrap.min.js
ERR: 无法加载模块:Public

[ 2018-04-19T10:29:55+08:00 ] ::1 /zws/Public/Home/images/loader.gif
ERR: 无法加载模块:Public

[ 2018-04-19T10:29:55+08:00 ] ::1 /zws/Public/Home/js/bootstrap.min.js
ERR: 无法加载模块:Public

[ 2018-04-19T10:37:19+08:00 ] ::1 /zws/Public/Home/js/bootstrap.min.js
ERR: 无法加载模块:Public

[ 2018-04-19T10:37:20+08:00 ] ::1 /zws/Public/Home/js/bootstrap.min.js
ERR: 无法加载模块:Public

[ 2018-04-19T10:37:20+08:00 ] ::1 /zws/Public/Home/images/loader.gif
ERR: 无法加载模块:Public

[ 2018-04-19T13:02:51+08:00 ] ::1 /zws/Public/Home/js/bootstrap.min.js
ERR: 无法加载模块:Public

[ 2018-04-19T13:02:51+08:00 ] ::1 /zws/Public/Home/images/loader.gif
ERR: 无法加载模块:Public

[ 2018-04-19T13:02:52+08:00 ] ::1 /zws/Public/Home/js/bootstrap.min.js
ERR: 无法加载模块:Public

[ 2018-04-19T13:20:49+08:00 ] ::1 /zws/Public/Admin/images/mid_banner/banner_01_repeat.png?v=201406241538
ERR: 无法加载模块:Public

[ 2018-04-19T13:20:49+08:00 ] ::1 /zws/Public/Admin/images/mid_banner/banner_01.png?v=201406241538
ERR: 无法加载模块:Public

[ 2018-04-19T13:20:49+08:00 ] ::1 /zws/Public/Admin/images/icon_control.png?v=201406241538
ERR: 无法加载模块:Public

[ 2018-04-19T13:22:40+08:00 ] ::1 /zws/Public/Admin/images/mid_banner/banner_01_repeat.png?v=201406241538
ERR: 无法加载模块:Public

[ 2018-04-19T13:22:41+08:00 ] ::1 /zws/Public/Admin/images/icon_control.png?v=201406241538
ERR: 无法加载模块:Public

[ 2018-04-19T13:22:41+08:00 ] ::1 /zws/Public/Admin/css/jquery-1.7.2.js
ERR: 无法加载模块:Public

[ 2018-04-19T13:22:41+08:00 ] ::1 /zws/Public/Admin/images/mid_banner/banner_01.png?v=201406241538
ERR: 无法加载模块:Public

[ 2018-04-19T13:24:25+08:00 ] ::1 /zws/Public/Admin/images/mid_banner/banner_01.png?v=201406241538
ERR: 无法加载模块:Public

[ 2018-04-19T13:24:25+08:00 ] ::1 /zws/Public/Admin/images/mid_banner/banner_01_repeat.png?v=201406241538
ERR: 无法加载模块:Public

[ 2018-04-19T13:24:25+08:00 ] ::1 /zws/Public/Admin/css/jquery-1.7.2.js
ERR: 无法加载模块:Public

[ 2018-04-19T13:24:26+08:00 ] ::1 /zws/Public/Admin/images/icon_control.png?v=201406241538
ERR: 无法加载模块:Public

[ 2018-04-19T13:24:39+08:00 ] ::1 /zws/Public/Admin/css/jquery-1.7.2.js
ERR: 无法加载模块:Public

[ 2018-04-19T13:24:39+08:00 ] ::1 /zws/Public/Admin/images/icon_control.png?v=201406241538
ERR: 无法加载模块:Public

[ 2018-04-19T13:24:39+08:00 ] ::1 /zws/Public/Admin/images/mid_banner/banner_01.png?v=201406241538
ERR: 无法加载模块:Public

[ 2018-04-19T13:24:39+08:00 ] ::1 /zws/Public/Admin/images/mid_banner/banner_01_repeat.png?v=201406241538
ERR: 无法加载模块:Public

[ 2018-04-19T13:24:49+08:00 ] ::1 /zws/Public/Admin/images/mid_banner/banner_01_repeat.png?v=201406241538
ERR: 无法加载模块:Public

[ 2018-04-19T13:24:49+08:00 ] ::1 /zws/Public/Admin/images/mid_banner/banner_01.png?v=201406241538
ERR: 无法加载模块:Public

[ 2018-04-19T13:24:49+08:00 ] ::1 /zws/Public/Admin/css/jquery-1.7.2.js
ERR: 无法加载模块:Public

[ 2018-04-19T13:24:49+08:00 ] ::1 /zws/Public/Admin/images/icon_control.png?v=201406241538
ERR: 无法加载模块:Public

[ 2018-04-19T13:25:02+08:00 ] ::1 /zws/Public/Admin/css/jquery-1.7.2.js
ERR: 无法加载模块:Public

[ 2018-04-19T13:25:02+08:00 ] ::1 /zws/Public/Admin/images/mid_banner/banner_01_repeat.png?v=201406241538
ERR: 无法加载模块:Public

[ 2018-04-19T13:25:02+08:00 ] ::1 /zws/Public/Admin/images/mid_banner/banner_01.png?v=201406241538
ERR: 无法加载模块:Public

[ 2018-04-19T13:25:02+08:00 ] ::1 /zws/Public/Admin/images/icon_control.png?v=201406241538
ERR: 无法加载模块:Public

[ 2018-04-19T13:25:57+08:00 ] ::1 /zws/Public/Admin/images/mid_banner/banner_01.png?v=201406241538
ERR: 无法加载模块:Public

[ 2018-04-19T13:25:57+08:00 ] ::1 /zws/Public/Admin/images/mid_banner/banner_01_repeat.png?v=201406241538
ERR: 无法加载模块:Public

[ 2018-04-19T13:25:57+08:00 ] ::1 /zws/Public/Admin/css/jquery-1.7.2.js
ERR: 无法加载模块:Public

[ 2018-04-19T13:25:57+08:00 ] ::1 /zws/Public/Admin/images/icon_control.png?v=201406241538
ERR: 无法加载模块:Public

[ 2018-04-19T13:28:12+08:00 ] ::1 /zws/Public/Admin/css/jquery-1.7.2.js
ERR: 无法加载模块:Public

[ 2018-04-19T13:28:12+08:00 ] ::1 /zws/Public/Admin/images/icon_control.png?v=201406241538
ERR: 无法加载模块:Public

[ 2018-04-19T13:28:41+08:00 ] ::1 /zws/Public/Admin/images/icon_control.png?v=201406241538
ERR: 无法加载模块:Public

[ 2018-04-19T13:35:22+08:00 ] ::1 /zws/Public/Admin/images/icon_control.png?v=201406241538
ERR: 无法加载模块:Public

[ 2018-04-19T13:35:31+08:00 ] ::1 /zws/Public/Admin/images/icon_control.png?v=201406241538
ERR: 无法加载模块:Public

[ 2018-04-19T13:37:36+08:00 ] ::1 /zws/Public/Admin/images/icon_control.png?v=201406241538
ERR: 无法加载模块:Public

[ 2018-04-19T13:37:44+08:00 ] ::1 /zws/Public/Admin/images/icon_control.png?v=201406241538
ERR: 无法加载模块:Public

[ 2018-04-19T13:38:03+08:00 ] ::1 /zws/Public/Admin/images/icon_control.png?v=201406241538
ERR: 无法加载模块:Public

[ 2018-04-19T13:40:03+08:00 ] ::1 /zws/Public/Admin/images/icon_control.png?v=201406241538
ERR: 无法加载模块:Public

[ 2018-04-19T13:40:20+08:00 ] ::1 /zws/Public/Admin/images/icon_control.png?v=201406241538
ERR: 无法加载模块:Public

[ 2018-04-19T13:40:22+08:00 ] ::1 /zws/Public/Admin/images/icon_control.png?v=201406241538
ERR: 无法加载模块:Public

[ 2018-04-19T13:40:31+08:00 ] ::1 /zws/Public/Admin/images/icon_control.png?v=201406241538
ERR: 无法加载模块:Public

[ 2018-04-19T13:40:55+08:00 ] ::1 /zws/Public/Admin/images/icon_control.png?v=201406241538
ERR: 无法加载模块:Public

[ 2018-04-19T13:41:14+08:00 ] ::1 /zws/Public/Admin/images/icon_control.png?v=201406241538
ERR: 无法加载模块:Public

[ 2018-04-19T13:41:24+08:00 ] ::1 /zws/Public/Admin/images/icon_control.png?v=201406241538
ERR: 无法加载模块:Public

[ 2018-04-19T13:41:30+08:00 ] ::1 /zws/Public/Admin/images/icon_control.png?v=201406241538
ERR: 无法加载模块:Public

[ 2018-04-19T13:41:38+08:00 ] ::1 /zws/Public/Admin/images/icon_control.png?v=201406241538
ERR: 无法加载模块:Public

[ 2018-04-19T13:41:44+08:00 ] ::1 /zws/Public/Admin/images/icon_control.png?v=201406241538
ERR: 无法加载模块:Public

[ 2018-04-19T13:41:56+08:00 ] ::1 /zws/Public/Admin/images/icon_control.png?v=201406241538
ERR: 无法加载模块:Public

[ 2018-04-19T13:43:05+08:00 ] ::1 /zws/Public/Admin/images/icon_control.png?v=201406241538
ERR: 无法加载模块:Public

[ 2018-04-19T13:43:16+08:00 ] ::1 /zws/Public/Admin/images/icon_control.png?v=201406241538
ERR: 无法加载模块:Public

[ 2018-04-19T13:44:34+08:00 ] ::1 /zws/Public/Admin/images/icon_control.png?v=201406241538
ERR: 无法加载模块:Public

[ 2018-04-19T13:45:07+08:00 ] ::1 /zws/Public/Admin/images/icon_control.png?v=201406241538
ERR: 无法加载模块:Public

[ 2018-04-19T13:45:35+08:00 ] ::1 /zws/Public/Admin/images/icon_control.png?v=201406241538
ERR: 无法加载模块:Public

[ 2018-04-19T13:45:50+08:00 ] ::1 /zws/Public/Admin/images/icon_control.png?v=201406241538
ERR: 无法加载模块:Public

[ 2018-04-19T13:46:13+08:00 ] ::1 /zws/Public/Admin/images/icon_control.png?v=201406241538
ERR: 无法加载模块:Public

[ 2018-04-19T13:46:15+08:00 ] ::1 /zws/Public/Admin/images/icon_control.png?v=201406241538
ERR: 无法加载模块:Public

[ 2018-04-19T13:46:41+08:00 ] ::1 /zws/Public/Admin/images/icon_control.png?v=201406241538
ERR: 无法加载模块:Public

[ 2018-04-19T13:47:46+08:00 ] ::1 /zws/Public/Admin/images/icon_control.png?v=201406241538
ERR: 无法加载模块:Public

[ 2018-04-19T13:47:56+08:00 ] ::1 /zws/Public/Admin/images/icon_control.png?v=201406241538
ERR: 无法加载模块:Public

[ 2018-04-19T13:48:18+08:00 ] ::1 /zws/Public/Admin/images/icon_control.png?v=201406241538
ERR: 无法加载模块:Public

[ 2018-04-19T13:48:45+08:00 ] ::1 /zws/Public/Admin/images/icon_control.png?v=201406241538
ERR: 无法加载模块:Public

[ 2018-04-19T13:49:15+08:00 ] ::1 /zws/Public/Admin/images/icon_control.png?v=201406241538
ERR: 无法加载模块:Public

[ 2018-04-19T13:50:45+08:00 ] ::1 /zws/Public/Admin/images/icon_control.png?v=201406241538
ERR: 无法加载模块:Public

[ 2018-04-19T13:50:59+08:00 ] ::1 /zws/Public/Admin/images/icon_control.png?v=201406241538
ERR: 无法加载模块:Public

[ 2018-04-19T13:51:12+08:00 ] ::1 /zws/Public/Admin/images/icon_control.png?v=201406241538
ERR: 无法加载模块:Public

[ 2018-04-19T13:51:27+08:00 ] ::1 /zws/Public/Admin/images/icon_control.png?v=201406241538
ERR: 无法加载模块:Public

[ 2018-04-19T13:51:59+08:00 ] ::1 /zws/Public/Admin/images/icon_control.png?v=201406241538
ERR: 无法加载模块:Public

[ 2018-04-19T13:52:24+08:00 ] ::1 /zws/Public/Admin/images/icon_control.png?v=201406241538
ERR: 无法加载模块:Public

[ 2018-04-19T13:52:30+08:00 ] ::1 /zws/Public/Admin/images/icon_control.png?v=201406241538
ERR: 无法加载模块:Public

[ 2018-04-19T13:53:02+08:00 ] ::1 /zws/Public/Admin/images/icon_control.png?v=201406241538
ERR: 无法加载模块:Public

[ 2018-04-19T13:53:29+08:00 ] ::1 /zws/Public/Admin/images/icon_control.png?v=201406241538
ERR: 无法加载模块:Public

[ 2018-04-19T13:53:42+08:00 ] ::1 /zws/Public/Admin/images/icon_control.png?v=201406241538
ERR: 无法加载模块:Public

[ 2018-04-19T13:54:05+08:00 ] ::1 /zws/Public/Admin/images/icon_control.png?v=201406241538
ERR: 无法加载模块:Public

[ 2018-04-19T13:54:26+08:00 ] ::1 /zws/Public/Admin/images/icon_control.png?v=201406241538
ERR: 无法加载模块:Public

[ 2018-04-19T13:54:40+08:00 ] ::1 /zws/Public/Admin/images/icon_control.png?v=201406241538
ERR: 无法加载模块:Public

[ 2018-04-19T13:54:54+08:00 ] ::1 /zws/Public/Admin/images/icon_control.png?v=201406241538
ERR: 无法加载模块:Public

[ 2018-04-19T13:55:04+08:00 ] ::1 /zws/Public/Admin/images/icon_control.png?v=201406241538
ERR: 无法加载模块:Public

[ 2018-04-19T13:55:10+08:00 ] ::1 /zws/Public/Admin/images/icon_control.png?v=201406241538
ERR: 无法加载模块:Public

[ 2018-04-19T13:55:16+08:00 ] ::1 /zws/Public/Admin/images/icon_control.png?v=201406241538
ERR: 无法加载模块:Public

[ 2018-04-19T13:55:23+08:00 ] ::1 /zws/Public/Admin/images/icon_control.png?v=201406241538
ERR: 无法加载模块:Public

[ 2018-04-19T13:57:21+08:00 ] ::1 /zws/Public/Admin/images/icon_control.png?v=201406241538
ERR: 无法加载模块:Public

[ 2018-04-19T13:57:56+08:00 ] ::1 /zws/Public/Admin/images/icon_control.png?v=201406241538
ERR: 无法加载模块:Public

[ 2018-04-19T19:32:54+08:00 ] ::1 /zws/Public/Admin/images/icon_control.png?v=201406241538
ERR: 无法加载模块:Public

[ 2018-04-19T21:28:22+08:00 ] ::1 /zws/Public/Home/js/bootstrap.min.js
ERR: 无法加载模块:Public

[ 2018-04-19T21:28:25+08:00 ] ::1 /zws/Public/Home/js/bootstrap.min.js
ERR: 无法加载模块:Public

[ 2018-04-19T21:28:25+08:00 ] ::1 /zws/Public/Home/images/loader.gif
ERR: 无法加载模块:Public

