[ 2018-04-21T00:16:45+08:00 ] ::1 /zws/Public/Home/js/bootstrap.min.js
ERR: 无法加载模块:Public

[ 2018-04-21T00:16:46+08:00 ] ::1 /zws/Public/Home/js/bootstrap.min.js
ERR: 无法加载模块:Public

[ 2018-04-21T00:16:46+08:00 ] ::1 /zws/Public/Home/images/loader.gif
ERR: 无法加载模块:Public

[ 2018-04-21T08:15:03+08:00 ] ::1 /zws/Public/Home/js/bootstrap.min.js
ERR: 无法加载模块:Public

[ 2018-04-21T08:15:04+08:00 ] ::1 /zws/Public/Home/images/loader.gif
ERR: 无法加载模块:Public

[ 2018-04-21T08:15:05+08:00 ] ::1 /zws/Public/Home/js/bootstrap.min.js
ERR: 无法加载模块:Public

[ 2018-04-21T08:15:15+08:00 ] ::1 /zws/Public/Home/images/loader.gif
ERR: 无法加载模块:Public

[ 2018-04-21T08:19:16+08:00 ] ::1 /zws/Public/Home/js/bootstrap.min.js
ERR: 无法加载模块:Public

[ 2018-04-21T08:19:17+08:00 ] ::1 /zws/Public/Home/images/loader.gif
ERR: 无法加载模块:Public

[ 2018-04-21T08:33:15+08:00 ] ::1 /zws/Public/Home/js/bootstrap.min.js
ERR: 无法加载模块:Public

[ 2018-04-21T08:33:16+08:00 ] ::1 /zws/Public/Home/js/bootstrap.min.js
ERR: 无法加载模块:Public

[ 2018-04-21T08:33:16+08:00 ] ::1 /zws/Public/Home/images/loader.gif
ERR: 无法加载模块:Public

[ 2018-04-21T08:33:22+08:00 ] ::1 /zws/Public/Home/images/loader.gif
ERR: 无法加载模块:Public

[ 2018-04-21T08:36:55+08:00 ] ::1 /zws/Public/Home/js/bootstrap.min.js
ERR: 无法加载模块:Public

[ 2018-04-21T08:36:55+08:00 ] ::1 /zws/Public/Home/images/loader.gif
ERR: 无法加载模块:Public

[ 2018-04-21T08:37:08+08:00 ] ::1 /zws/Public/Home/images/loader.gif
ERR: 无法加载模块:Public

[ 2018-04-21T08:37:49+08:00 ] ::1 /zws/Public/Home/images/loader.gif
ERR: 无法加载模块:Public

[ 2018-04-21T08:37:52+08:00 ] ::1 /zws/Public/Home/js/bootstrap.min.js
ERR: 无法加载模块:Public

[ 2018-04-21T08:37:54+08:00 ] ::1 /zws/Public/Home/js/bootstrap.min.js
ERR: 无法加载模块:Public

[ 2018-04-21T08:37:54+08:00 ] ::1 /zws/Public/Home/images/loader.gif
ERR: 无法加载模块:Public

[ 2018-04-21T08:39:02+08:00 ] ::1 /zws/Public/Home/images/loader.gif
ERR: 无法加载模块:Public

[ 2018-04-21T08:40:24+08:00 ] ::1 /zws/Public/Home/js/bootstrap.min.js
ERR: 无法加载模块:Public

[ 2018-04-21T08:40:24+08:00 ] ::1 /zws/Public/Home/js/bootstrap.min.js
ERR: 无法加载模块:Public

[ 2018-04-21T08:40:24+08:00 ] ::1 /zws/Public/Home/images/loader.gif
ERR: 无法加载模块:Public

[ 2018-04-21T09:02:01+08:00 ] ::1 /zws/Public/Home/js/bootstrap.min.js
ERR: 无法加载模块:Public

[ 2018-04-21T09:02:02+08:00 ] ::1 /zws/Public/Home/images/loader.gif
ERR: 无法加载模块:Public

[ 2018-04-21T09:18:50+08:00 ] ::1 /zws/Public/Home/images/loader.gif
ERR: 无法加载模块:Public

[ 2018-04-21T09:29:25+08:00 ] ::1 /zws/Public/Home/js/bootstrap.min.js
ERR: 无法加载模块:Public

[ 2018-04-21T09:29:26+08:00 ] ::1 /zws/Public/Home/js/bootstrap.min.js
ERR: 无法加载模块:Public

[ 2018-04-21T09:29:26+08:00 ] ::1 /zws/Public/Home/images/loader.gif
ERR: 无法加载模块:Public

[ 2018-04-21T11:40:48+08:00 ] ::1 /zws/Public/Home/js/bootstrap.min.js
ERR: 无法加载模块:Public

[ 2018-04-21T11:40:48+08:00 ] ::1 /zws/Public/Home/images/loader.gif
ERR: 无法加载模块:Public

[ 2018-04-21T17:16:09+08:00 ] ::1 /zws/Public/Home/js/bootstrap.min.js
ERR: 无法加载模块:Public

[ 2018-04-21T17:16:09+08:00 ] ::1 /zws/Public/Home/images/loader.gif
ERR: 无法加载模块:Public

[ 2018-04-21T17:30:40+08:00 ] ::1 /zws/Public/Home/images/jt_nor.png
ERR: 无法加载模块:Public

[ 2018-04-21T19:11:42+08:00 ] ::1 /zws/Public/Home/js/bootstrap.min.js
ERR: 无法加载模块:Public

[ 2018-04-21T19:11:43+08:00 ] ::1 /zws/Public/Home/images/loader.gif
ERR: 无法加载模块:Public

[ 2018-04-21T19:13:51+08:00 ] ::1 /zws/Public/Home/images/loader.gif
ERR: 无法加载模块:Public

[ 2018-04-21T19:19:26+08:00 ] ::1 /zws/Public/Home/js/bootstrap.min.js
ERR: 无法加载模块:Public

[ 2018-04-21T19:19:27+08:00 ] ::1 /zws/Public/Home/images/loader.gif
ERR: 无法加载模块:Public

[ 2018-04-21T19:19:27+08:00 ] ::1 /zws/Public/Home/js/bootstrap.min.js
ERR: 无法加载模块:Public

[ 2018-04-21T19:23:05+08:00 ] ::1 /zws/Public/Home/images/loader.gif
ERR: 无法加载模块:Public

[ 2018-04-21T19:23:11+08:00 ] ::1 /zws/Public/Home/js/bootstrap.min.js
ERR: 无法加载模块:Public

[ 2018-04-21T19:23:11+08:00 ] ::1 /zws/Public/Home/js/bootstrap.min.js
ERR: 无法加载模块:Public

[ 2018-04-21T19:23:11+08:00 ] ::1 /zws/Public/Home/images/loader.gif
ERR: 无法加载模块:Public

[ 2018-04-21T19:27:05+08:00 ] ::1 /zws/Public/Home/js/bootstrap.min.js
ERR: 无法加载模块:Public

[ 2018-04-21T19:27:05+08:00 ] ::1 /zws/Public/Home/images/loader.gif
ERR: 无法加载模块:Public

[ 2018-04-21T20:03:23+08:00 ] ::1 /zws/index.php/zws/index.php/home/list/search.html/result/
ERR: 无法加载模块:Zws

[ 2018-04-21T22:18:08+08:00 ] ::1 /zws/Public/Home/js/bootstrap.min.js
ERR: 无法加载模块:Public

[ 2018-04-21T22:18:09+08:00 ] ::1 /zws/Public/Home/js/bootstrap.min.js
ERR: 无法加载模块:Public

[ 2018-04-21T22:18:09+08:00 ] ::1 /zws/Public/Home/images/loader.gif
ERR: 无法加载模块:Public

[ 2018-04-21T22:18:29+08:00 ] ::1 /zws/Public/Home/js/bootstrap.min.js
ERR: 无法加载模块:Public

[ 2018-04-21T22:18:29+08:00 ] ::1 /zws/Public/Home/js/bootstrap.min.js
ERR: 无法加载模块:Public

[ 2018-04-21T22:18:29+08:00 ] ::1 /zws/Public/Home/images/loader.gif
ERR: 无法加载模块:Public

[ 2018-04-21T22:18:43+08:00 ] ::1 /zws/Public/Home/js/bootstrap.min.js
ERR: 无法加载模块:Public

[ 2018-04-21T22:18:43+08:00 ] ::1 /zws/Public/Home/js/bootstrap.min.js
ERR: 无法加载模块:Public

[ 2018-04-21T22:18:43+08:00 ] ::1 /zws/Public/Home/images/loader.gif
ERR: 无法加载模块:Public

[ 2018-04-21T22:22:05+08:00 ] ::1 /zws/Public/Home/js/bootstrap.min.js
ERR: 无法加载模块:Public

[ 2018-04-21T22:22:06+08:00 ] ::1 /zws/Public/Home/js/bootstrap.min.js
ERR: 无法加载模块:Public

[ 2018-04-21T22:22:06+08:00 ] ::1 /zws/Public/Home/images/loader.gif
ERR: 无法加载模块:Public

[ 2018-04-21T23:16:35+08:00 ] ::1 /zws/Public/Home/js/bootstrap.min.js
ERR: 无法加载模块:Public

[ 2018-04-21T23:17:24+08:00 ] ::1 /zws/Public/Home/images/loader.gif
ERR: 无法加载模块:Public

