[ 2018-04-25T11:11:42+08:00 ] ::1 /zws/index.php/admin/assets/js/libs/respond.min.js
ERR: 无法加载控制器:Assets

[ 2018-04-25T11:11:42+08:00 ] ::1 /zws/index.php/admin/assets/js/libs/excanvas.min.js
ERR: 无法加载控制器:Assets

[ 2018-04-25T11:11:43+08:00 ] ::1 /zws/index.php/admin/assets/js/libs/excanvas.min.js
ERR: 无法加载控制器:Assets

[ 2018-04-25T11:12:45+08:00 ] ::1 /zws/index.php/admin/assets/js/libs/respond.min.js
ERR: 无法加载控制器:Assets

[ 2018-04-25T11:13:09+08:00 ] ::1 /zws/index.php/admin/assets/js/libs/respond.min.js
ERR: 无法加载控制器:Assets

[ 2018-04-25T11:13:09+08:00 ] ::1 /zws/index.php/admin/assets/js/libs/excanvas.min.js
ERR: 无法加载控制器:Assets

[ 2018-04-25T11:13:09+08:00 ] ::1 /zws/index.php/admin/assets/js/libs/excanvas.min.js
ERR: 无法加载控制器:Assets

[ 2018-04-25T11:13:30+08:00 ] ::1 /zws/index.php/admin/assets/js/libs/respond.min.js
ERR: 无法加载控制器:Assets

[ 2018-04-25T11:13:30+08:00 ] ::1 /zws/index.php/admin/assets/js/libs/respond.min.js
ERR: 无法加载控制器:Assets

[ 2018-04-25T11:13:30+08:00 ] ::1 /zws/index.php/admin/assets/js/libs/excanvas.min.js
ERR: 无法加载控制器:Assets

[ 2018-04-25T11:13:31+08:00 ] ::1 /zws/index.php/admin/assets/js/libs/excanvas.min.js
ERR: 无法加载控制器:Assets

[ 2018-04-25T11:14:33+08:00 ] ::1 /zws/index.php/admin/assets/js/libs/respond.min.js
ERR: 无法加载控制器:Assets

[ 2018-04-25T11:17:17+08:00 ] ::1 /zws/index.php/admin/assets/js/libs/excanvas.min.js
ERR: 无法加载控制器:Assets

[ 2018-04-25T11:17:17+08:00 ] ::1 /zws/index.php/admin/assets/js/libs/respond.min.js
ERR: 无法加载控制器:Assets

[ 2018-04-25T11:17:17+08:00 ] ::1 /zws/index.php/admin/assets/js/libs/excanvas.min.js
ERR: 无法加载控制器:Assets

[ 2018-04-25T11:17:56+08:00 ] ::1 /zws/index.php/admin/assets/js/libs/excanvas.min.js
ERR: 无法加载控制器:Assets

[ 2018-04-25T11:17:56+08:00 ] ::1 /zws/index.php/admin/assets/js/libs/respond.min.js
ERR: 无法加载控制器:Assets

[ 2018-04-25T11:17:56+08:00 ] ::1 /zws/index.php/admin/assets/js/libs/excanvas.min.js
ERR: 无法加载控制器:Assets

[ 2018-04-25T11:18:59+08:00 ] ::1 /zws/index.php/admin/assets/js/libs/respond.min.js
ERR: 无法加载控制器:Assets

[ 2018-04-25T11:26:07+08:00 ] ::1 /zws/index.php/Admin/Index/assets/js/libs/excanvas.min.js
ERR: 非法操作:assets

[ 2018-04-25T11:26:07+08:00 ] ::1 /zws/index.php/Admin/Index/assets/js/libs/respond.min.js
ERR: 非法操作:assets

[ 2018-04-25T11:26:08+08:00 ] ::1 /zws/index.php/Admin/Index/assets/js/libs/excanvas.min.js
ERR: 非法操作:assets

[ 2018-04-25T11:27:11+08:00 ] ::1 /zws/index.php/Admin/Index/assets/js/libs/respond.min.js
ERR: 非法操作:assets

