[ 2018-04-26T08:35:10+08:00 ] ::1 /zws/index.php/Admin/Index/assets/js/libs/respond.min.js
ERR: 非法操作:assets

[ 2018-04-26T08:35:10+08:00 ] ::1 /zws/index.php/Admin/Index/assets/js/libs/excanvas.min.js
ERR: 非法操作:assets

[ 2018-04-26T08:35:11+08:00 ] ::1 /zws/index.php/Admin/Index/assets/js/libs/excanvas.min.js
ERR: 非法操作:assets

[ 2018-04-26T08:35:18+08:00 ] ::1 /zws/index.php/Admin/Index/assets/js/libs/respond.min.js
ERR: 非法操作:assets

[ 2018-04-26T08:35:19+08:00 ] ::1 /zws/index.php/Admin/Index/assets/js/libs/respond.min.js
ERR: 非法操作:assets

[ 2018-04-26T08:35:19+08:00 ] ::1 /zws/index.php/Admin/Index/assets/js/libs/excanvas.min.js
ERR: 非法操作:assets

[ 2018-04-26T08:35:20+08:00 ] ::1 /zws/index.php/Admin/Index/assets/js/libs/excanvas.min.js
ERR: 非法操作:assets

[ 2018-04-26T08:36:22+08:00 ] ::1 /zws/index.php/Admin/Index/assets/js/libs/respond.min.js
ERR: 非法操作:assets

[ 2018-04-26T08:39:57+08:00 ] ::1 /zws/index.php/Admin/Index/assets/js/libs/excanvas.min.js
ERR: 非法操作:assets

[ 2018-04-26T08:39:57+08:00 ] ::1 /zws/index.php/Admin/Index/assets/js/libs/respond.min.js
ERR: 非法操作:assets

[ 2018-04-26T08:39:58+08:00 ] ::1 /zws/index.php/Admin/Index/assets/js/libs/excanvas.min.js
ERR: 非法操作:assets

[ 2018-04-26T08:40:40+08:00 ] ::1 /zws/index.php/Admin/Index/assets/js/libs/respond.min.js
ERR: 非法操作:assets

[ 2018-04-26T08:40:41+08:00 ] ::1 /zws/index.php/Admin/Index/assets/js/libs/excanvas.min.js
ERR: 非法操作:assets

[ 2018-04-26T08:40:41+08:00 ] ::1 /zws/index.php/Admin/Index/assets/js/libs/respond.min.js
ERR: 非法操作:assets

[ 2018-04-26T08:40:41+08:00 ] ::1 /zws/index.php/Admin/Index/assets/js/libs/excanvas.min.js
ERR: 非法操作:assets

[ 2018-04-26T08:41:17+08:00 ] ::1 /zws/index.php/Admin/Index/assets/js/libs/excanvas.min.js
ERR: 非法操作:assets

[ 2018-04-26T08:41:18+08:00 ] ::1 /zws/index.php/Admin/Index/assets/js/libs/respond.min.js
ERR: 非法操作:assets

[ 2018-04-26T08:41:18+08:00 ] ::1 /zws/index.php/Admin/Index/assets/js/libs/excanvas.min.js
ERR: 非法操作:assets

[ 2018-04-26T08:42:21+08:00 ] ::1 /zws/index.php/Admin/Index/assets/js/libs/respond.min.js
ERR: 非法操作:assets

[ 2018-04-26T09:03:09+08:00 ] ::1 /zws/index.php/Admin/Index/assets/js/libs/excanvas.min.js
ERR: 非法操作:assets

[ 2018-04-26T09:03:09+08:00 ] ::1 /zws/index.php/Admin/Index/assets/js/libs/respond.min.js
ERR: 非法操作:assets

[ 2018-04-26T09:03:10+08:00 ] ::1 /zws/index.php/Admin/Index/assets/js/libs/excanvas.min.js
ERR: 非法操作:assets

[ 2018-04-26T09:03:56+08:00 ] ::1 /zws/index.php/Admin/Index/assets/js/libs/respond.min.js
ERR: 非法操作:assets

[ 2018-04-26T09:03:56+08:00 ] ::1 /zws/index.php/Admin/Index/assets/js/libs/excanvas.min.js
ERR: 非法操作:assets

[ 2018-04-26T09:03:56+08:00 ] ::1 /zws/index.php/Admin/Index/assets/js/libs/excanvas.min.js
ERR: 非法操作:assets

[ 2018-04-26T09:04:12+08:00 ] ::1 /zws/index.php/admin/product/assets/js/libs/respond.min.js
ERR: 非法操作:assets

[ 2018-04-26T09:04:12+08:00 ] ::1 /zws/index.php/admin/product/assets/js/libs/excanvas.min.js
ERR: 非法操作:assets

[ 2018-04-26T09:04:12+08:00 ] ::1 /zws/index.php/Admin/Index/assets/js/libs/respond.min.js
ERR: 非法操作:assets

[ 2018-04-26T09:04:17+08:00 ] ::1 /zws/index.php/admin/product/assets/js/libs/respond.min.js
ERR: 非法操作:assets

[ 2018-04-26T09:04:19+08:00 ] ::1 /zws/index.php/admin/product/assets/js/libs/excanvas.min.js
ERR: 非法操作:assets

[ 2018-04-26T09:04:19+08:00 ] ::1 /zws/index.php/admin/product/assets/js/libs/respond.min.js
ERR: 非法操作:assets

[ 2018-04-26T09:04:20+08:00 ] ::1 /zws/index.php/admin/product/assets/js/libs/excanvas.min.js
ERR: 非法操作:assets

[ 2018-04-26T09:04:33+08:00 ] ::1 /zws/index.php/admin/product/assets/js/libs/respond.min.js
ERR: 非法操作:assets

[ 2018-04-26T09:05:18+08:00 ] ::1 /zws/index.php/Admin/Index/assets/js/libs/excanvas.min.js
ERR: 非法操作:assets

[ 2018-04-26T09:05:18+08:00 ] ::1 /zws/index.php/Admin/Index/assets/js/libs/respond.min.js
ERR: 非法操作:assets

[ 2018-04-26T09:05:18+08:00 ] ::1 /zws/index.php/Admin/Index/assets/js/libs/excanvas.min.js
ERR: 非法操作:assets

[ 2018-04-26T09:05:22+08:00 ] ::1 /zws/index.php/admin/product/assets/js/libs/excanvas.min.js
ERR: 非法操作:assets

[ 2018-04-26T09:05:22+08:00 ] ::1 /zws/index.php/admin/product/assets/js/libs/respond.min.js
ERR: 非法操作:assets

[ 2018-04-26T09:05:43+08:00 ] ::1 /zws/index.php/admin/product/assets/js/libs/respond.min.js
ERR: 非法操作:assets

[ 2018-04-26T09:07:58+08:00 ] ::1 /zws/index.php/Admin/assets/js/libs/excanvas.min.js
ERR: 无法加载控制器:Assets

[ 2018-04-26T09:07:58+08:00 ] ::1 /zws/index.php/Admin/assets/js/libs/respond.min.js
ERR: 无法加载控制器:Assets

[ 2018-04-26T09:07:59+08:00 ] ::1 /zws/index.php/Admin/assets/js/libs/excanvas.min.js
ERR: 无法加载控制器:Assets

[ 2018-04-26T09:08:35+08:00 ] ::1 /zws/index.php/Admin/assets/js/libs/respond.min.js
ERR: 无法加载控制器:Assets

[ 2018-04-26T09:08:35+08:00 ] ::1 /zws/index.php/Admin/assets/js/libs/excanvas.min.js
ERR: 无法加载控制器:Assets

[ 2018-04-26T09:08:35+08:00 ] ::1 /zws/index.php/Admin/assets/js/libs/respond.min.js
ERR: 无法加载控制器:Assets

[ 2018-04-26T09:08:36+08:00 ] ::1 /zws/index.php/Admin/assets/js/libs/excanvas.min.js
ERR: 无法加载控制器:Assets

[ 2018-04-26T09:08:43+08:00 ] ::1 /zws/index.php/Admin/assets/js/libs/respond.min.js
ERR: 无法加载控制器:Assets

[ 2018-04-26T09:08:43+08:00 ] ::1 /zws/index.php/Admin/assets/js/libs/excanvas.min.js
ERR: 无法加载控制器:Assets

[ 2018-04-26T09:08:43+08:00 ] ::1 /zws/index.php/Admin/assets/js/libs/respond.min.js
ERR: 无法加载控制器:Assets

[ 2018-04-26T09:08:44+08:00 ] ::1 /zws/index.php/Admin/assets/js/libs/excanvas.min.js
ERR: 无法加载控制器:Assets

[ 2018-04-26T09:08:50+08:00 ] ::1 /zws/index.php/Admin/assets/js/libs/respond.min.js
ERR: 无法加载控制器:Assets

[ 2018-04-26T09:11:34+08:00 ] ::1 /zws/index.php/Admin/Index/assets/js/libs/excanvas.min.js
ERR: 非法操作:assets

[ 2018-04-26T09:11:34+08:00 ] ::1 /zws/index.php/Admin/Index/assets/js/libs/respond.min.js
ERR: 非法操作:assets

[ 2018-04-26T09:12:38+08:00 ] ::1 /zws/index.php/Admin/Index/assets/js/libs/respond.min.js
ERR: 非法操作:assets

[ 2018-04-26T09:12:42+08:00 ] ::1 /zws/index.php/Admin/Index/assets/js/libs/excanvas.min.js
ERR: 非法操作:assets

[ 2018-04-26T09:12:42+08:00 ] ::1 /zws/index.php/Admin/Index/assets/js/libs/respond.min.js
ERR: 非法操作:assets

[ 2018-04-26T09:12:42+08:00 ] ::1 /zws/index.php/Admin/Index/assets/js/libs/excanvas.min.js
ERR: 非法操作:assets

[ 2018-04-26T09:13:03+08:00 ] ::1 /zws/index.php/Admin/Index/assets/js/libs/respond.min.js
ERR: 非法操作:assets

[ 2018-04-26T09:14:33+08:00 ] ::1 /zws/index.php/Admin/Index/assets/js/libs/excanvas.min.js
ERR: 非法操作:assets

[ 2018-04-26T09:14:33+08:00 ] ::1 /zws/index.php/Admin/Index/assets/js/libs/respond.min.js
ERR: 非法操作:assets

[ 2018-04-26T09:14:34+08:00 ] ::1 /zws/index.php/Admin/Index/assets/js/libs/excanvas.min.js
ERR: 非法操作:assets

[ 2018-04-26T09:14:47+08:00 ] ::1 /zws/index.php/Admin/Index/assets/js/libs/respond.min.js
ERR: 非法操作:assets

[ 2018-04-26T09:14:47+08:00 ] ::1 /zws/index.php/Admin/Index/assets/js/libs/excanvas.min.js
ERR: 非法操作:assets

[ 2018-04-26T09:14:47+08:00 ] ::1 /zws/index.php/Admin/Index/assets/js/libs/excanvas.min.js
ERR: 非法操作:assets

[ 2018-04-26T09:14:54+08:00 ] ::1 /zws/index.php/Admin/Index/assets/js/libs/respond.min.js
ERR: 非法操作:assets

[ 2018-04-26T09:14:57+08:00 ] ::1 /zws/index.php/Admin/Index/assets/js/libs/excanvas.min.js
ERR: 非法操作:assets

[ 2018-04-26T09:14:57+08:00 ] ::1 /zws/index.php/Admin/Index/assets/js/libs/respond.min.js
ERR: 非法操作:assets

[ 2018-04-26T09:14:57+08:00 ] ::1 /zws/index.php/Admin/Index/assets/js/libs/excanvas.min.js
ERR: 非法操作:assets

[ 2018-04-26T09:15:02+08:00 ] ::1 /zws/index.php/admin/admin/assets/js/libs/excanvas.min.js
ERR: 非法操作:assets

[ 2018-04-26T09:15:02+08:00 ] ::1 /zws/index.php/admin/admin/assets/js/libs/respond.min.js
ERR: 非法操作:assets

[ 2018-04-26T09:15:18+08:00 ] ::1 /zws/index.php/admin/admin/assets/js/libs/respond.min.js
ERR: 非法操作:assets

[ 2018-04-26T09:15:50+08:00 ] ::1 /zws/index.php/Admin/Index/assets/js/libs/respond.min.js
ERR: 非法操作:assets

[ 2018-04-26T09:17:26+08:00 ] ::1 /zws/index.php/admin/admin/assets/js/libs/excanvas.min.js
ERR: 非法操作:assets

[ 2018-04-26T09:17:26+08:00 ] ::1 /zws/index.php/admin/admin/assets/js/libs/respond.min.js
ERR: 非法操作:assets

[ 2018-04-26T09:17:43+08:00 ] ::1 /zws/index.php/Admin/Index/assets/js/libs/excanvas.min.js
ERR: 非法操作:assets

[ 2018-04-26T09:17:43+08:00 ] ::1 /zws/index.php/Admin/Index/assets/js/libs/respond.min.js
ERR: 非法操作:assets

[ 2018-04-26T09:17:47+08:00 ] ::1 /zws/index.php/Admin/Index/assets/js/libs/respond.min.js
ERR: 非法操作:assets

[ 2018-04-26T09:17:52+08:00 ] ::1 /zws/index.php/admin/admin/assets/js/libs/excanvas.min.js
ERR: 非法操作:assets

[ 2018-04-26T09:17:52+08:00 ] ::1 /zws/index.php/admin/admin/assets/js/libs/respond.min.js
ERR: 非法操作:assets

[ 2018-04-26T09:18:04+08:00 ] ::1 /zws/index.php/admin/admin/assets/js/libs/respond.min.js
ERR: 非法操作:assets

[ 2018-04-26T09:18:07+08:00 ] ::1 /zws/index.php/admin/admin/assets/js/libs/respond.min.js
ERR: 非法操作:assets

[ 2018-04-26T09:18:07+08:00 ] ::1 /zws/index.php/admin/admin/assets/js/libs/excanvas.min.js
ERR: 非法操作:assets

[ 2018-04-26T09:18:08+08:00 ] ::1 /zws/index.php/admin/admin/assets/js/libs/excanvas.min.js
ERR: 非法操作:assets

[ 2018-04-26T09:18:09+08:00 ] ::1 /zws/index.php/admin/admin/assets/js/libs/respond.min.js
ERR: 非法操作:assets

[ 2018-04-26T09:18:12+08:00 ] ::1 /zws/index.php/admin/admin/assets/js/libs/respond.min.js
ERR: 非法操作:assets

[ 2018-04-26T09:18:12+08:00 ] ::1 /zws/index.php/admin/admin/assets/js/libs/excanvas.min.js
ERR: 非法操作:assets

[ 2018-04-26T09:18:13+08:00 ] ::1 /zws/index.php/admin/admin/assets/js/libs/excanvas.min.js
ERR: 非法操作:assets

[ 2018-04-26T09:18:14+08:00 ] ::1 /zws/index.php/admin/admin/assets/js/libs/respond.min.js
ERR: 非法操作:assets

[ 2018-04-26T09:18:18+08:00 ] ::1 /zws/index.php/admin/admin/assets/js/libs/excanvas.min.js
ERR: 非法操作:assets

[ 2018-04-26T09:18:18+08:00 ] ::1 /zws/index.php/admin/admin/assets/js/libs/respond.min.js
ERR: 非法操作:assets

[ 2018-04-26T09:18:18+08:00 ] ::1 /zws/index.php/admin/admin/assets/js/libs/excanvas.min.js
ERR: 非法操作:assets

[ 2018-04-26T09:18:49+08:00 ] ::1 /zws/index.php/Admin/Index/assets/js/libs/excanvas.min.js
ERR: 非法操作:assets

[ 2018-04-26T09:18:49+08:00 ] ::1 /zws/index.php/Admin/Index/assets/js/libs/respond.min.js
ERR: 非法操作:assets

[ 2018-04-26T09:18:49+08:00 ] ::1 /zws/index.php/Admin/Index/assets/js/libs/excanvas.min.js
ERR: 非法操作:assets

[ 2018-04-26T09:19:10+08:00 ] ::1 /zws/index.php/Admin/Index/assets/js/libs/respond.min.js
ERR: 非法操作:assets

[ 2018-04-26T09:19:21+08:00 ] ::1 /zws/index.php/admin/admin/assets/js/libs/respond.min.js
ERR: 非法操作:assets

[ 2018-04-26T09:20:00+08:00 ] ::1 /zws/index.php/admin/admin/assets/js/libs/respond.min.js
ERR: 非法操作:assets

[ 2018-04-26T09:20:00+08:00 ] ::1 /zws/index.php/admin/admin/assets/js/libs/excanvas.min.js
ERR: 非法操作:assets

[ 2018-04-26T09:20:01+08:00 ] ::1 /zws/index.php/admin/admin/assets/js/libs/excanvas.min.js
ERR: 非法操作:assets

[ 2018-04-26T09:20:06+08:00 ] ::1 /zws/index.php/admin/admin/assets/js/libs/respond.min.js
ERR: 非法操作:assets

[ 2018-04-26T09:20:06+08:00 ] ::1 /zws/index.php/admin/assets/js/libs/respond.min.js
ERR: 无法加载控制器:Assets

[ 2018-04-26T09:20:06+08:00 ] ::1 /zws/index.php/admin/assets/js/libs/excanvas.min.js
ERR: 无法加载控制器:Assets

[ 2018-04-26T09:20:06+08:00 ] ::1 /zws/index.php/admin/assets/js/libs/excanvas.min.js
ERR: 无法加载控制器:Assets

[ 2018-04-26T09:20:10+08:00 ] ::1 /zws/index.php/Admin/Index/assets/js/libs/excanvas.min.js
ERR: 非法操作:assets

[ 2018-04-26T09:20:10+08:00 ] ::1 /zws/index.php/Admin/Index/assets/js/libs/respond.min.js
ERR: 非法操作:assets

[ 2018-04-26T09:21:09+08:00 ] ::1 /zws/index.php/admin/assets/js/libs/respond.min.js
ERR: 无法加载控制器:Assets

[ 2018-04-26T10:01:34+08:00 ] ::1 /zws/index.php/Admin/assets/js/libs/excanvas.min.js
ERR: 无法加载控制器:Assets

[ 2018-04-26T10:01:34+08:00 ] ::1 /zws/index.php/Admin/assets/js/libs/respond.min.js
ERR: 无法加载控制器:Assets

[ 2018-04-26T10:01:34+08:00 ] ::1 /zws/index.php/Admin/assets/js/libs/excanvas.min.js
ERR: 无法加载控制器:Assets

[ 2018-04-26T10:02:37+08:00 ] ::1 /zws/index.php/Admin/assets/js/libs/respond.min.js
ERR: 无法加载控制器:Assets

[ 2018-04-26T10:28:55+08:00 ] ::1 /zws/index.php/Admin/assets/js/libs/excanvas.min.js
ERR: 无法加载控制器:Assets

[ 2018-04-26T10:28:55+08:00 ] ::1 /zws/index.php/Admin/assets/js/libs/respond.min.js
ERR: 无法加载控制器:Assets

[ 2018-04-26T10:28:56+08:00 ] ::1 /zws/index.php/Admin/assets/js/libs/excanvas.min.js
ERR: 无法加载控制器:Assets

[ 2018-04-26T10:29:58+08:00 ] ::1 /zws/index.php/Admin/assets/js/libs/respond.min.js
ERR: 无法加载控制器:Assets

[ 2018-04-26T10:31:34+08:00 ] ::1 /zws/index.php/admin/product/assets/js/libs/respond.min.js
ERR: 非法操作:assets

[ 2018-04-26T10:31:34+08:00 ] ::1 /zws/index.php/admin/product/assets/js/libs/excanvas.min.js
ERR: 非法操作:assets

[ 2018-04-26T10:32:15+08:00 ] ::1 /zws/index.php/admin/product/assets/js/libs/respond.min.js
ERR: 非法操作:assets

[ 2018-04-26T10:32:15+08:00 ] ::1 /zws/index.php/Admin/assets/js/libs/excanvas.min.js
ERR: 无法加载控制器:Assets

[ 2018-04-26T10:32:15+08:00 ] ::1 /zws/index.php/Admin/assets/js/libs/respond.min.js
ERR: 无法加载控制器:Assets

[ 2018-04-26T10:32:15+08:00 ] ::1 /zws/index.php/Admin/assets/js/libs/excanvas.min.js
ERR: 无法加载控制器:Assets

[ 2018-04-26T10:32:48+08:00 ] ::1 /zws/index.php/admin/jk
ERR: 无法加载控制器:Jk

[ 2018-04-26T10:33:18+08:00 ] ::1 /zws/index.php/Admin/assets/js/libs/respond.min.js
ERR: 无法加载控制器:Assets

[ 2018-04-26T10:45:18+08:00 ] ::1 /zws/index.php/admin/login/l
ERR: 非法操作:l

[ 2018-04-26T10:55:31+08:00 ] ::1 /zws/index.php/admin/login/l
ERR: 非法操作:l

[ 2018-04-26T10:55:32+08:00 ] ::1 /zws/index.php/admin/login/l
ERR: 非法操作:l

[ 2018-04-26T10:56:55+08:00 ] ::1 /zws/index.php/admin/login/l
ERR: 非法操作:l

[ 2018-04-26T10:57:01+08:00 ] ::1 /zws/index.php/admin/login/ll
ERR: 非法操作:ll

[ 2018-04-26T10:58:28+08:00 ] ::1 /zws/index.php/admin/login/ll
ERR: 非法操作:ll

[ 2018-04-26T10:58:30+08:00 ] ::1 /zws/index.php/admin/login/ll
ERR: 非法操作:ll

[ 2018-04-26T10:58:34+08:00 ] ::1 /zws/index.php/admin/login/ll
ERR: 非法操作:ll

[ 2018-04-26T11:59:50+08:00 ] ::1 /zws/index.php/Admin/Index/assets/js/libs/excanvas.min.js
ERR: 非法操作:assets

[ 2018-04-26T11:59:50+08:00 ] ::1 /zws/index.php/Admin/Index/assets/js/libs/respond.min.js
ERR: 非法操作:assets

[ 2018-04-26T11:59:50+08:00 ] ::1 /zws/index.php/Admin/Index/assets/js/libs/excanvas.min.js
ERR: 非法操作:assets

[ 2018-04-26T12:00:12+08:00 ] ::1 /zws/index.php/Admin/Index/assets/js/libs/respond.min.js
ERR: 非法操作:assets

[ 2018-04-26T14:52:03+08:00 ] ::1 /zws/index.php/Admin/Index/index.html
ERR: Think\Model:get_LeaveList方法不存在！

