[ 2018-04-21T09:26:20+08:00 ] ::1 /zws/index.php/admin/assets/js/libs/respond.min.js
ERR: 无法加载控制器:Assets

[ 2018-04-21T09:26:20+08:00 ] ::1 /zws/index.php/admin/assets/js/libs/excanvas.min.js
ERR: 无法加载控制器:Assets

[ 2018-04-21T09:26:20+08:00 ] ::1 /zws/index.php/admin/assets/js/libs/excanvas.min.js
ERR: 无法加载控制器:Assets

[ 2018-04-21T09:26:25+08:00 ] ::1 /zws/index.php/admin/assets/js/libs/respond.min.js
ERR: 无法加载控制器:Assets

[ 2018-04-21T09:26:26+08:00 ] ::1 /zws/index.php/admin/admin/assets/js/libs/excanvas.min.js
ERR: 非法操作:assets

[ 2018-04-21T09:26:26+08:00 ] ::1 /zws/index.php/admin/admin/assets/js/libs/respond.min.js
ERR: 非法操作:assets

[ 2018-04-21T09:26:27+08:00 ] ::1 /zws/index.php/admin/admin/assets/js/libs/excanvas.min.js
ERR: 非法操作:assets

[ 2018-04-21T09:26:32+08:00 ] ::1 /zws/index.php/admin/admin/assets/js/libs/respond.min.js
ERR: 非法操作:assets

[ 2018-04-21T09:26:35+08:00 ] ::1 /zws/index.php/admin/admin/assets/js/libs/respond.min.js
ERR: 非法操作:assets

[ 2018-04-21T09:26:35+08:00 ] ::1 /zws/index.php/admin/admin/assets/js/libs/excanvas.min.js
ERR: 非法操作:assets

[ 2018-04-21T09:26:35+08:00 ] ::1 /zws/index.php/admin/admin/assets/js/libs/excanvas.min.js
ERR: 非法操作:assets

[ 2018-04-21T09:26:39+08:00 ] ::1 /zws/index.php/admin/admin/assets/js/libs/respond.min.js
ERR: 非法操作:assets

[ 2018-04-21T09:26:39+08:00 ] ::1 /zws/index.php/admin/product/assets/js/libs/excanvas.min.js
ERR: 非法操作:assets

[ 2018-04-21T09:26:39+08:00 ] ::1 /zws/index.php/admin/product/assets/js/libs/respond.min.js
ERR: 非法操作:assets

[ 2018-04-21T09:26:40+08:00 ] ::1 /zws/index.php/admin/product/assets/js/libs/excanvas.min.js
ERR: 非法操作:assets

[ 2018-04-21T09:26:46+08:00 ] ::1 /zws/index.php/admin/product/assets/js/libs/respond.min.js
ERR: 非法操作:assets

[ 2018-04-21T09:26:46+08:00 ] ::1 /zws/index.php/admin/user/assets/js/libs/respond.min.js
ERR: 非法操作:assets

[ 2018-04-21T09:26:46+08:00 ] ::1 /zws/index.php/admin/user/assets/js/libs/excanvas.min.js
ERR: 非法操作:assets

[ 2018-04-21T09:26:46+08:00 ] ::1 /zws/index.php/admin/user/assets/js/libs/excanvas.min.js
ERR: 非法操作:assets

[ 2018-04-21T09:26:50+08:00 ] ::1 /zws/index.php/admin/user/index.html
ERR: 非法操作:index

[ 2018-04-21T09:26:50+08:00 ] ::1 /zws/index.php/admin/user/assets/js/libs/respond.min.js
ERR: 非法操作:assets

[ 2018-04-21T09:26:51+08:00 ] ::1 /zws/index.php/admin/user/assets/js/libs/respond.min.js
ERR: 非法操作:assets

[ 2018-04-21T09:26:51+08:00 ] ::1 /zws/index.php/admin/user/assets/js/libs/excanvas.min.js
ERR: 非法操作:assets

[ 2018-04-21T09:26:52+08:00 ] ::1 /zws/index.php/admin/user/assets/js/libs/excanvas.min.js
ERR: 非法操作:assets

[ 2018-04-21T09:27:55+08:00 ] ::1 /zws/index.php/admin/user/assets/js/libs/respond.min.js
ERR: 非法操作:assets

[ 2018-04-21T09:42:20+08:00 ] ::1 /zws/index.php/Admin/assets/js/libs/excanvas.min.js
ERR: 无法加载控制器:Assets

[ 2018-04-21T09:42:20+08:00 ] ::1 /zws/index.php/Admin/assets/js/libs/respond.min.js
ERR: 无法加载控制器:Assets

[ 2018-04-21T09:42:21+08:00 ] ::1 /zws/index.php/Admin/assets/js/libs/excanvas.min.js
ERR: 无法加载控制器:Assets

[ 2018-04-21T09:43:19+08:00 ] ::1 /zws/index.php/Admin/assets/js/libs/respond.min.js
ERR: 无法加载控制器:Assets

[ 2018-04-21T09:43:19+08:00 ] ::1 /zws/index.php/Admin/assets/js/libs/respond.min.js
ERR: 无法加载控制器:Assets

[ 2018-04-21T09:43:19+08:00 ] ::1 /zws/index.php/Admin/assets/js/libs/excanvas.min.js
ERR: 无法加载控制器:Assets

[ 2018-04-21T09:43:20+08:00 ] ::1 /zws/index.php/Admin/assets/js/libs/excanvas.min.js
ERR: 无法加载控制器:Assets

[ 2018-04-21T09:43:23+08:00 ] ::1 /zws/index.php/Admin/assets/js/libs/respond.min.js
ERR: 无法加载控制器:Assets

[ 2018-04-21T09:43:25+08:00 ] ::1 /zws/index.php/Admin/assets/js/libs/excanvas.min.js
ERR: 无法加载控制器:Assets

[ 2018-04-21T09:43:25+08:00 ] ::1 /zws/index.php/Admin/assets/js/libs/respond.min.js
ERR: 无法加载控制器:Assets

[ 2018-04-21T09:43:25+08:00 ] ::1 /zws/index.php/Admin/assets/js/libs/excanvas.min.js
ERR: 无法加载控制器:Assets

[ 2018-04-21T09:44:28+08:00 ] ::1 /zws/index.php/Admin/assets/js/libs/respond.min.js
ERR: 无法加载控制器:Assets

[ 2018-04-21T09:44:40+08:00 ] ::1 /zws/index.php/Admin/assets/js/libs/excanvas.min.js
ERR: 无法加载控制器:Assets

[ 2018-04-21T09:44:40+08:00 ] ::1 /zws/index.php/Admin/assets/js/libs/respond.min.js
ERR: 无法加载控制器:Assets

[ 2018-04-21T09:44:41+08:00 ] ::1 /zws/index.php/Admin/assets/js/libs/excanvas.min.js
ERR: 无法加载控制器:Assets

[ 2018-04-21T09:45:43+08:00 ] ::1 /zws/index.php/Admin/assets/js/libs/respond.min.js
ERR: 无法加载控制器:Assets

[ 2018-04-21T09:51:38+08:00 ] ::1 /zws/index.php/Admin/assets/js/libs/excanvas.min.js
ERR: 无法加载控制器:Assets

[ 2018-04-21T09:51:38+08:00 ] ::1 /zws/index.php/Admin/assets/js/libs/respond.min.js
ERR: 无法加载控制器:Assets

[ 2018-04-21T09:51:38+08:00 ] ::1 /zws/index.php/Admin/assets/js/libs/excanvas.min.js
ERR: 无法加载控制器:Assets

[ 2018-04-21T09:52:40+08:00 ] ::1 /zws/index.php/Admin/assets/js/libs/respond.min.js
ERR: 无法加载控制器:Assets

[ 2018-04-21T09:52:40+08:00 ] ::1 /zws/index.php/Admin/assets/js/libs/excanvas.min.js
ERR: 无法加载控制器:Assets

[ 2018-04-21T09:52:40+08:00 ] ::1 /zws/index.php/Admin/assets/js/libs/respond.min.js
ERR: 无法加载控制器:Assets

[ 2018-04-21T09:52:41+08:00 ] ::1 /zws/index.php/Admin/assets/js/libs/excanvas.min.js
ERR: 无法加载控制器:Assets

[ 2018-04-21T09:52:44+08:00 ] ::1 /zws/index.php/admin/list/show.html
ERR: 模板不存在:./Application/Admin/View/List/show.html

[ 2018-04-21T09:52:44+08:00 ] ::1 /zws/index.php/Admin/assets/js/libs/respond.min.js
ERR: 无法加载控制器:Assets

[ 2018-04-21T09:52:53+08:00 ] ::1 /zws/index.php/Admin/assets/js/libs/excanvas.min.js
ERR: 无法加载控制器:Assets

[ 2018-04-21T09:52:53+08:00 ] ::1 /zws/index.php/Admin/assets/js/libs/respond.min.js
ERR: 无法加载控制器:Assets

[ 2018-04-21T09:52:54+08:00 ] ::1 /zws/index.php/Admin/assets/js/libs/excanvas.min.js
ERR: 无法加载控制器:Assets

[ 2018-04-21T09:53:16+08:00 ] ::1 /zws/index.php/Admin/assets/js/libs/respond.min.js
ERR: 无法加载控制器:Assets

[ 2018-04-21T09:53:16+08:00 ] ::1 /zws/index.php/Admin/assets/js/libs/excanvas.min.js
ERR: 无法加载控制器:Assets

[ 2018-04-21T09:53:16+08:00 ] ::1 /zws/index.php/Admin/assets/js/libs/respond.min.js
ERR: 无法加载控制器:Assets

[ 2018-04-21T09:53:16+08:00 ] ::1 /zws/index.php/Admin/assets/js/libs/excanvas.min.js
ERR: 无法加载控制器:Assets

[ 2018-04-21T09:53:18+08:00 ] ::1 /zws/index.php/Admin/assets/js/libs/respond.min.js
ERR: 无法加载控制器:Assets

[ 2018-04-21T09:53:18+08:00 ] ::1 /zws/index.php/admin/list/assets/js/libs/respond.min.js
ERR: 非法操作:assets

[ 2018-04-21T09:53:18+08:00 ] ::1 /zws/index.php/admin/list/assets/js/libs/excanvas.min.js
ERR: 非法操作:assets

[ 2018-04-21T09:53:18+08:00 ] ::1 /zws/index.php/admin/list/assets/js/libs/excanvas.min.js
ERR: 非法操作:assets

[ 2018-04-21T09:54:21+08:00 ] ::1 /zws/index.php/admin/list/assets/js/libs/respond.min.js
ERR: 非法操作:assets

[ 2018-04-21T09:55:08+08:00 ] ::1 /zws/index.php/admin/list/assets/js/libs/excanvas.min.js
ERR: 非法操作:assets

[ 2018-04-21T09:55:08+08:00 ] ::1 /zws/index.php/admin/list/assets/js/libs/respond.min.js
ERR: 非法操作:assets

[ 2018-04-21T09:55:09+08:00 ] ::1 /zws/index.php/admin/list/assets/js/libs/excanvas.min.js
ERR: 非法操作:assets

[ 2018-04-21T09:56:11+08:00 ] ::1 /zws/index.php/admin/list/assets/js/libs/respond.min.js
ERR: 非法操作:assets

[ 2018-04-21T09:58:00+08:00 ] ::1 /zws/index.php/admin/list/assets/js/libs/respond.min.js
ERR: 非法操作:assets

[ 2018-04-21T09:58:00+08:00 ] ::1 /zws/index.php/admin/list/assets/js/libs/excanvas.min.js
ERR: 非法操作:assets

[ 2018-04-21T09:58:00+08:00 ] ::1 /zws/index.php/admin/list/assets/js/libs/excanvas.min.js
ERR: 非法操作:assets

[ 2018-04-21T09:58:38+08:00 ] ::1 /zws/index.php/admin/list/assets/js/libs/respond.min.js
ERR: 非法操作:assets

[ 2018-04-21T09:58:38+08:00 ] ::1 /zws/index.php/admin/list/assets/js/libs/respond.min.js
ERR: 非法操作:assets

[ 2018-04-21T09:58:38+08:00 ] ::1 /zws/index.php/admin/list/assets/js/libs/excanvas.min.js
ERR: 非法操作:assets

[ 2018-04-21T09:58:39+08:00 ] ::1 /zws/index.php/admin/list/assets/js/libs/excanvas.min.js
ERR: 非法操作:assets

[ 2018-04-21T09:59:08+08:00 ] ::1 /zws/index.php/admin/list/assets/js/libs/respond.min.js
ERR: 非法操作:assets

[ 2018-04-21T09:59:09+08:00 ] ::1 /zws/index.php/admin/list/assets/js/libs/excanvas.min.js
ERR: 非法操作:assets

[ 2018-04-21T09:59:09+08:00 ] ::1 /zws/index.php/admin/list/assets/js/libs/respond.min.js
ERR: 非法操作:assets

[ 2018-04-21T09:59:09+08:00 ] ::1 /zws/index.php/admin/list/assets/js/libs/excanvas.min.js
ERR: 非法操作:assets

[ 2018-04-21T09:59:12+08:00 ] ::1 /zws/index.php/admin/list/assets/js/libs/respond.min.js
ERR: 非法操作:assets

[ 2018-04-21T09:59:13+08:00 ] ::1 /zws/index.php/admin/user/assets/js/libs/excanvas.min.js
ERR: 非法操作:assets

[ 2018-04-21T09:59:13+08:00 ] ::1 /zws/index.php/admin/user/assets/js/libs/respond.min.js
ERR: 非法操作:assets

[ 2018-04-21T09:59:13+08:00 ] ::1 /zws/index.php/admin/user/assets/js/libs/excanvas.min.js
ERR: 非法操作:assets

[ 2018-04-21T09:59:22+08:00 ] ::1 /zws/index.php/admin/user/index.html
ERR: 非法操作:index

[ 2018-04-21T09:59:22+08:00 ] ::1 /zws/index.php/admin/user/assets/js/libs/respond.min.js
ERR: 非法操作:assets

[ 2018-04-21T09:59:24+08:00 ] ::1 /zws/index.php/admin/user/assets/js/libs/excanvas.min.js
ERR: 非法操作:assets

[ 2018-04-21T09:59:24+08:00 ] ::1 /zws/index.php/admin/user/assets/js/libs/respond.min.js
ERR: 非法操作:assets

[ 2018-04-21T09:59:24+08:00 ] ::1 /zws/index.php/admin/user/assets/js/libs/excanvas.min.js
ERR: 非法操作:assets

[ 2018-04-21T09:59:25+08:00 ] ::1 /zws/index.php/admin/user/assets/js/libs/respond.min.js
ERR: 非法操作:assets

[ 2018-04-21T09:59:25+08:00 ] ::1 /zws/index.php/admin/user/index.html
ERR: 非法操作:index

[ 2018-04-21T09:59:27+08:00 ] ::1 /zws/index.php/admin/user/assets/js/libs/excanvas.min.js
ERR: 非法操作:assets

[ 2018-04-21T09:59:27+08:00 ] ::1 /zws/index.php/admin/user/assets/js/libs/respond.min.js
ERR: 非法操作:assets

[ 2018-04-21T09:59:28+08:00 ] ::1 /zws/index.php/admin/user/assets/js/libs/excanvas.min.js
ERR: 非法操作:assets

[ 2018-04-21T09:59:28+08:00 ] ::1 /zws/index.php/admin/user/assets/js/libs/respond.min.js
ERR: 非法操作:assets

[ 2018-04-21T09:59:28+08:00 ] ::1 /zws/index.php/admin/user/index.html
ERR: 非法操作:index

[ 2018-04-21T09:59:31+08:00 ] ::1 /zws/index.php/admin/user/assets/js/libs/respond.min.js
ERR: 非法操作:assets

[ 2018-04-21T09:59:31+08:00 ] ::1 /zws/index.php/admin/user/assets/js/libs/excanvas.min.js
ERR: 非法操作:assets

[ 2018-04-21T09:59:31+08:00 ] ::1 /zws/index.php/admin/user/assets/js/libs/excanvas.min.js
ERR: 非法操作:assets

[ 2018-04-21T09:59:33+08:00 ] ::1 /zws/index.php/admin/user/index.html
ERR: 非法操作:index

[ 2018-04-21T09:59:33+08:00 ] ::1 /zws/index.php/admin/user/assets/js/libs/respond.min.js
ERR: 非法操作:assets

[ 2018-04-21T09:59:35+08:00 ] ::1 /zws/index.php/admin/user/assets/js/libs/respond.min.js
ERR: 非法操作:assets

[ 2018-04-21T09:59:35+08:00 ] ::1 /zws/index.php/admin/user/assets/js/libs/excanvas.min.js
ERR: 非法操作:assets

[ 2018-04-21T09:59:35+08:00 ] ::1 /zws/index.php/admin/user/assets/js/libs/excanvas.min.js
ERR: 非法操作:assets

[ 2018-04-21T09:59:38+08:00 ] ::1 /zws/index.php/admin/user/assets/js/libs/respond.min.js
ERR: 非法操作:assets

[ 2018-04-21T09:59:38+08:00 ] ::1 /zws/index.php/admin/user/assets/js/libs/respond.min.js
ERR: 非法操作:assets

[ 2018-04-21T09:59:38+08:00 ] ::1 /zws/index.php/admin/user/assets/js/libs/excanvas.min.js
ERR: 非法操作:assets

[ 2018-04-21T09:59:39+08:00 ] ::1 /zws/index.php/admin/user/assets/js/libs/excanvas.min.js
ERR: 非法操作:assets

[ 2018-04-21T09:59:48+08:00 ] ::1 /zws/index.php/admin/user/index.html
ERR: 非法操作:index

[ 2018-04-21T09:59:48+08:00 ] ::1 /zws/index.php/admin/user/assets/js/libs/respond.min.js
ERR: 非法操作:assets

[ 2018-04-21T10:01:09+08:00 ] ::1 /zws/index.php/admin/user/index.html
ERR: 非法操作:index

[ 2018-04-21T17:09:06+08:00 ] ::1 /zws/index.php/admin/assets/js/libs/excanvas.min.js
ERR: 无法加载控制器:Assets

[ 2018-04-21T17:09:06+08:00 ] ::1 /zws/index.php/admin/assets/js/libs/respond.min.js
ERR: 无法加载控制器:Assets

[ 2018-04-21T17:09:06+08:00 ] ::1 /zws/index.php/admin/assets/js/libs/excanvas.min.js
ERR: 无法加载控制器:Assets

[ 2018-04-21T17:09:09+08:00 ] ::1 /zws/index.php/admin/assets/js/libs/respond.min.js
ERR: 无法加载控制器:Assets

[ 2018-04-21T17:09:13+08:00 ] ::1 /zws/index.php/admin/assets/js/libs/excanvas.min.js
ERR: 无法加载控制器:Assets

[ 2018-04-21T17:09:13+08:00 ] ::1 /zws/index.php/admin/assets/js/libs/respond.min.js
ERR: 无法加载控制器:Assets

[ 2018-04-21T17:09:13+08:00 ] ::1 /zws/index.php/admin/assets/js/libs/excanvas.min.js
ERR: 无法加载控制器:Assets

[ 2018-04-21T17:09:17+08:00 ] ::1 /zws/index.php/admin/assets/js/libs/respond.min.js
ERR: 无法加载控制器:Assets

[ 2018-04-21T17:09:17+08:00 ] ::1 /zws/index.php/admin/product/assets/js/libs/excanvas.min.js
ERR: 非法操作:assets

[ 2018-04-21T17:09:18+08:00 ] ::1 /zws/index.php/admin/product/assets/js/libs/respond.min.js
ERR: 非法操作:assets

[ 2018-04-21T17:09:18+08:00 ] ::1 /zws/index.php/admin/product/assets/js/libs/excanvas.min.js
ERR: 非法操作:assets

[ 2018-04-21T17:09:23+08:00 ] ::1 /zws/index.php/admin/product/assets/js/libs/respond.min.js
ERR: 非法操作:assets

[ 2018-04-21T17:09:23+08:00 ] ::1 /zws/index.php/admin/assets/js/libs/excanvas.min.js
ERR: 无法加载控制器:Assets

[ 2018-04-21T17:09:23+08:00 ] ::1 /zws/index.php/admin/assets/js/libs/respond.min.js
ERR: 无法加载控制器:Assets

[ 2018-04-21T17:09:24+08:00 ] ::1 /zws/index.php/admin/assets/js/libs/excanvas.min.js
ERR: 无法加载控制器:Assets

[ 2018-04-21T17:10:26+08:00 ] ::1 /zws/index.php/admin/assets/js/libs/respond.min.js
ERR: 无法加载控制器:Assets

[ 2018-04-21T20:07:12+08:00 ] ::1 /zws/index.php/admin/assets/js/libs/excanvas.min.js
ERR: 无法加载控制器:Assets

[ 2018-04-21T20:07:12+08:00 ] ::1 /zws/index.php/admin/assets/js/libs/respond.min.js
ERR: 无法加载控制器:Assets

[ 2018-04-21T20:07:13+08:00 ] ::1 /zws/index.php/admin/assets/js/libs/excanvas.min.js
ERR: 无法加载控制器:Assets

[ 2018-04-21T20:08:15+08:00 ] ::1 /zws/index.php/admin/assets/js/libs/respond.min.js
ERR: 无法加载控制器:Assets

[ 2018-04-21T20:10:09+08:00 ] ::1 /zws/index.php/admin/assets/js/libs/excanvas.min.js
ERR: 无法加载控制器:Assets

[ 2018-04-21T20:10:09+08:00 ] ::1 /zws/index.php/admin/assets/js/libs/respond.min.js
ERR: 无法加载控制器:Assets

[ 2018-04-21T20:10:09+08:00 ] ::1 /zws/index.php/admin/assets/js/libs/excanvas.min.js
ERR: 无法加载控制器:Assets

[ 2018-04-21T20:11:12+08:00 ] ::1 /zws/index.php/admin/assets/js/libs/respond.min.js
ERR: 无法加载控制器:Assets

[ 2018-04-21T20:12:16+08:00 ] ::1 /zws/index.php/admin/assets/js/libs/excanvas.min.js
ERR: 无法加载控制器:Assets

[ 2018-04-21T20:12:17+08:00 ] ::1 /zws/index.php/admin/assets/js/libs/respond.min.js
ERR: 无法加载控制器:Assets

[ 2018-04-21T20:12:17+08:00 ] ::1 /zws/index.php/admin/assets/js/libs/excanvas.min.js
ERR: 无法加载控制器:Assets

[ 2018-04-21T20:12:34+08:00 ] ::1 /zws/index.php/admin/assets/js/libs/respond.min.js
ERR: 无法加载控制器:Assets

[ 2018-04-21T20:12:37+08:00 ] ::1 /zws/index.php/admin/admin/assets/js/libs/excanvas.min.js
ERR: 非法操作:assets

[ 2018-04-21T20:12:38+08:00 ] ::1 /zws/index.php/admin/admin/assets/js/libs/respond.min.js
ERR: 非法操作:assets

[ 2018-04-21T20:12:44+08:00 ] ::1 /zws/index.php/admin/admin/assets/js/libs/respond.min.js
ERR: 非法操作:assets

[ 2018-04-21T20:12:47+08:00 ] ::1 /zws/index.php/admin/admin/assets/js/libs/excanvas.min.js
ERR: 非法操作:assets

[ 2018-04-21T20:12:47+08:00 ] ::1 /zws/index.php/admin/admin/assets/js/libs/respond.min.js
ERR: 非法操作:assets

[ 2018-04-21T20:12:48+08:00 ] ::1 /zws/index.php/admin/admin/assets/js/libs/excanvas.min.js
ERR: 非法操作:assets

[ 2018-04-21T20:12:50+08:00 ] ::1 /zws/index.php/admin/admin/assets/js/libs/respond.min.js
ERR: 非法操作:assets

[ 2018-04-21T20:12:52+08:00 ] ::1 /zws/index.php/Admin/Admin/assets/js/libs/excanvas.min.js
ERR: 非法操作:assets

[ 2018-04-21T20:12:52+08:00 ] ::1 /zws/index.php/Admin/Admin/assets/js/libs/respond.min.js
ERR: 非法操作:assets

[ 2018-04-21T20:12:52+08:00 ] ::1 /zws/index.php/Admin/Admin/assets/js/libs/excanvas.min.js
ERR: 非法操作:assets

[ 2018-04-21T20:12:54+08:00 ] ::1 /zws/index.php/Admin/Admin/assets/js/libs/respond.min.js
ERR: 非法操作:assets

[ 2018-04-21T20:12:54+08:00 ] ::1 /zws/index.php/admin/admin/assets/js/libs/respond.min.js
ERR: 非法操作:assets

[ 2018-04-21T20:12:54+08:00 ] ::1 /zws/index.php/admin/admin/assets/js/libs/excanvas.min.js
ERR: 非法操作:assets

[ 2018-04-21T20:12:55+08:00 ] ::1 /zws/index.php/admin/admin/assets/js/libs/excanvas.min.js
ERR: 非法操作:assets

[ 2018-04-21T20:12:57+08:00 ] ::1 /zws/index.php/admin/admin/assets/js/libs/respond.min.js
ERR: 非法操作:assets

[ 2018-04-21T20:12:57+08:00 ] ::1 /zws/index.php/admin/admin/assets/js/libs/excanvas.min.js
ERR: 非法操作:assets

[ 2018-04-21T20:12:57+08:00 ] ::1 /zws/index.php/admin/admin/assets/js/libs/respond.min.js
ERR: 非法操作:assets

[ 2018-04-21T20:12:58+08:00 ] ::1 /zws/index.php/admin/admin/assets/js/libs/excanvas.min.js
ERR: 非法操作:assets

[ 2018-04-21T20:13:01+08:00 ] ::1 /zws/index.php/admin/admin/assets/js/libs/respond.min.js
ERR: 非法操作:assets

[ 2018-04-21T20:13:01+08:00 ] ::1 /zws/index.php/admin/admin/assets/js/libs/excanvas.min.js
ERR: 非法操作:assets

[ 2018-04-21T20:13:01+08:00 ] ::1 /zws/index.php/admin/admin/assets/js/libs/respond.min.js
ERR: 非法操作:assets

[ 2018-04-21T20:13:01+08:00 ] ::1 /zws/index.php/admin/admin/assets/js/libs/excanvas.min.js
ERR: 非法操作:assets

[ 2018-04-21T20:13:03+08:00 ] ::1 /zws/index.php/admin/admin/assets/js/libs/respond.min.js
ERR: 非法操作:assets

[ 2018-04-21T20:13:06+08:00 ] ::1 /zws/index.php/admin/admin/assets/js/libs/respond.min.js
ERR: 非法操作:assets

[ 2018-04-21T20:13:06+08:00 ] ::1 /zws/index.php/admin/admin/assets/js/libs/excanvas.min.js
ERR: 非法操作:assets

[ 2018-04-21T20:13:06+08:00 ] ::1 /zws/index.php/admin/admin/assets/js/libs/excanvas.min.js
ERR: 非法操作:assets

[ 2018-04-21T20:13:09+08:00 ] ::1 /zws/index.php/admin/admin/assets/js/libs/respond.min.js
ERR: 非法操作:assets

[ 2018-04-21T20:13:11+08:00 ] ::1 /zws/index.php/admin/product/assets/js/libs/excanvas.min.js
ERR: 非法操作:assets

[ 2018-04-21T20:13:11+08:00 ] ::1 /zws/index.php/admin/product/assets/js/libs/respond.min.js
ERR: 非法操作:assets

[ 2018-04-21T20:13:11+08:00 ] ::1 /zws/index.php/admin/product/assets/js/libs/excanvas.min.js
ERR: 非法操作:assets

[ 2018-04-21T20:13:17+08:00 ] ::1 /zws/index.php/admin/product/assets/js/libs/respond.min.js
ERR: 非法操作:assets

[ 2018-04-21T20:13:17+08:00 ] ::1 /zws/index.php/admin/admin/assets/js/libs/respond.min.js
ERR: 非法操作:assets

[ 2018-04-21T20:13:17+08:00 ] ::1 /zws/index.php/admin/admin/assets/js/libs/excanvas.min.js
ERR: 非法操作:assets

[ 2018-04-21T20:13:18+08:00 ] ::1 /zws/index.php/admin/admin/assets/js/libs/excanvas.min.js
ERR: 非法操作:assets

[ 2018-04-21T20:14:21+08:00 ] ::1 /zws/index.php/admin/admin/assets/js/libs/respond.min.js
ERR: 非法操作:assets

[ 2018-04-21T20:21:16+08:00 ] ::1 /zws/index.php/admin/admin/assets/js/libs/excanvas.min.js
ERR: 非法操作:assets

[ 2018-04-21T20:21:16+08:00 ] ::1 /zws/index.php/admin/admin/assets/js/libs/respond.min.js
ERR: 非法操作:assets

[ 2018-04-21T20:21:16+08:00 ] ::1 /zws/index.php/admin/admin/assets/js/libs/excanvas.min.js
ERR: 非法操作:assets

[ 2018-04-21T20:21:20+08:00 ] ::1 /zws/index.php/admin/admin/assets/js/libs/respond.min.js
ERR: 非法操作:assets

[ 2018-04-21T20:21:20+08:00 ] ::1 /zws/index.php/admin/admin/assets/js/libs/excanvas.min.js
ERR: 非法操作:assets

[ 2018-04-21T20:21:20+08:00 ] ::1 /zws/index.php/admin/admin/assets/js/libs/respond.min.js
ERR: 非法操作:assets

[ 2018-04-21T20:21:20+08:00 ] ::1 /zws/index.php/admin/admin/assets/js/libs/excanvas.min.js
ERR: 非法操作:assets

[ 2018-04-21T20:21:24+08:00 ] ::1 /zws/index.php/admin/admin/assets/js/libs/respond.min.js
ERR: 非法操作:assets

[ 2018-04-21T20:22:39+08:00 ] ::1 /zws/index.php/admin/product/assets/js/libs/respond.min.js
ERR: 非法操作:assets

[ 2018-04-21T20:22:39+08:00 ] ::1 /zws/index.php/admin/product/assets/js/libs/excanvas.min.js
ERR: 非法操作:assets

[ 2018-04-21T20:22:39+08:00 ] ::1 /zws/index.php/admin/product/assets/js/libs/excanvas.min.js
ERR: 非法操作:assets

[ 2018-04-21T20:22:41+08:00 ] ::1 /zws/index.php/admin/product/index.html
ERR: 非法操作:index

[ 2018-04-21T20:22:41+08:00 ] ::1 /zws/index.php/admin/product/assets/js/libs/respond.min.js
ERR: 非法操作:assets

[ 2018-04-21T20:22:42+08:00 ] ::1 /zws/index.php/admin/product/assets/js/libs/excanvas.min.js
ERR: 非法操作:assets

[ 2018-04-21T20:22:42+08:00 ] ::1 /zws/index.php/admin/product/assets/js/libs/respond.min.js
ERR: 非法操作:assets

[ 2018-04-21T20:22:43+08:00 ] ::1 /zws/index.php/admin/product/assets/js/libs/excanvas.min.js
ERR: 非法操作:assets

[ 2018-04-21T20:22:45+08:00 ] ::1 /zws/index.php/admin/product/assets/js/libs/respond.min.js
ERR: 非法操作:assets

[ 2018-04-21T20:22:45+08:00 ] ::1 /zws/index.php/admin/product/assets/js/libs/excanvas.min.js
ERR: 非法操作:assets

[ 2018-04-21T20:22:45+08:00 ] ::1 /zws/index.php/admin/product/assets/js/libs/respond.min.js
ERR: 非法操作:assets

[ 2018-04-21T20:22:46+08:00 ] ::1 /zws/index.php/admin/product/assets/js/libs/excanvas.min.js
ERR: 非法操作:assets

[ 2018-04-21T20:23:26+08:00 ] ::1 /zws/index.php/admin/product/assets/js/libs/respond.min.js
ERR: 非法操作:assets

[ 2018-04-21T20:23:26+08:00 ] ::1 /zws/index.php/admin/product/assets/js/libs/excanvas.min.js
ERR: 非法操作:assets

[ 2018-04-21T20:23:26+08:00 ] ::1 /zws/index.php/admin/product/assets/js/libs/respond.min.js
ERR: 非法操作:assets

[ 2018-04-21T20:23:26+08:00 ] ::1 /zws/index.php/admin/product/assets/js/libs/excanvas.min.js
ERR: 非法操作:assets

[ 2018-04-21T20:23:57+08:00 ] ::1 /zws/index.php/admin/product/assets/js/libs/respond.min.js
ERR: 非法操作:assets

[ 2018-04-21T20:23:57+08:00 ] ::1 /zws/index.php/admin/product/assets/js/libs/respond.min.js
ERR: 非法操作:assets

[ 2018-04-21T20:23:57+08:00 ] ::1 /zws/index.php/admin/product/assets/js/libs/excanvas.min.js
ERR: 非法操作:assets

[ 2018-04-21T20:23:57+08:00 ] ::1 /zws/index.php/admin/product/assets/js/libs/excanvas.min.js
ERR: 非法操作:assets

[ 2018-04-21T20:25:00+08:00 ] ::1 /zws/index.php/admin/product/assets/js/libs/respond.min.js
ERR: 非法操作:assets

[ 2018-04-21T20:25:28+08:00 ] ::1 /zws/index.php/admin/product/assets/js/libs/excanvas.min.js
ERR: 非法操作:assets

[ 2018-04-21T20:25:28+08:00 ] ::1 /zws/index.php/admin/product/assets/js/libs/respond.min.js
ERR: 非法操作:assets

[ 2018-04-21T20:25:28+08:00 ] ::1 /zws/index.php/admin/product/assets/js/libs/excanvas.min.js
ERR: 非法操作:assets

[ 2018-04-21T20:25:36+08:00 ] ::1 /zws/index.php/admin/product/assets/js/libs/respond.min.js
ERR: 非法操作:assets

[ 2018-04-21T20:25:36+08:00 ] ::1 /zws/index.php/admin/product/assets/js/libs/excanvas.min.js
ERR: 非法操作:assets

[ 2018-04-21T20:25:36+08:00 ] ::1 /zws/index.php/admin/product/assets/js/libs/respond.min.js
ERR: 非法操作:assets

[ 2018-04-21T20:26:02+08:00 ] ::1 /zws/index.php/admin/product/assets/js/libs/respond.min.js
ERR: 非法操作:assets

[ 2018-04-21T20:26:03+08:00 ] ::1 /zws/index.php/admin/product/assets/js/libs/excanvas.min.js
ERR: 非法操作:assets

[ 2018-04-21T20:26:03+08:00 ] ::1 /zws/index.php/admin/product/assets/js/libs/respond.min.js
ERR: 非法操作:assets

[ 2018-04-21T20:26:04+08:00 ] ::1 /zws/index.php/admin/product/assets/js/libs/excanvas.min.js
ERR: 非法操作:assets

[ 2018-04-21T20:26:06+08:00 ] ::1 /zws/index.php/admin/product/assets/js/libs/respond.min.js
ERR: 非法操作:assets

[ 2018-04-21T20:26:07+08:00 ] ::1 /zws/index.php/admin/product/assets/js/libs/respond.min.js
ERR: 非法操作:assets

[ 2018-04-21T20:26:07+08:00 ] ::1 /zws/index.php/admin/product/assets/js/libs/excanvas.min.js
ERR: 非法操作:assets

[ 2018-04-21T20:26:08+08:00 ] ::1 /zws/index.php/admin/product/assets/js/libs/excanvas.min.js
ERR: 非法操作:assets

[ 2018-04-21T20:26:09+08:00 ] ::1 /zws/index.php/admin/product/assets/js/libs/respond.min.js
ERR: 非法操作:assets

[ 2018-04-21T20:26:11+08:00 ] ::1 /zws/index.php/admin/product/assets/js/libs/excanvas.min.js
ERR: 非法操作:assets

[ 2018-04-21T20:26:11+08:00 ] ::1 /zws/index.php/admin/product/assets/js/libs/respond.min.js
ERR: 非法操作:assets

[ 2018-04-21T20:26:11+08:00 ] ::1 /zws/index.php/admin/product/assets/js/libs/excanvas.min.js
ERR: 非法操作:assets

[ 2018-04-21T20:26:24+08:00 ] ::1 /zws/index.php/admin/product/assets/js/libs/respond.min.js
ERR: 非法操作:assets

[ 2018-04-21T20:26:25+08:00 ] ::1 /zws/index.php/admin/product/assets/js/libs/excanvas.min.js
ERR: 非法操作:assets

[ 2018-04-21T20:26:25+08:00 ] ::1 /zws/index.php/admin/product/assets/js/libs/respond.min.js
ERR: 非法操作:assets

[ 2018-04-21T20:26:25+08:00 ] ::1 /zws/index.php/admin/product/assets/js/libs/excanvas.min.js
ERR: 非法操作:assets

[ 2018-04-21T20:26:57+08:00 ] ::1 /zws/index.php/admin/product/assets/js/libs/respond.min.js
ERR: 非法操作:assets

[ 2018-04-21T20:26:57+08:00 ] ::1 /zws/index.php/admin/product/assets/js/libs/respond.min.js
ERR: 非法操作:assets

[ 2018-04-21T20:26:57+08:00 ] ::1 /zws/index.php/admin/product/assets/js/libs/excanvas.min.js
ERR: 非法操作:assets

[ 2018-04-21T20:26:57+08:00 ] ::1 /zws/index.php/admin/product/assets/js/libs/excanvas.min.js
ERR: 非法操作:assets

[ 2018-04-21T20:28:00+08:00 ] ::1 /zws/index.php/admin/product/assets/js/libs/respond.min.js
ERR: 非法操作:assets

[ 2018-04-21T20:28:34+08:00 ] ::1 /zws/index.php/admin/product/assets/js/libs/respond.min.js
ERR: 非法操作:assets

[ 2018-04-21T20:28:34+08:00 ] ::1 /zws/index.php/admin/product/assets/js/libs/excanvas.min.js
ERR: 非法操作:assets

[ 2018-04-21T20:28:35+08:00 ] ::1 /zws/index.php/admin/product/assets/js/libs/excanvas.min.js
ERR: 非法操作:assets

[ 2018-04-21T20:28:52+08:00 ] ::1 /zws/index.php/admin/product/assets/js/libs/respond.min.js
ERR: 非法操作:assets

[ 2018-04-21T20:28:53+08:00 ] ::1 /zws/index.php/admin/product/assets/js/libs/excanvas.min.js
ERR: 非法操作:assets

[ 2018-04-21T20:28:53+08:00 ] ::1 /zws/index.php/admin/product/assets/js/libs/respond.min.js
ERR: 非法操作:assets

[ 2018-04-21T20:28:53+08:00 ] ::1 /zws/index.php/admin/product/assets/js/libs/excanvas.min.js
ERR: 非法操作:assets

[ 2018-04-21T20:29:05+08:00 ] ::1 /zws/index.php/Admin/Product/edit_admin?id=2
ERR: 非法操作:edit_admin

[ 2018-04-21T20:29:05+08:00 ] ::1 /zws/index.php/admin/product/assets/js/libs/respond.min.js
ERR: 非法操作:assets

[ 2018-04-21T20:29:07+08:00 ] ::1 /zws/index.php/admin/product/assets/js/libs/respond.min.js
ERR: 非法操作:assets

[ 2018-04-21T20:29:07+08:00 ] ::1 /zws/index.php/admin/product/assets/js/libs/excanvas.min.js
ERR: 非法操作:assets

[ 2018-04-21T20:29:07+08:00 ] ::1 /zws/index.php/admin/product/assets/js/libs/excanvas.min.js
ERR: 非法操作:assets

[ 2018-04-21T20:29:47+08:00 ] ::1 /zws/index.php/admin/product/assets/js/libs/respond.min.js
ERR: 非法操作:assets

[ 2018-04-21T20:29:47+08:00 ] ::1 /zws/index.php/admin/product/assets/js/libs/excanvas.min.js
ERR: 非法操作:assets

[ 2018-04-21T20:29:47+08:00 ] ::1 /zws/index.php/admin/product/assets/js/libs/respond.min.js
ERR: 非法操作:assets

[ 2018-04-21T20:29:47+08:00 ] ::1 /zws/index.php/admin/product/assets/js/libs/excanvas.min.js
ERR: 非法操作:assets

[ 2018-04-21T20:29:51+08:00 ] ::1 /zws/index.php/admin/product/assets/js/libs/respond.min.js
ERR: 非法操作:assets

[ 2018-04-21T20:29:55+08:00 ] ::1 /zws/index.php/admin/product/assets/js/libs/excanvas.min.js
ERR: 非法操作:assets

[ 2018-04-21T20:29:55+08:00 ] ::1 /zws/index.php/admin/product/assets/js/libs/respond.min.js
ERR: 非法操作:assets

[ 2018-04-21T20:29:55+08:00 ] ::1 /zws/index.php/admin/product/assets/js/libs/excanvas.min.js
ERR: 非法操作:assets

[ 2018-04-21T20:30:58+08:00 ] ::1 /zws/index.php/admin/product/assets/js/libs/respond.min.js
ERR: 非法操作:assets

[ 2018-04-21T20:37:46+08:00 ] ::1 /zws/index.php/admin/user/assets/js/libs/excanvas.min.js
ERR: 非法操作:assets

[ 2018-04-21T20:37:47+08:00 ] ::1 /zws/index.php/admin/user/assets/js/libs/respond.min.js
ERR: 非法操作:assets

[ 2018-04-21T20:37:49+08:00 ] ::1 /zws/index.php/admin/user/data-tables.html
ERR: 非法操作:data-tables

[ 2018-04-21T20:37:49+08:00 ] ::1 /zws/index.php/admin/user/assets/js/libs/respond.min.js
ERR: 非法操作:assets

[ 2018-04-21T20:37:52+08:00 ] ::1 /zws/index.php/admin/user/assets/js/libs/respond.min.js
ERR: 非法操作:assets

[ 2018-04-21T20:37:52+08:00 ] ::1 /zws/index.php/admin/user/assets/js/libs/excanvas.min.js
ERR: 非法操作:assets

[ 2018-04-21T20:37:52+08:00 ] ::1 /zws/index.php/admin/user/assets/js/libs/excanvas.min.js
ERR: 非法操作:assets

[ 2018-04-21T20:38:55+08:00 ] ::1 /zws/index.php/admin/user/assets/js/libs/respond.min.js
ERR: 非法操作:assets

[ 2018-04-21T20:39:12+08:00 ] ::1 /zws/index.php/admin/user/assets/js/libs/excanvas.min.js
ERR: 非法操作:assets

[ 2018-04-21T20:39:12+08:00 ] ::1 /zws/index.php/admin/user/assets/js/libs/respond.min.js
ERR: 非法操作:assets

[ 2018-04-21T20:39:12+08:00 ] ::1 /zws/index.php/admin/user/assets/js/libs/excanvas.min.js
ERR: 非法操作:assets

[ 2018-04-21T20:39:14+08:00 ] ::1 /zws/index.php/admin/user/assets/js/libs/respond.min.js
ERR: 非法操作:assets

[ 2018-04-21T20:39:14+08:00 ] ::1 /zws/index.php/admin/user/data-tables.html
ERR: 非法操作:data-tables

[ 2018-04-21T20:39:16+08:00 ] ::1 /zws/index.php/admin/user/assets/js/libs/respond.min.js
ERR: 非法操作:assets

[ 2018-04-21T20:39:17+08:00 ] ::1 /zws/index.php/admin/user/assets/js/libs/excanvas.min.js
ERR: 非法操作:assets

[ 2018-04-21T20:39:17+08:00 ] ::1 /zws/index.php/admin/user/assets/js/libs/excanvas.min.js
ERR: 非法操作:assets

[ 2018-04-21T20:39:27+08:00 ] ::1 /zws/index.php/admin/user/data-tables.html
ERR: 非法操作:data-tables

[ 2018-04-21T20:39:27+08:00 ] ::1 /zws/index.php/admin/user/assets/js/libs/respond.min.js
ERR: 非法操作:assets

[ 2018-04-21T20:39:53+08:00 ] ::1 /zws/index.php/admin/user/data-tables.html
ERR: 非法操作:data-tables

[ 2018-04-21T20:39:55+08:00 ] ::1 /zws/index.php/admin/user/assets/js/libs/excanvas.min.js
ERR: 非法操作:assets

[ 2018-04-21T20:39:55+08:00 ] ::1 /zws/index.php/admin/user/assets/js/libs/respond.min.js
ERR: 非法操作:assets

[ 2018-04-21T20:39:55+08:00 ] ::1 /zws/index.php/admin/user/assets/js/libs/excanvas.min.js
ERR: 非法操作:assets

[ 2018-04-21T20:40:02+08:00 ] ::1 /zws/index.php/admin/user/assets/js/libs/respond.min.js
ERR: 非法操作:assets

[ 2018-04-21T20:40:03+08:00 ] ::1 /zws/index.php/admin/assets/js/libs/respond.min.js
ERR: 无法加载控制器:Assets

[ 2018-04-21T20:40:03+08:00 ] ::1 /zws/index.php/admin/assets/js/libs/excanvas.min.js
ERR: 无法加载控制器:Assets

[ 2018-04-21T20:40:03+08:00 ] ::1 /zws/index.php/admin/assets/js/libs/excanvas.min.js
ERR: 无法加载控制器:Assets

[ 2018-04-21T20:40:06+08:00 ] ::1 /zws/index.php/admin/assets/js/libs/respond.min.js
ERR: 无法加载控制器:Assets

[ 2018-04-21T20:40:06+08:00 ] ::1 /zws/index.php/admin/user/assets/js/libs/excanvas.min.js
ERR: 非法操作:assets

[ 2018-04-21T20:40:07+08:00 ] ::1 /zws/index.php/admin/user/assets/js/libs/respond.min.js
ERR: 非法操作:assets

[ 2018-04-21T20:40:07+08:00 ] ::1 /zws/index.php/admin/user/assets/js/libs/excanvas.min.js
ERR: 非法操作:assets

[ 2018-04-21T20:41:10+08:00 ] ::1 /zws/index.php/admin/user/assets/js/libs/respond.min.js
ERR: 非法操作:assets

[ 2018-04-21T20:41:14+08:00 ] ::1 /zws/index.php/admin/user/assets/js/libs/respond.min.js
ERR: 非法操作:assets

[ 2018-04-21T20:41:14+08:00 ] ::1 /zws/index.php/admin/user/assets/js/libs/excanvas.min.js
ERR: 非法操作:assets

[ 2018-04-21T20:41:14+08:00 ] ::1 /zws/index.php/admin/user/assets/js/libs/excanvas.min.js
ERR: 非法操作:assets

[ 2018-04-21T20:42:05+08:00 ] ::1 /zws/index.php/admin/user/assets/js/libs/respond.min.js
ERR: 非法操作:assets

[ 2018-04-21T20:42:05+08:00 ] ::1 /zws/index.php/admin/user/assets/js/libs/excanvas.min.js
ERR: 非法操作:assets

[ 2018-04-21T20:42:05+08:00 ] ::1 /zws/index.php/admin/user/assets/js/libs/respond.min.js
ERR: 非法操作:assets

[ 2018-04-21T20:42:06+08:00 ] ::1 /zws/index.php/admin/user/assets/js/libs/excanvas.min.js
ERR: 非法操作:assets

[ 2018-04-21T20:43:09+08:00 ] ::1 /zws/index.php/admin/user/assets/js/libs/respond.min.js
ERR: 非法操作:assets

[ 2018-04-21T20:43:21+08:00 ] ::1 /zws/index.php/admin/user/assets/js/libs/excanvas.min.js
ERR: 非法操作:assets

[ 2018-04-21T20:43:21+08:00 ] ::1 /zws/index.php/admin/user/assets/js/libs/respond.min.js
ERR: 非法操作:assets

[ 2018-04-21T20:43:22+08:00 ] ::1 /zws/index.php/admin/user/assets/js/libs/excanvas.min.js
ERR: 非法操作:assets

[ 2018-04-21T20:43:23+08:00 ] ::1 /zws/index.php/admin/user/assets/js/libs/respond.min.js
ERR: 非法操作:assets

[ 2018-04-21T20:43:24+08:00 ] ::1 /zws/index.php/admin/assets/js/libs/excanvas.min.js
ERR: 无法加载控制器:Assets

[ 2018-04-21T20:43:24+08:00 ] ::1 /zws/index.php/admin/assets/js/libs/respond.min.js
ERR: 无法加载控制器:Assets

[ 2018-04-21T20:43:24+08:00 ] ::1 /zws/index.php/admin/assets/js/libs/excanvas.min.js
ERR: 无法加载控制器:Assets

[ 2018-04-21T20:43:28+08:00 ] ::1 /zws/index.php/admin/assets/js/libs/respond.min.js
ERR: 无法加载控制器:Assets

[ 2018-04-21T20:43:29+08:00 ] ::1 /zws/index.php/admin/list/assets/js/libs/respond.min.js
ERR: 非法操作:assets

[ 2018-04-21T20:43:29+08:00 ] ::1 /zws/index.php/admin/list/assets/js/libs/excanvas.min.js
ERR: 非法操作:assets

[ 2018-04-21T20:43:29+08:00 ] ::1 /zws/index.php/admin/list/assets/js/libs/excanvas.min.js
ERR: 非法操作:assets

[ 2018-04-21T20:44:32+08:00 ] ::1 /zws/index.php/admin/list/assets/js/libs/respond.min.js
ERR: 非法操作:assets

