[ 2018-04-22T11:55:22+08:00 ] ::1 /zws/index.php/admin/assets/js/libs/excanvas.min.js
ERR: 无法加载控制器:Assets

[ 2018-04-22T11:55:22+08:00 ] ::1 /zws/index.php/admin/assets/js/libs/respond.min.js
ERR: 无法加载控制器:Assets

[ 2018-04-22T11:55:22+08:00 ] ::1 /zws/index.php/admin/assets/js/libs/excanvas.min.js
ERR: 无法加载控制器:Assets

[ 2018-04-22T11:55:33+08:00 ] ::1 /zws/index.php/admin/assets/js/libs/respond.min.js
ERR: 无法加载控制器:Assets

[ 2018-04-22T11:55:33+08:00 ] ::1 /zws/index.php/admin/assets/js/libs/excanvas.min.js
ERR: 无法加载控制器:Assets

[ 2018-04-22T11:55:33+08:00 ] ::1 /zws/index.php/admin/assets/js/libs/respond.min.js
ERR: 无法加载控制器:Assets

[ 2018-04-22T11:55:34+08:00 ] ::1 /zws/index.php/admin/assets/js/libs/excanvas.min.js
ERR: 无法加载控制器:Assets

[ 2018-04-22T11:56:36+08:00 ] ::1 /zws/index.php/admin/assets/js/libs/respond.min.js
ERR: 无法加载控制器:Assets

[ 2018-04-22T11:57:07+08:00 ] ::1 /zws/index.php/admin/assets/js/libs/respond.min.js
ERR: 无法加载控制器:Assets

[ 2018-04-22T11:57:07+08:00 ] ::1 /zws/index.php/admin/assets/js/libs/excanvas.min.js
ERR: 无法加载控制器:Assets

[ 2018-04-22T11:57:08+08:00 ] ::1 /zws/index.php/admin/assets/js/libs/excanvas.min.js
ERR: 无法加载控制器:Assets

[ 2018-04-22T11:58:10+08:00 ] ::1 /zws/index.php/admin/assets/js/libs/respond.min.js
ERR: 无法加载控制器:Assets

[ 2018-04-22T11:58:20+08:00 ] ::1 /zws/index.php/admin/assets/js/libs/excanvas.min.js
ERR: 无法加载控制器:Assets

[ 2018-04-22T11:58:20+08:00 ] ::1 /zws/index.php/admin/assets/js/libs/respond.min.js
ERR: 无法加载控制器:Assets

[ 2018-04-22T11:58:21+08:00 ] ::1 /zws/index.php/admin/assets/js/libs/excanvas.min.js
ERR: 无法加载控制器:Assets

[ 2018-04-22T11:58:23+08:00 ] ::1 /zws/index.php/admin/assets/js/libs/respond.min.js
ERR: 无法加载控制器:Assets

[ 2018-04-22T11:58:25+08:00 ] ::1 /zws/index.php/admin/admin/assets/js/libs/excanvas.min.js
ERR: 非法操作:assets

[ 2018-04-22T11:58:25+08:00 ] ::1 /zws/index.php/admin/admin/assets/js/libs/respond.min.js
ERR: 非法操作:assets

[ 2018-04-22T11:58:25+08:00 ] ::1 /zws/index.php/admin/admin/assets/js/libs/excanvas.min.js
ERR: 非法操作:assets

[ 2018-04-22T11:59:28+08:00 ] ::1 /zws/index.php/admin/admin/assets/js/libs/respond.min.js
ERR: 非法操作:assets

[ 2018-04-22T12:02:28+08:00 ] ::1 /zws/index.php/admin/admin/assets/js/libs/respond.min.js
ERR: 非法操作:assets

[ 2018-04-22T12:02:28+08:00 ] ::1 /zws/index.php/admin/admin/assets/js/libs/excanvas.min.js
ERR: 非法操作:assets

[ 2018-04-22T12:02:29+08:00 ] ::1 /zws/index.php/admin/admin/assets/js/libs/excanvas.min.js
ERR: 非法操作:assets

[ 2018-04-22T12:02:34+08:00 ] ::1 /zws/index.php/admin/admin/assets/js/libs/respond.min.js
ERR: 非法操作:assets

[ 2018-04-22T12:02:35+08:00 ] ::1 /zws/index.php/admin/assets/js/libs/excanvas.min.js
ERR: 无法加载控制器:Assets

[ 2018-04-22T12:02:35+08:00 ] ::1 /zws/index.php/admin/assets/js/libs/respond.min.js
ERR: 无法加载控制器:Assets

[ 2018-04-22T12:03:37+08:00 ] ::1 /zws/index.php/admin/assets/js/libs/respond.min.js
ERR: 无法加载控制器:Assets

[ 2018-04-22T12:03:38+08:00 ] ::1 /zws/index.php/admin/assets/js/libs/respond.min.js
ERR: 无法加载控制器:Assets

[ 2018-04-22T12:03:38+08:00 ] ::1 /zws/index.php/admin/assets/js/libs/excanvas.min.js
ERR: 无法加载控制器:Assets

[ 2018-04-22T12:03:38+08:00 ] ::1 /zws/index.php/admin/assets/js/libs/excanvas.min.js
ERR: 无法加载控制器:Assets

[ 2018-04-22T12:03:55+08:00 ] ::1 /zws/index.php/admin/assets/js/libs/respond.min.js
ERR: 无法加载控制器:Assets

[ 2018-04-22T12:03:55+08:00 ] ::1 /zws/index.php/admin/admin/assets/js/libs/excanvas.min.js
ERR: 非法操作:assets

[ 2018-04-22T12:03:55+08:00 ] ::1 /zws/index.php/admin/admin/assets/js/libs/respond.min.js
ERR: 非法操作:assets

[ 2018-04-22T12:03:56+08:00 ] ::1 /zws/index.php/admin/admin/assets/js/libs/excanvas.min.js
ERR: 非法操作:assets

[ 2018-04-22T12:03:58+08:00 ] ::1 /zws/index.php/admin/admin/assets/js/libs/respond.min.js
ERR: 非法操作:assets

[ 2018-04-22T12:03:58+08:00 ] ::1 /zws/index.php/admin/assets/js/libs/excanvas.min.js
ERR: 无法加载控制器:Assets

[ 2018-04-22T12:03:58+08:00 ] ::1 /zws/index.php/admin/assets/js/libs/respond.min.js
ERR: 无法加载控制器:Assets

[ 2018-04-22T12:03:58+08:00 ] ::1 /zws/index.php/admin/assets/js/libs/excanvas.min.js
ERR: 无法加载控制器:Assets

[ 2018-04-22T12:03:59+08:00 ] ::1 /zws/index.php/admin/assets/js/libs/respond.min.js
ERR: 无法加载控制器:Assets

[ 2018-04-22T12:03:59+08:00 ] ::1 /zws/index.php/admin/assets/js/libs/respond.min.js
ERR: 无法加载控制器:Assets

[ 2018-04-22T12:03:59+08:00 ] ::1 /zws/index.php/admin/assets/js/libs/excanvas.min.js
ERR: 无法加载控制器:Assets

[ 2018-04-22T12:04:00+08:00 ] ::1 /zws/index.php/admin/assets/js/libs/excanvas.min.js
ERR: 无法加载控制器:Assets

[ 2018-04-22T12:04:03+08:00 ] ::1 /zws/index.php/admin/assets/js/libs/respond.min.js
ERR: 无法加载控制器:Assets

[ 2018-04-22T12:04:53+08:00 ] ::1 /zws/index.php/Admin/Index/assets/js/libs/respond.min.js
ERR: 非法操作:assets

[ 2018-04-22T12:04:54+08:00 ] ::1 /zws/index.php/Admin/Index/assets/js/libs/excanvas.min.js
ERR: 非法操作:assets

[ 2018-04-22T12:05:57+08:00 ] ::1 /zws/index.php/Admin/Index/assets/js/libs/respond.min.js
ERR: 非法操作:assets

[ 2018-04-22T14:19:46+08:00 ] ::1 /zws/index.php/Admin/Index/assets/js/libs/excanvas.min.js
ERR: 非法操作:assets

[ 2018-04-22T14:19:46+08:00 ] ::1 /zws/index.php/Admin/Index/assets/js/libs/respond.min.js
ERR: 非法操作:assets

[ 2018-04-22T14:19:47+08:00 ] ::1 /zws/index.php/Admin/Index/assets/js/libs/excanvas.min.js
ERR: 非法操作:assets

[ 2018-04-22T14:20:04+08:00 ] ::1 /zws/index.php/Admin/Index/assets/js/libs/respond.min.js
ERR: 非法操作:assets

[ 2018-04-22T15:00:42+08:00 ] ::1 /zws/index.php/admin/assets/js/libs/excanvas.min.js
ERR: 无法加载控制器:Assets

[ 2018-04-22T15:00:42+08:00 ] ::1 /zws/index.php/admin/assets/js/libs/respond.min.js
ERR: 无法加载控制器:Assets

[ 2018-04-22T15:00:43+08:00 ] ::1 /zws/index.php/admin/assets/js/libs/excanvas.min.js
ERR: 无法加载控制器:Assets

[ 2018-04-22T15:00:51+08:00 ] ::1 /zws/index.php/admin/assets/js/libs/respond.min.js
ERR: 无法加载控制器:Assets

[ 2018-04-22T15:04:24+08:00 ] ::1 /zws/index.php/Admin/assets/js/libs/excanvas.min.js
ERR: 无法加载控制器:Assets

[ 2018-04-22T15:04:24+08:00 ] ::1 /zws/index.php/Admin/assets/js/libs/respond.min.js
ERR: 无法加载控制器:Assets

[ 2018-04-22T15:04:24+08:00 ] ::1 /zws/index.php/Admin/assets/js/libs/excanvas.min.js
ERR: 无法加载控制器:Assets

[ 2018-04-22T15:04:29+08:00 ] ::1 /zws/index.php/Admin/assets/js/libs/respond.min.js
ERR: 无法加载控制器:Assets

[ 2018-04-22T20:11:22+08:00 ] ::1 /zws/index.php/admin/assets/js/libs/excanvas.min.js
ERR: 无法加载控制器:Assets

[ 2018-04-22T20:11:22+08:00 ] ::1 /zws/index.php/admin/assets/js/libs/respond.min.js
ERR: 无法加载控制器:Assets

[ 2018-04-22T20:11:23+08:00 ] ::1 /zws/index.php/admin/assets/js/libs/excanvas.min.js
ERR: 无法加载控制器:Assets

[ 2018-04-22T20:11:27+08:00 ] ::1 /zws/index.php/admin/assets/js/libs/respond.min.js
ERR: 无法加载控制器:Assets

[ 2018-04-22T20:12:57+08:00 ] ::1 /zws/index.php/admin/assets/js/libs/excanvas.min.js
ERR: 无法加载控制器:Assets

[ 2018-04-22T20:12:57+08:00 ] ::1 /zws/index.php/admin/assets/js/libs/respond.min.js
ERR: 无法加载控制器:Assets

[ 2018-04-22T20:12:58+08:00 ] ::1 /zws/index.php/admin/assets/js/libs/excanvas.min.js
ERR: 无法加载控制器:Assets

[ 2018-04-22T20:14:01+08:00 ] ::1 /zws/index.php/admin/assets/js/libs/respond.min.js
ERR: 无法加载控制器:Assets

[ 2018-04-22T20:19:38+08:00 ] ::1 /zws/index.php/admin/assets/js/libs/excanvas.min.js
ERR: 无法加载控制器:Assets

[ 2018-04-22T20:19:38+08:00 ] ::1 /zws/index.php/admin/assets/js/libs/respond.min.js
ERR: 无法加载控制器:Assets

[ 2018-04-22T20:19:38+08:00 ] ::1 /zws/index.php/admin/assets/js/libs/excanvas.min.js
ERR: 无法加载控制器:Assets

[ 2018-04-22T20:19:52+08:00 ] ::1 /zws/index.php/admin/assets/js/libs/respond.min.js
ERR: 无法加载控制器:Assets

[ 2018-04-22T20:20:06+08:00 ] ::1 /zws/index.php/admin/assets/js/libs/excanvas.min.js
ERR: 无法加载控制器:Assets

[ 2018-04-22T20:20:06+08:00 ] ::1 /zws/index.php/admin/assets/js/libs/respond.min.js
ERR: 无法加载控制器:Assets

[ 2018-04-22T20:20:06+08:00 ] ::1 /zws/index.php/admin/assets/js/libs/excanvas.min.js
ERR: 无法加载控制器:Assets

[ 2018-04-22T20:20:08+08:00 ] ::1 /zws/index.php/admin/assets/js/libs/respond.min.js
ERR: 无法加载控制器:Assets

[ 2018-04-22T20:28:37+08:00 ] ::1 /zws/index.php/Admin/Index/assets/js/libs/excanvas.min.js
ERR: 非法操作:assets

[ 2018-04-22T20:28:38+08:00 ] ::1 /zws/index.php/Admin/Index/assets/js/libs/respond.min.js
ERR: 非法操作:assets

[ 2018-04-22T20:28:38+08:00 ] ::1 /zws/index.php/Admin/Index/assets/js/libs/excanvas.min.js
ERR: 非法操作:assets

[ 2018-04-22T20:28:51+08:00 ] ::1 /zws/index.php/Admin/Index/assets/js/libs/respond.min.js
ERR: 非法操作:assets

[ 2018-04-22T20:29:23+08:00 ] ::1 /zws/index.php/Admin/Index/assets/js/libs/respond.min.js
ERR: 非法操作:assets

[ 2018-04-22T20:29:23+08:00 ] ::1 /zws/index.php/Admin/Index/assets/js/libs/excanvas.min.js
ERR: 非法操作:assets

[ 2018-04-22T20:29:24+08:00 ] ::1 /zws/index.php/Admin/Index/assets/js/libs/excanvas.min.js
ERR: 非法操作:assets

[ 2018-04-22T20:30:26+08:00 ] ::1 /zws/index.php/Admin/Index/assets/js/libs/respond.min.js
ERR: 非法操作:assets

[ 2018-04-22T20:30:39+08:00 ] ::1 /zws/index.php/admin/product/assets/js/libs/respond.min.js
ERR: 非法操作:assets

[ 2018-04-22T20:30:39+08:00 ] ::1 /zws/index.php/admin/product/assets/js/libs/excanvas.min.js
ERR: 非法操作:assets

[ 2018-04-22T20:31:42+08:00 ] ::1 /zws/index.php/admin/product/assets/js/libs/respond.min.js
ERR: 非法操作:assets

[ 2018-04-22T20:32:04+08:00 ] ::1 /zws/index.php/admin/product/assets/js/libs/excanvas.min.js
ERR: 非法操作:assets

[ 2018-04-22T20:32:04+08:00 ] ::1 /zws/index.php/admin/product/assets/js/libs/respond.min.js
ERR: 非法操作:assets

[ 2018-04-22T20:32:05+08:00 ] ::1 /zws/index.php/admin/product/assets/js/libs/excanvas.min.js
ERR: 非法操作:assets

[ 2018-04-22T20:32:28+08:00 ] ::1 /zws/index.php/admin/product/index.html
ERR: 非法操作:index

[ 2018-04-22T20:32:28+08:00 ] ::1 /zws/index.php/admin/product/assets/js/libs/respond.min.js
ERR: 非法操作:assets

[ 2018-04-22T20:32:30+08:00 ] ::1 /zws/index.php/admin/product/assets/js/libs/respond.min.js
ERR: 非法操作:assets

[ 2018-04-22T20:32:30+08:00 ] ::1 /zws/index.php/admin/product/assets/js/libs/excanvas.min.js
ERR: 非法操作:assets

[ 2018-04-22T20:32:30+08:00 ] ::1 /zws/index.php/admin/product/assets/js/libs/excanvas.min.js
ERR: 非法操作:assets

[ 2018-04-22T20:32:34+08:00 ] ::1 /zws/index.php/admin/product/assets/js/libs/respond.min.js
ERR: 非法操作:assets

[ 2018-04-22T20:32:35+08:00 ] ::1 /zws/index.php/admin/user/assets/js/libs/excanvas.min.js
ERR: 非法操作:assets

[ 2018-04-22T20:32:35+08:00 ] ::1 /zws/index.php/admin/user/assets/js/libs/respond.min.js
ERR: 非法操作:assets

[ 2018-04-22T20:32:35+08:00 ] ::1 /zws/index.php/admin/user/assets/js/libs/excanvas.min.js
ERR: 非法操作:assets

[ 2018-04-22T20:32:52+08:00 ] ::1 /zws/index.php/admin/user/data-tables.html
ERR: 非法操作:data-tables

[ 2018-04-22T20:32:52+08:00 ] ::1 /zws/index.php/admin/user/assets/js/libs/respond.min.js
ERR: 非法操作:assets

[ 2018-04-22T20:32:54+08:00 ] ::1 /zws/index.php/admin/user/assets/js/libs/excanvas.min.js
ERR: 非法操作:assets

[ 2018-04-22T20:32:54+08:00 ] ::1 /zws/index.php/admin/user/assets/js/libs/respond.min.js
ERR: 非法操作:assets

[ 2018-04-22T20:32:55+08:00 ] ::1 /zws/index.php/admin/user/assets/js/libs/excanvas.min.js
ERR: 非法操作:assets

[ 2018-04-22T20:33:01+08:00 ] ::1 /zws/index.php/admin/user/assets/js/libs/respond.min.js
ERR: 非法操作:assets

[ 2018-04-22T20:33:01+08:00 ] ::1 /zws/index.php/admin/assets/js/libs/respond.min.js
ERR: 无法加载控制器:Assets

[ 2018-04-22T20:33:01+08:00 ] ::1 /zws/index.php/admin/assets/js/libs/excanvas.min.js
ERR: 无法加载控制器:Assets

[ 2018-04-22T20:33:02+08:00 ] ::1 /zws/index.php/admin/assets/js/libs/excanvas.min.js
ERR: 无法加载控制器:Assets

[ 2018-04-22T20:33:03+08:00 ] ::1 /zws/index.php/admin/assets/js/libs/respond.min.js
ERR: 无法加载控制器:Assets

[ 2018-04-22T20:33:05+08:00 ] ::1 /zws/index.php/admin/list/assets/js/libs/respond.min.js
ERR: 非法操作:assets

[ 2018-04-22T20:33:05+08:00 ] ::1 /zws/index.php/admin/list/assets/js/libs/excanvas.min.js
ERR: 非法操作:assets

[ 2018-04-22T20:33:05+08:00 ] ::1 /zws/index.php/admin/list/assets/js/libs/excanvas.min.js
ERR: 非法操作:assets

[ 2018-04-22T20:34:08+08:00 ] ::1 /zws/index.php/admin/list/assets/js/libs/respond.min.js
ERR: 非法操作:assets

[ 2018-04-22T20:38:03+08:00 ] ::1 /zws/index.php/admin/assets/js/libs/excanvas.min.js
ERR: 无法加载控制器:Assets

[ 2018-04-22T20:38:03+08:00 ] ::1 /zws/index.php/admin/assets/js/libs/respond.min.js
ERR: 无法加载控制器:Assets

[ 2018-04-22T20:38:04+08:00 ] ::1 /zws/index.php/admin/assets/js/libs/excanvas.min.js
ERR: 无法加载控制器:Assets

[ 2018-04-22T20:39:07+08:00 ] ::1 /zws/index.php/admin/assets/js/libs/respond.min.js
ERR: 无法加载控制器:Assets

